[ 2015-09-28T20:50:45+08:00 ] ::1 /Eclipse_For_PHP/ecnu_mind/index.php/custom/home/home
INFO: [ app_init ] --START--
INFO: Run Behavior\BuildLiteBehavior [ RunTime:0.000056s ]
INFO: [ app_init ] --END-- [ RunTime:0.000756s ]
INFO: [ app_begin ] --START--
INFO: Run Behavior\ReadHtmlCacheBehavior [ RunTime:0.000692s ]
INFO: [ app_begin ] --END-- [ RunTime:0.000952s ]
INFO: [ view_parse ] --START--
INFO: [ template_filter ] --START--
INFO: Run Behavior\ContentReplaceBehavior [ RunTime:0.000193s ]
INFO: [ template_filter ] --END-- [ RunTime:0.000454s ]
INFO: Run Behavior\ParseTemplateBehavior [ RunTime:0.017834s ]
INFO: [ view_parse ] --END-- [ RunTime:0.018088s ]
INFO: [ view_filter ] --START--
INFO: Run Behavior\WriteHtmlCacheBehavior [ RunTime:0.000593s ]
INFO: [ view_filter ] --END-- [ RunTime:0.000858s ]
INFO: [ app_end ] --START--
INFO: Run Behavior\ShowPageTraceBehavior [ RunTime:0.001016s ]
INFO: [ app_end ] --END-- [ RunTime:0.001260s ]

[ 2015-09-28T20:50:49+08:00 ] ::1 /Eclipse_For_PHP/ecnu_mind/index.php/Custom/Home/loadPage?action=getUserJson
INFO: [ app_init ] --START--
INFO: Run Behavior\BuildLiteBehavior [ RunTime:0.000041s ]
INFO: [ app_init ] --END-- [ RunTime:0.000654s ]
INFO: [ app_begin ] --START--
INFO: Run Behavior\ReadHtmlCacheBehavior [ RunTime:0.000577s ]
INFO: [ app_begin ] --END-- [ RunTime:0.000703s ]
SQL: SHOW COLUMNS FROM `user_custom` [ RunTime:0.0645s ]
SQL: SELECT `email`,`phone`,`address`,`name`,`department`,`academy`,`major`,`grade`,`gender`,`brief`,`student_id`,`complete_steps` FROM `user_custom` WHERE `user_id` = 2 LIMIT 1   [ RunTime:0.0004s ]

[ 2015-09-28T20:50:50+08:00 ] ::1 /Eclipse_For_PHP/ecnu_mind/index.php/custom/home/personal_main.html
INFO: [ app_init ] --START--
INFO: Run Behavior\BuildLiteBehavior [ RunTime:0.000034s ]
INFO: [ app_init ] --END-- [ RunTime:0.000460s ]
INFO: [ app_begin ] --START--
INFO: Run Behavior\ReadHtmlCacheBehavior [ RunTime:0.000444s ]
INFO: [ app_begin ] --END-- [ RunTime:0.000551s ]
INFO: [ view_parse ] --START--
INFO: [ template_filter ] --START--
INFO: Run Behavior\ContentReplaceBehavior [ RunTime:0.000081s ]
INFO: [ template_filter ] --END-- [ RunTime:0.000202s ]
INFO: Run Behavior\ParseTemplateBehavior [ RunTime:0.064071s ]
INFO: [ view_parse ] --END-- [ RunTime:0.064246s ]
INFO: [ view_filter ] --START--
INFO: Run Behavior\WriteHtmlCacheBehavior [ RunTime:0.000319s ]
INFO: [ view_filter ] --END-- [ RunTime:0.000422s ]
INFO: [ app_end ] --START--
INFO: Run Behavior\ShowPageTraceBehavior [ RunTime:0.000548s ]
INFO: [ app_end ] --END-- [ RunTime:0.000675s ]

[ 2015-09-28T20:50:50+08:00 ] ::1 /Eclipse_For_PHP/ecnu_mind/index.php/Custom/Home/loadPage?action=btn_main
INFO: [ app_init ] --START--
INFO: Run Behavior\BuildLiteBehavior [ RunTime:0.000026s ]
INFO: [ app_init ] --END-- [ RunTime:0.000386s ]
INFO: [ app_begin ] --START--
INFO: Run Behavior\ReadHtmlCacheBehavior [ RunTime:0.000402s ]
INFO: [ app_begin ] --END-- [ RunTime:0.000506s ]
NOTIC: [8] Undefined variable: initJs D:\Eclipse_For_PHP\ecnu_mind\Application\Custom\Controller\HomeController.class.php 第 137 行.

[ 2015-09-28T20:50:56+08:00 ] ::1 /Eclipse_For_PHP/ecnu_mind/index.php/custom/home/searchPeople.html
INFO: [ app_init ] --START--
INFO: Run Behavior\BuildLiteBehavior [ RunTime:0.000056s ]
INFO: [ app_init ] --END-- [ RunTime:0.000706s ]
INFO: [ app_begin ] --START--
INFO: Run Behavior\ReadHtmlCacheBehavior [ RunTime:0.000699s ]
INFO: [ app_begin ] --END-- [ RunTime:0.000916s ]
INFO: [ view_parse ] --START--
INFO: [ template_filter ] --START--
INFO: Run Behavior\ContentReplaceBehavior [ RunTime:0.000222s ]
INFO: [ template_filter ] --END-- [ RunTime:0.000410s ]
INFO: Run Behavior\ParseTemplateBehavior [ RunTime:0.038877s ]
INFO: [ view_parse ] --END-- [ RunTime:0.039089s ]
INFO: [ view_filter ] --START--
INFO: Run Behavior\WriteHtmlCacheBehavior [ RunTime:0.000398s ]
INFO: [ view_filter ] --END-- [ RunTime:0.000648s ]
INFO: [ app_end ] --START--
INFO: Run Behavior\ShowPageTraceBehavior [ RunTime:0.000967s ]
INFO: [ app_end ] --END-- [ RunTime:0.001161s ]

[ 2015-09-28T20:51:02+08:00 ] ::1 /Eclipse_For_PHP/ecnu_mind/index.php/Custom/Comp/Comp
INFO: [ app_init ] --START--
INFO: Run Behavior\BuildLiteBehavior [ RunTime:0.000031s ]
INFO: [ app_init ] --END-- [ RunTime:0.000496s ]
INFO: [ app_begin ] --START--
INFO: Run Behavior\ReadHtmlCacheBehavior [ RunTime:0.000477s ]
INFO: [ app_begin ] --END-- [ RunTime:0.000622s ]
INFO: [ view_parse ] --START--
INFO: [ template_filter ] --START--
INFO: Run Behavior\ContentReplaceBehavior [ RunTime:0.000092s ]
INFO: [ template_filter ] --END-- [ RunTime:0.000248s ]
INFO: Run Behavior\ParseTemplateBehavior [ RunTime:0.023783s ]
INFO: [ view_parse ] --END-- [ RunTime:0.023990s ]
INFO: [ view_filter ] --START--
INFO: Run Behavior\WriteHtmlCacheBehavior [ RunTime:0.000253s ]
INFO: [ view_filter ] --END-- [ RunTime:0.000378s ]
INFO: [ app_end ] --START--
INFO: Run Behavior\ShowPageTraceBehavior [ RunTime:0.000719s ]
INFO: [ app_end ] --END-- [ RunTime:0.000904s ]

[ 2015-09-28T20:51:03+08:00 ] ::1 /Eclipse_For_PHP/ecnu_mind/index.php/Custom/Comp/getCompInfo?limit=20&offset=0&sort=apply_state&order=desc
INFO: [ app_init ] --START--
INFO: Run Behavior\BuildLiteBehavior [ RunTime:0.000057s ]
INFO: [ app_init ] --END-- [ RunTime:0.000703s ]
INFO: [ app_begin ] --START--
INFO: Run Behavior\ReadHtmlCacheBehavior [ RunTime:0.000945s ]
INFO: [ app_begin ] --END-- [ RunTime:0.001185s ]
SQL: SHOW COLUMNS FROM `ecnu_mind`.`competition_info` [ RunTime:0.0471s ]
SQL: SELECT * FROM ecnu_mind.competition_info  [ RunTime:0.0373s ]

[ 2015-09-28T20:51:04+08:00 ] ::1 /Eclipse_For_PHP/ecnu_mind/index.php/Custom/Comp/myComp
INFO: [ app_init ] --START--
INFO: Run Behavior\BuildLiteBehavior [ RunTime:0.000055s ]
INFO: [ app_init ] --END-- [ RunTime:0.000703s ]
INFO: [ app_begin ] --START--
INFO: Run Behavior\ReadHtmlCacheBehavior [ RunTime:0.000450s ]
INFO: [ app_begin ] --END-- [ RunTime:0.000588s ]
INFO: [ view_parse ] --START--
INFO: [ template_filter ] --START--
INFO: Run Behavior\ContentReplaceBehavior [ RunTime:0.000200s ]
INFO: [ template_filter ] --END-- [ RunTime:0.000471s ]
INFO: Run Behavior\ParseTemplateBehavior [ RunTime:0.028596s ]
INFO: [ view_parse ] --END-- [ RunTime:0.028861s ]
INFO: [ view_filter ] --START--
INFO: Run Behavior\WriteHtmlCacheBehavior [ RunTime:0.000616s ]
INFO: [ view_filter ] --END-- [ RunTime:0.000804s ]
INFO: [ app_end ] --START--
INFO: Run Behavior\ShowPageTraceBehavior [ RunTime:0.000652s ]
INFO: [ app_end ] --END-- [ RunTime:0.000825s ]

[ 2015-09-28T20:51:05+08:00 ] ::1 /Eclipse_For_PHP/ecnu_mind/index.php/Custom/Comp/getCompItem?limit=20&offset=0&sort=apply_state&order=desc
INFO: [ app_init ] --START--
INFO: Run Behavior\BuildLiteBehavior [ RunTime:0.000051s ]
INFO: [ app_init ] --END-- [ RunTime:0.000747s ]
INFO: [ app_begin ] --START--
INFO: Run Behavior\ReadHtmlCacheBehavior [ RunTime:0.000808s ]
INFO: [ app_begin ] --END-- [ RunTime:0.001027s ]
SQL: SHOW COLUMNS FROM `ecnu_mind`.`competition_main` [ RunTime:0.0592s ]
SQL: SHOW COLUMNS FROM `ecnu_mind`.`competition_info` [ RunTime:0.0279s ]
SQL: SELECT `comp_type_id`,`comp_item_id`,`apply_date`,`comp_state` FROM ecnu_mind.competition_main WHERE `comp_participant_id` LIKE '%%'  [ RunTime:0.1565s ]
SQL: SELECT `comp_name`,`comp_template` FROM ecnu_mind.competition_info WHERE ( comp_id=1 ) LIMIT 1   [ RunTime:0.0003s ]
SQL: SHOW COLUMNS FROM `tiaozhan_info` [ RunTime:0.1385s ]
SQL: SELECT `comp_item_name` FROM `tiaozhan_info` WHERE `comp_item_id` = 2 LIMIT 1   [ RunTime:0.0376s ]
SQL: SELECT `comp_name`,`comp_template` FROM ecnu_mind.competition_info WHERE ( comp_id=1 ) LIMIT 1   [ RunTime:0.0003s ]
SQL: SELECT `comp_item_name` FROM `tiaozhan_info` WHERE `comp_item_id` = 3 LIMIT 1   [ RunTime:0.0003s ]
SQL: SELECT `comp_name`,`comp_template` FROM ecnu_mind.competition_info WHERE ( comp_id=1 ) LIMIT 1   [ RunTime:0.0002s ]
SQL: SELECT `comp_item_name` FROM `tiaozhan_info` WHERE `comp_item_id` = 4 LIMIT 1   [ RunTime:0.0002s ]
SQL: SELECT `comp_name`,`comp_template` FROM ecnu_mind.competition_info WHERE ( comp_id=1 ) LIMIT 1   [ RunTime:0.0002s ]
SQL: SELECT `comp_item_name` FROM `tiaozhan_info` WHERE `comp_item_id` = 5 LIMIT 1   [ RunTime:0.0002s ]
SQL: SELECT `comp_name`,`comp_template` FROM ecnu_mind.competition_info WHERE ( comp_id=10 ) LIMIT 1   [ RunTime:0.0002s ]
SQL: SELECT `comp_item_name` FROM `tiaozhan_info` WHERE `comp_item_id` = 6 LIMIT 1   [ RunTime:0.0002s ]
SQL: SELECT `comp_name`,`comp_template` FROM ecnu_mind.competition_info WHERE ( comp_id=9 ) LIMIT 1   [ RunTime:0.0002s ]
SQL: SELECT `comp_item_name` FROM `tiaozhan_info` WHERE `comp_item_id` = 7 LIMIT 1   [ RunTime:0.0002s ]
SQL: SELECT `comp_name`,`comp_template` FROM ecnu_mind.competition_info WHERE ( comp_id=9 ) LIMIT 1   [ RunTime:0.0002s ]
SQL: SELECT `comp_item_name` FROM `tiaozhan_info` WHERE `comp_item_id` = 8 LIMIT 1   [ RunTime:0.0002s ]

[ 2015-09-28T20:51:30+08:00 ] ::1 /Eclipse_For_PHP/ecnu_mind/index.php/custom/home/ability.html
INFO: [ app_init ] --START--
INFO: Run Behavior\BuildLiteBehavior [ RunTime:0.000031s ]
INFO: [ app_init ] --END-- [ RunTime:0.000456s ]
INFO: [ app_begin ] --START--
INFO: Run Behavior\ReadHtmlCacheBehavior [ RunTime:0.000468s ]
INFO: [ app_begin ] --END-- [ RunTime:0.000588s ]
INFO: [ view_parse ] --START--
INFO: [ template_filter ] --START--
INFO: Run Behavior\ContentReplaceBehavior [ RunTime:0.000086s ]
INFO: [ template_filter ] --END-- [ RunTime:0.000202s ]
INFO: Run Behavior\ParseTemplateBehavior [ RunTime:0.055483s ]
INFO: [ view_parse ] --END-- [ RunTime:0.055603s ]
INFO: [ view_filter ] --START--
INFO: Run Behavior\WriteHtmlCacheBehavior [ RunTime:0.000441s ]
INFO: [ view_filter ] --END-- [ RunTime:0.000544s ]
INFO: [ app_end ] --START--
INFO: Run Behavior\ShowPageTraceBehavior [ RunTime:0.000529s ]
INFO: [ app_end ] --END-- [ RunTime:0.000636s ]

[ 2015-09-28T20:51:31+08:00 ] ::1 /Eclipse_For_PHP/ecnu_mind/index.php/Custom/Ability/genDB
INFO: [ app_init ] --START--
INFO: Run Behavior\BuildLiteBehavior [ RunTime:0.000026s ]
INFO: [ app_init ] --END-- [ RunTime:0.000382s ]
INFO: [ app_begin ] --START--
INFO: Run Behavior\ReadHtmlCacheBehavior [ RunTime:0.000432s ]
INFO: [ app_begin ] --END-- [ RunTime:0.000535s ]
SQL: SHOW COLUMNS FROM `ecnu_mind`.`field` [ RunTime:0.0233s ]
SQL: SELECT `id`,`name` FROM ecnu_mind.field  [ RunTime:0.0263s ]
SQL: SHOW COLUMNS FROM `ecnu_mind`.`direction` [ RunTime:0.0139s ]
SQL: SELECT `id`,`name` FROM ecnu_mind.direction WHERE `Field_id` = 1  [ RunTime:0.0466s ]
SQL: SHOW COLUMNS FROM `ecnu_mind`.`ability` [ RunTime:0.0430s ]
SQL: SELECT `name` FROM ecnu_mind.ability WHERE `Direction_id` = 1  [ RunTime:0.0008s ]
SQL: SELECT `name` FROM ecnu_mind.ability WHERE `Direction_id` = 2  [ RunTime:0.0002s ]
SQL: SELECT `id`,`name` FROM ecnu_mind.direction WHERE `Field_id` = 2  [ RunTime:0.0002s ]
SQL: SELECT `name` FROM ecnu_mind.ability WHERE `Direction_id` = 3  [ RunTime:0.0002s ]
SQL: SELECT `name` FROM ecnu_mind.ability WHERE `Direction_id` = 4  [ RunTime:0.0002s ]
SQL: SELECT `id`,`name` FROM ecnu_mind.direction WHERE `Field_id` = 3  [ RunTime:0.0002s ]
SQL: SELECT `name` FROM ecnu_mind.ability WHERE `Direction_id` = 5  [ RunTime:0.0002s ]
SQL: SELECT `name` FROM ecnu_mind.ability WHERE `Direction_id` = 6  [ RunTime:0.0002s ]
SQL: SELECT `id`,`name` FROM ecnu_mind.direction WHERE `Field_id` = 4  [ RunTime:0.0002s ]

[ 2015-09-28T20:51:50+08:00 ] ::1 /Eclipse_For_PHP/ecnu_mind/index.php/Custom/ability/checkAbility
INFO: [ app_init ] --START--
INFO: Run Behavior\BuildLiteBehavior [ RunTime:0.000028s ]
INFO: [ app_init ] --END-- [ RunTime:0.000418s ]
INFO: [ app_begin ] --START--
INFO: Run Behavior\ReadHtmlCacheBehavior [ RunTime:0.000422s ]
INFO: [ app_begin ] --END-- [ RunTime:0.000540s ]
SQL: SHOW COLUMNS FROM `ecnu_mind`.`user_has_ability` [ RunTime:0.0196s ]
SQL: SHOW COLUMNS FROM `ecnu_mind`.`ability` [ RunTime:0.0051s ]
SQL: SELECT * FROM ecnu_mind.ability WHERE ( name='mysql' ) LIMIT 1   [ RunTime:0.0129s ]
SQL: SELECT * FROM ecnu_mind.user_has_ability WHERE `User_id` = null AND `Ability_name` = 'mysql' AND `Ability_id` = 4 LIMIT 1   [ RunTime:0.0573s ]
NOTIC: [2] Illegal offset type in isset or empty D:\Eclipse_For_PHP\ecnu_mind\ThinkPHP\Library\Think\Model.class.php 第 1007 行.
ERR: SQLSTATE[HY000]: General error: 1366 Incorrect integer value: '' for column 'User_id' at row 1

[ 2015-09-28T20:52:11+08:00 ] ::1 /Eclipse_For_PHP/ecnu_mind/index.php/Custom/ability/checkAbility
INFO: [ app_init ] --START--
INFO: Run Behavior\BuildLiteBehavior [ RunTime:0.000029s ]
INFO: [ app_init ] --END-- [ RunTime:0.000419s ]
INFO: [ app_begin ] --START--
INFO: Run Behavior\ReadHtmlCacheBehavior [ RunTime:0.000462s ]
INFO: [ app_begin ] --END-- [ RunTime:0.000577s ]
SQL: SHOW COLUMNS FROM `ecnu_mind`.`user_has_ability` [ RunTime:0.0082s ]
SQL: SHOW COLUMNS FROM `ecnu_mind`.`ability` [ RunTime:0.0057s ]
SQL: SELECT * FROM ecnu_mind.ability WHERE ( name='前台脚本语言' ) LIMIT 1   [ RunTime:0.0004s ]
SQL: SELECT * FROM ecnu_mind.user_has_ability WHERE `User_id` = null AND `Ability_name` = '前台脚本语言' AND `Ability_id` = 1 LIMIT 1   [ RunTime:0.0003s ]
NOTIC: [2] Illegal offset type in isset or empty D:\Eclipse_For_PHP\ecnu_mind\ThinkPHP\Library\Think\Model.class.php 第 1007 行.
ERR: SQLSTATE[HY000]: General error: 1366 Incorrect integer value: '' for column 'User_id' at row 1

[ 2015-09-28T20:57:53+08:00 ] ::1 /Eclipse_For_PHP/ecnu_mind/index.php/custom/home/home
INFO: [ app_init ] --START--
INFO: Run Behavior\BuildLiteBehavior [ RunTime:0.000028s ]
INFO: [ app_init ] --END-- [ RunTime:0.000418s ]
INFO: [ app_begin ] --START--
INFO: Run Behavior\ReadHtmlCacheBehavior [ RunTime:0.000405s ]
INFO: [ app_begin ] --END-- [ RunTime:0.000548s ]
INFO: [ view_parse ] --START--
INFO: [ template_filter ] --START--
INFO: Run Behavior\ContentReplaceBehavior [ RunTime:0.000141s ]
INFO: [ template_filter ] --END-- [ RunTime:0.000334s ]
INFO: Run Behavior\ParseTemplateBehavior [ RunTime:0.013737s ]
INFO: [ view_parse ] --END-- [ RunTime:0.013922s ]
INFO: [ view_filter ] --START--
INFO: Run Behavior\WriteHtmlCacheBehavior [ RunTime:0.000325s ]
INFO: [ view_filter ] --END-- [ RunTime:0.000447s ]
INFO: [ app_end ] --START--
INFO: Run Behavior\ShowPageTraceBehavior [ RunTime:0.000615s ]
INFO: [ app_end ] --END-- [ RunTime:0.000800s ]

[ 2015-09-28T20:57:53+08:00 ] ::1 /Eclipse_For_PHP/ecnu_mind/index.php/Custom/Home/loadPage?action=getUserJson
INFO: [ app_init ] --START--
INFO: Run Behavior\BuildLiteBehavior [ RunTime:0.000027s ]
INFO: [ app_init ] --END-- [ RunTime:0.000415s ]
INFO: [ app_begin ] --START--
INFO: Run Behavior\ReadHtmlCacheBehavior [ RunTime:0.000395s ]
INFO: [ app_begin ] --END-- [ RunTime:0.000501s ]
SQL: SHOW COLUMNS FROM `user_custom` [ RunTime:0.0048s ]
SQL: SELECT `email`,`phone`,`address`,`name`,`department`,`academy`,`major`,`grade`,`gender`,`brief`,`student_id`,`complete_steps` FROM `user_custom` WHERE `user_id` = 2 LIMIT 1   [ RunTime:0.0004s ]

[ 2015-09-28T20:57:54+08:00 ] ::1 /Eclipse_For_PHP/ecnu_mind/index.php/custom/home/personal_main.html
INFO: [ app_init ] --START--
INFO: Run Behavior\BuildLiteBehavior [ RunTime:0.000027s ]
INFO: [ app_init ] --END-- [ RunTime:0.000409s ]
INFO: [ app_begin ] --START--
INFO: Run Behavior\ReadHtmlCacheBehavior [ RunTime:0.000437s ]
INFO: [ app_begin ] --END-- [ RunTime:0.000552s ]
INFO: [ view_parse ] --START--
INFO: [ template_filter ] --START--
INFO: Run Behavior\ContentReplaceBehavior [ RunTime:0.000088s ]
INFO: [ template_filter ] --END-- [ RunTime:0.000226s ]
INFO: Run Behavior\ParseTemplateBehavior [ RunTime:0.012540s ]
INFO: [ view_parse ] --END-- [ RunTime:0.012714s ]
INFO: [ view_filter ] --START--
INFO: Run Behavior\WriteHtmlCacheBehavior [ RunTime:0.000256s ]
INFO: [ view_filter ] --END-- [ RunTime:0.000358s ]
INFO: [ app_end ] --START--
INFO: Run Behavior\ShowPageTraceBehavior [ RunTime:0.000527s ]
INFO: [ app_end ] --END-- [ RunTime:0.000628s ]

[ 2015-09-28T20:57:54+08:00 ] ::1 /Eclipse_For_PHP/ecnu_mind/index.php/Custom/Home/loadPage?action=btn_main
INFO: [ app_init ] --START--
INFO: Run Behavior\BuildLiteBehavior [ RunTime:0.000028s ]
INFO: [ app_init ] --END-- [ RunTime:0.000454s ]
INFO: [ app_begin ] --START--
INFO: Run Behavior\ReadHtmlCacheBehavior [ RunTime:0.000486s ]
INFO: [ app_begin ] --END-- [ RunTime:0.000605s ]
NOTIC: [8] Undefined variable: initJs D:\Eclipse_For_PHP\ecnu_mind\Application\Custom\Controller\HomeController.class.php 第 137 行.

