[ 2015-09-23T21:03:18+08:00 ] ::1 /webprj/ecnu_mind/index.php/custom/guide/guide
INFO: [ app_init ] --START--
INFO: Run Behavior\BuildLiteBehavior [ RunTime:0.000031s ]
INFO: [ app_init ] --END-- [ RunTime:0.000547s ]
INFO: [ app_begin ] --START--
INFO: Run Behavior\ReadHtmlCacheBehavior [ RunTime:0.000619s ]
INFO: [ app_begin ] --END-- [ RunTime:0.000776s ]
SQL: SHOW COLUMNS FROM `ecnu_mind`.`user_custom` [ RunTime:0.0052s ]
SQL: SELECT `email`,`phone`,`address`,`name`,`department`,`academy`,`major`,`grade`,`gender`,`student_id`,`complete_steps` FROM ecnu_mind.user_custom WHERE `user_id` = 3 LIMIT 1   [ RunTime:0.0007s ]
INFO: [ view_parse ] --START--
INFO: [ template_filter ] --START--
INFO: Run Behavior\ContentReplaceBehavior [ RunTime:0.000102s ]
INFO: [ template_filter ] --END-- [ RunTime:0.000243s ]
INFO: Run Behavior\ParseTemplateBehavior [ RunTime:0.011288s ]
INFO: [ view_parse ] --END-- [ RunTime:0.011436s ]
INFO: [ view_filter ] --START--
INFO: Run Behavior\WriteHtmlCacheBehavior [ RunTime:0.000584s ]
INFO: [ view_filter ] --END-- [ RunTime:0.000722s ]
INFO: [ app_end ] --START--
INFO: Run Behavior\ShowPageTraceBehavior [ RunTime:0.000880s ]
INFO: [ app_end ] --END-- [ RunTime:0.001026s ]

[ 2015-09-23T21:48:15+08:00 ] ::1 /webprj/ecnu_mind/index.php/custom/guide/guide
INFO: [ app_init ] --START--
INFO: Run Behavior\BuildLiteBehavior [ RunTime:0.000049s ]
INFO: [ app_init ] --END-- [ RunTime:0.000655s ]
INFO: [ app_begin ] --START--
INFO: Run Behavior\ReadHtmlCacheBehavior [ RunTime:0.000830s ]
INFO: [ app_begin ] --END-- [ RunTime:0.001084s ]
SQL: SHOW COLUMNS FROM `ecnu_mind`.`user_custom` [ RunTime:0.0048s ]
SQL: SELECT `email`,`phone`,`address`,`name`,`department`,`academy`,`major`,`grade`,`gender`,`student_id`,`complete_steps` FROM ecnu_mind.user_custom WHERE `user_id` = 3 LIMIT 1   [ RunTime:0.0011s ]

[ 2015-09-23T21:51:39+08:00 ] ::1 /webprj/ecnu_mind/index.php/custom/guide/guide
INFO: [ app_init ] --START--
INFO: Run Behavior\BuildLiteBehavior [ RunTime:0.000029s ]
INFO: [ app_init ] --END-- [ RunTime:0.000513s ]
INFO: [ app_begin ] --START--
INFO: Run Behavior\ReadHtmlCacheBehavior [ RunTime:0.000579s ]
INFO: [ app_begin ] --END-- [ RunTime:0.000716s ]
SQL: SHOW COLUMNS FROM `ecnu_mind`.`user_custom` [ RunTime:0.0040s ]
SQL: SELECT `email`,`phone`,`address`,`name`,`department`,`academy`,`major`,`grade`,`gender`,`student_id`,`complete_steps` FROM ecnu_mind.user_custom WHERE `user_id` = 3 LIMIT 1   [ RunTime:0.0004s ]
INFO: [ view_parse ] --START--
INFO: [ template_filter ] --START--
INFO: Run Behavior\ContentReplaceBehavior [ RunTime:0.000107s ]
INFO: [ template_filter ] --END-- [ RunTime:0.000247s ]
INFO: Run Behavior\ParseTemplateBehavior [ RunTime:0.012916s ]
INFO: [ view_parse ] --END-- [ RunTime:0.013062s ]
INFO: [ view_filter ] --START--
INFO: Run Behavior\WriteHtmlCacheBehavior [ RunTime:0.000598s ]
INFO: [ view_filter ] --END-- [ RunTime:0.000728s ]
INFO: [ app_end ] --START--
INFO: Run Behavior\ShowPageTraceBehavior [ RunTime:0.000785s ]
INFO: [ app_end ] --END-- [ RunTime:0.000915s ]

[ 2015-09-23T21:54:54+08:00 ] ::1 /webprj/ecnu_mind/index.php/custom/guide/guide
INFO: [ app_init ] --START--
INFO: Run Behavior\BuildLiteBehavior [ RunTime:0.000049s ]
INFO: [ app_init ] --END-- [ RunTime:0.000674s ]
INFO: [ app_begin ] --START--
INFO: Run Behavior\ReadHtmlCacheBehavior [ RunTime:0.000792s ]
INFO: [ app_begin ] --END-- [ RunTime:0.001041s ]
SQL: SHOW COLUMNS FROM `ecnu_mind`.`user_custom` [ RunTime:0.0114s ]
SQL: SELECT `email`,`phone`,`address`,`name`,`department`,`academy`,`major`,`grade`,`gender`,`student_id`,`complete_steps` FROM ecnu_mind.user_custom WHERE `user_id` = 3 LIMIT 1   [ RunTime:0.0010s ]
INFO: [ view_parse ] --START--
INFO: [ template_filter ] --START--
INFO: Run Behavior\ContentReplaceBehavior [ RunTime:0.000401s ]
INFO: [ template_filter ] --END-- [ RunTime:0.001076s ]
INFO: Run Behavior\ParseTemplateBehavior [ RunTime:0.034879s ]
INFO: [ view_parse ] --END-- [ RunTime:0.035464s ]
INFO: [ view_filter ] --START--
INFO: Run Behavior\WriteHtmlCacheBehavior [ RunTime:0.001098s ]
INFO: [ view_filter ] --END-- [ RunTime:0.001513s ]
INFO: [ app_end ] --START--
INFO: Run Behavior\ShowPageTraceBehavior [ RunTime:0.001451s ]
INFO: [ app_end ] --END-- [ RunTime:0.001879s ]

[ 2015-09-23T21:55:18+08:00 ] ::1 /webprj/ecnu_mind/index.php/custom/guide/guide
INFO: [ app_init ] --START--
INFO: Run Behavior\BuildLiteBehavior [ RunTime:0.000052s ]
INFO: [ app_init ] --END-- [ RunTime:0.000653s ]
INFO: [ app_begin ] --START--
INFO: Run Behavior\ReadHtmlCacheBehavior [ RunTime:0.000704s ]
INFO: [ app_begin ] --END-- [ RunTime:0.000934s ]
SQL: SHOW COLUMNS FROM `ecnu_mind`.`user_custom` [ RunTime:0.0044s ]
SQL: SELECT `email`,`phone`,`address`,`name`,`department`,`academy`,`major`,`grade`,`gender`,`student_id`,`complete_steps` FROM ecnu_mind.user_custom WHERE `user_id` = 3 LIMIT 1   [ RunTime:0.0004s ]
INFO: [ view_parse ] --START--
INFO: [ template_filter ] --START--
INFO: Run Behavior\ContentReplaceBehavior [ RunTime:0.000140s ]
INFO: [ template_filter ] --END-- [ RunTime:0.000379s ]
INFO: Run Behavior\ParseTemplateBehavior [ RunTime:0.012296s ]
INFO: [ view_parse ] --END-- [ RunTime:0.012555s ]
INFO: [ view_filter ] --START--
INFO: Run Behavior\WriteHtmlCacheBehavior [ RunTime:0.000728s ]
INFO: [ view_filter ] --END-- [ RunTime:0.000945s ]
INFO: [ app_end ] --START--
INFO: Run Behavior\ShowPageTraceBehavior [ RunTime:0.000924s ]
INFO: [ app_end ] --END-- [ RunTime:0.001167s ]

[ 2015-09-23T21:55:47+08:00 ] ::1 /webprj/ecnu_mind/index.php/Custom/guide/submitItem
INFO: [ app_init ] --START--
INFO: Run Behavior\BuildLiteBehavior [ RunTime:0.000097s ]
INFO: [ app_init ] --END-- [ RunTime:0.001321s ]
INFO: [ app_begin ] --START--
INFO: Run Behavior\ReadHtmlCacheBehavior [ RunTime:0.001261s ]
INFO: [ app_begin ] --END-- [ RunTime:0.001643s ]
ERR: SQLSTATE[42S02]: Base table or view not found: 1146 Table 'ecnu_mind.custom' doesn't exist

[ 2015-09-23T21:56:41+08:00 ] ::1 /webprj/ecnu_mind/index.php/custom/guide/guide
INFO: [ app_init ] --START--
INFO: Run Behavior\BuildLiteBehavior [ RunTime:0.000049s ]
INFO: [ app_init ] --END-- [ RunTime:0.000635s ]
INFO: [ app_begin ] --START--
INFO: Run Behavior\ReadHtmlCacheBehavior [ RunTime:0.000664s ]
INFO: [ app_begin ] --END-- [ RunTime:0.000898s ]
SQL: SHOW COLUMNS FROM `ecnu_mind`.`user_custom` [ RunTime:0.0038s ]
SQL: SELECT `email`,`phone`,`address`,`name`,`department`,`academy`,`major`,`grade`,`gender`,`student_id`,`complete_steps` FROM ecnu_mind.user_custom WHERE `user_id` = 3 LIMIT 1   [ RunTime:0.0004s ]
INFO: [ view_parse ] --START--
INFO: [ template_filter ] --START--
INFO: Run Behavior\ContentReplaceBehavior [ RunTime:0.000144s ]
INFO: [ template_filter ] --END-- [ RunTime:0.000376s ]
INFO: Run Behavior\ParseTemplateBehavior [ RunTime:0.013383s ]
INFO: [ view_parse ] --END-- [ RunTime:0.013620s ]
INFO: [ view_filter ] --START--
INFO: Run Behavior\WriteHtmlCacheBehavior [ RunTime:0.000763s ]
INFO: [ view_filter ] --END-- [ RunTime:0.001076s ]
INFO: [ app_end ] --START--
INFO: Run Behavior\ShowPageTraceBehavior [ RunTime:0.001034s ]
INFO: [ app_end ] --END-- [ RunTime:0.001353s ]

[ 2015-09-23T21:57:47+08:00 ] ::1 /webprj/ecnu_mind/index.php/Custom/guide/submitItem
INFO: [ app_init ] --START--
INFO: Run Behavior\BuildLiteBehavior [ RunTime:0.000095s ]
INFO: [ app_init ] --END-- [ RunTime:0.001209s ]
INFO: [ app_begin ] --START--
INFO: Run Behavior\ReadHtmlCacheBehavior [ RunTime:0.001139s ]
INFO: [ app_begin ] --END-- [ RunTime:0.001515s ]
SQL: SHOW COLUMNS FROM `user_custom` [ RunTime:0.0118s ]

[ 2015-09-23T22:00:59+08:00 ] ::1 /webprj/ecnu_mind/index.php/Custom/guide/submitItem
INFO: [ app_init ] --START--
INFO: Run Behavior\BuildLiteBehavior [ RunTime:0.000048s ]
INFO: [ app_init ] --END-- [ RunTime:0.000761s ]
INFO: [ app_begin ] --START--
INFO: Run Behavior\ReadHtmlCacheBehavior [ RunTime:0.000705s ]
INFO: [ app_begin ] --END-- [ RunTime:0.000898s ]
SQL: SHOW COLUMNS FROM `user_custom` [ RunTime:0.0160s ]
NOTIC: [8] Undefined index: email C:\Users\yt\Develop\webprj\ecnu_mind\ThinkPHP\Library\Think\Model.class.php 第 1208 行.
NOTIC: [8] Undefined index: email C:\Users\yt\Develop\webprj\ecnu_mind\ThinkPHP\Library\Think\Model.class.php 第 1208 行.
NOTIC: [8] Undefined index: phone C:\Users\yt\Develop\webprj\ecnu_mind\ThinkPHP\Library\Think\Model.class.php 第 1208 行.
NOTIC: [8] Undefined index: phone C:\Users\yt\Develop\webprj\ecnu_mind\ThinkPHP\Library\Think\Model.class.php 第 1208 行.
NOTIC: [8] Undefined index: gender C:\Users\yt\Develop\webprj\ecnu_mind\ThinkPHP\Library\Think\Model.class.php 第 1208 行.
NOTIC: [8] Undefined index: student_id C:\Users\yt\Develop\webprj\ecnu_mind\ThinkPHP\Library\Think\Model.class.php 第 1208 行.
NOTIC: [8] Undefined index: student_id C:\Users\yt\Develop\webprj\ecnu_mind\ThinkPHP\Library\Think\Model.class.php 第 1208 行.
SQL: UPDATE `user_custom` SET `name`='于天',`complete_steps`='2' WHERE ( user_id=3 ) [ RunTime:0.0057s ]

[ 2015-09-23T22:02:03+08:00 ] ::1 /webprj/ecnu_mind/index.php/Custom/guide/submitItem
INFO: [ app_init ] --START--
INFO: Run Behavior\BuildLiteBehavior [ RunTime:0.000050s ]
INFO: [ app_init ] --END-- [ RunTime:0.000784s ]
INFO: [ app_begin ] --START--
INFO: Run Behavior\ReadHtmlCacheBehavior [ RunTime:0.000807s ]
INFO: [ app_begin ] --END-- [ RunTime:0.001000s ]
SQL: SHOW COLUMNS FROM `user_custom` [ RunTime:0.0113s ]
NOTIC: [8] Undefined index: name C:\Users\yt\Develop\webprj\ecnu_mind\ThinkPHP\Library\Think\Model.class.php 第 1208 行.
NOTIC: [8] Undefined index: email C:\Users\yt\Develop\webprj\ecnu_mind\ThinkPHP\Library\Think\Model.class.php 第 1208 行.
NOTIC: [8] Undefined index: email C:\Users\yt\Develop\webprj\ecnu_mind\ThinkPHP\Library\Think\Model.class.php 第 1208 行.
NOTIC: [8] Undefined index: phone C:\Users\yt\Develop\webprj\ecnu_mind\ThinkPHP\Library\Think\Model.class.php 第 1208 行.
NOTIC: [8] Undefined index: phone C:\Users\yt\Develop\webprj\ecnu_mind\ThinkPHP\Library\Think\Model.class.php 第 1208 行.
NOTIC: [8] Undefined index: gender C:\Users\yt\Develop\webprj\ecnu_mind\ThinkPHP\Library\Think\Model.class.php 第 1208 行.
SQL: SELECT * FROM `user_custom` WHERE `student_id` = '10112110128' LIMIT 1   [ RunTime:0.0012s ]

[ 2015-09-23T22:02:08+08:00 ] ::1 /webprj/ecnu_mind/index.php/Custom/guide/submitItem
INFO: [ app_init ] --START--
INFO: Run Behavior\BuildLiteBehavior [ RunTime:0.000148s ]
INFO: [ app_init ] --END-- [ RunTime:0.001959s ]
INFO: [ app_begin ] --START--
INFO: Run Behavior\ReadHtmlCacheBehavior [ RunTime:0.001801s ]
INFO: [ app_begin ] --END-- [ RunTime:0.002368s ]
SQL: SHOW COLUMNS FROM `user_custom` [ RunTime:0.0038s ]
NOTIC: [8] Undefined index: name C:\Users\yt\Develop\webprj\ecnu_mind\ThinkPHP\Library\Think\Model.class.php 第 1208 行.
NOTIC: [8] Undefined index: email C:\Users\yt\Develop\webprj\ecnu_mind\ThinkPHP\Library\Think\Model.class.php 第 1208 行.
NOTIC: [8] Undefined index: email C:\Users\yt\Develop\webprj\ecnu_mind\ThinkPHP\Library\Think\Model.class.php 第 1208 行.
NOTIC: [8] Undefined index: phone C:\Users\yt\Develop\webprj\ecnu_mind\ThinkPHP\Library\Think\Model.class.php 第 1208 行.
NOTIC: [8] Undefined index: phone C:\Users\yt\Develop\webprj\ecnu_mind\ThinkPHP\Library\Think\Model.class.php 第 1208 行.
NOTIC: [8] Undefined index: gender C:\Users\yt\Develop\webprj\ecnu_mind\ThinkPHP\Library\Think\Model.class.php 第 1208 行.
SQL: SELECT * FROM `user_custom` WHERE `student_id` = '10112110128' LIMIT 1   [ RunTime:0.0004s ]

[ 2015-09-23T22:02:19+08:00 ] ::1 /webprj/ecnu_mind/index.php/Custom/guide/submitItem
INFO: [ app_init ] --START--
INFO: Run Behavior\BuildLiteBehavior [ RunTime:0.000049s ]
INFO: [ app_init ] --END-- [ RunTime:0.000630s ]
INFO: [ app_begin ] --START--
INFO: Run Behavior\ReadHtmlCacheBehavior [ RunTime:0.000579s ]
INFO: [ app_begin ] --END-- [ RunTime:0.000769s ]
SQL: SHOW COLUMNS FROM `user_custom` [ RunTime:0.0110s ]
NOTIC: [8] Undefined index: name C:\Users\yt\Develop\webprj\ecnu_mind\ThinkPHP\Library\Think\Model.class.php 第 1208 行.
NOTIC: [8] Undefined index: email C:\Users\yt\Develop\webprj\ecnu_mind\ThinkPHP\Library\Think\Model.class.php 第 1208 行.
NOTIC: [8] Undefined index: email C:\Users\yt\Develop\webprj\ecnu_mind\ThinkPHP\Library\Think\Model.class.php 第 1208 行.
NOTIC: [8] Undefined index: phone C:\Users\yt\Develop\webprj\ecnu_mind\ThinkPHP\Library\Think\Model.class.php 第 1208 行.
NOTIC: [8] Undefined index: phone C:\Users\yt\Develop\webprj\ecnu_mind\ThinkPHP\Library\Think\Model.class.php 第 1208 行.
NOTIC: [8] Undefined index: gender C:\Users\yt\Develop\webprj\ecnu_mind\ThinkPHP\Library\Think\Model.class.php 第 1208 行.
SQL: SELECT * FROM `user_custom` WHERE `student_id` = '10112110129' LIMIT 1   [ RunTime:0.0010s ]
SQL: UPDATE `user_custom` SET `student_id`='10112110129',`complete_steps`='3' WHERE ( user_id=3 ) [ RunTime:0.0059s ]

[ 2015-09-23T22:02:57+08:00 ] ::1 /webprj/ecnu_mind/index.php/Custom/guide/submitItem
INFO: [ app_init ] --START--
INFO: Run Behavior\BuildLiteBehavior [ RunTime:0.000074s ]
INFO: [ app_init ] --END-- [ RunTime:0.000802s ]
INFO: [ app_begin ] --START--
INFO: Run Behavior\ReadHtmlCacheBehavior [ RunTime:0.000717s ]
INFO: [ app_begin ] --END-- [ RunTime:0.000994s ]
SQL: SHOW COLUMNS FROM `user_custom` [ RunTime:0.0048s ]
NOTIC: [8] Undefined index: name C:\Users\yt\Develop\webprj\ecnu_mind\ThinkPHP\Library\Think\Model.class.php 第 1208 行.
NOTIC: [8] Undefined index: email C:\Users\yt\Develop\webprj\ecnu_mind\ThinkPHP\Library\Think\Model.class.php 第 1208 行.
NOTIC: [8] Undefined index: email C:\Users\yt\Develop\webprj\ecnu_mind\ThinkPHP\Library\Think\Model.class.php 第 1208 行.
NOTIC: [8] Undefined index: phone C:\Users\yt\Develop\webprj\ecnu_mind\ThinkPHP\Library\Think\Model.class.php 第 1208 行.
NOTIC: [8] Undefined index: phone C:\Users\yt\Develop\webprj\ecnu_mind\ThinkPHP\Library\Think\Model.class.php 第 1208 行.
NOTIC: [8] Undefined index: student_id C:\Users\yt\Develop\webprj\ecnu_mind\ThinkPHP\Library\Think\Model.class.php 第 1208 行.
NOTIC: [8] Undefined index: student_id C:\Users\yt\Develop\webprj\ecnu_mind\ThinkPHP\Library\Think\Model.class.php 第 1208 行.
SQL: UPDATE `user_custom` SET `gender`='男',`complete_steps`='4' WHERE ( user_id=3 ) [ RunTime:0.0046s ]

[ 2015-09-23T22:03:17+08:00 ] ::1 /webprj/ecnu_mind/index.php/Custom/guide/submitItem
INFO: [ app_init ] --START--
INFO: Run Behavior\BuildLiteBehavior [ RunTime:0.000047s ]
INFO: [ app_init ] --END-- [ RunTime:0.000640s ]
INFO: [ app_begin ] --START--
INFO: Run Behavior\ReadHtmlCacheBehavior [ RunTime:0.000601s ]
INFO: [ app_begin ] --END-- [ RunTime:0.000792s ]
SQL: SHOW COLUMNS FROM `user_custom` [ RunTime:0.0041s ]
NOTIC: [8] Undefined index: name C:\Users\yt\Develop\webprj\ecnu_mind\ThinkPHP\Library\Think\Model.class.php 第 1208 行.
SQL: SELECT * FROM `user_custom` WHERE `email` = 'tian_yu92@yahoo.com' LIMIT 1   [ RunTime:0.0004s ]
NOTIC: [8] Undefined index: phone C:\Users\yt\Develop\webprj\ecnu_mind\ThinkPHP\Library\Think\Model.class.php 第 1208 行.
NOTIC: [8] Undefined index: phone C:\Users\yt\Develop\webprj\ecnu_mind\ThinkPHP\Library\Think\Model.class.php 第 1208 行.
NOTIC: [8] Undefined index: gender C:\Users\yt\Develop\webprj\ecnu_mind\ThinkPHP\Library\Think\Model.class.php 第 1208 行.
NOTIC: [8] Undefined index: student_id C:\Users\yt\Develop\webprj\ecnu_mind\ThinkPHP\Library\Think\Model.class.php 第 1208 行.
NOTIC: [8] Undefined index: student_id C:\Users\yt\Develop\webprj\ecnu_mind\ThinkPHP\Library\Think\Model.class.php 第 1208 行.
SQL: UPDATE `user_custom` SET `email`='tian_yu92@yahoo.com',`complete_steps`='5' WHERE ( user_id=3 ) [ RunTime:0.0026s ]

[ 2015-09-23T22:03:20+08:00 ] ::1 /webprj/ecnu_mind/index.php/Custom/guide/submitItem
INFO: [ app_init ] --START--
INFO: Run Behavior\BuildLiteBehavior [ RunTime:0.000048s ]
INFO: [ app_init ] --END-- [ RunTime:0.000709s ]
INFO: [ app_begin ] --START--
INFO: Run Behavior\ReadHtmlCacheBehavior [ RunTime:0.000689s ]
INFO: [ app_begin ] --END-- [ RunTime:0.000881s ]
SQL: SHOW COLUMNS FROM `user_custom` [ RunTime:0.0039s ]
NOTIC: [8] Undefined index: name C:\Users\yt\Develop\webprj\ecnu_mind\ThinkPHP\Library\Think\Model.class.php 第 1208 行.
NOTIC: [8] Undefined index: email C:\Users\yt\Develop\webprj\ecnu_mind\ThinkPHP\Library\Think\Model.class.php 第 1208 行.
NOTIC: [8] Undefined index: email C:\Users\yt\Develop\webprj\ecnu_mind\ThinkPHP\Library\Think\Model.class.php 第 1208 行.
NOTIC: [8] Undefined index: phone C:\Users\yt\Develop\webprj\ecnu_mind\ThinkPHP\Library\Think\Model.class.php 第 1208 行.
NOTIC: [8] Undefined index: phone C:\Users\yt\Develop\webprj\ecnu_mind\ThinkPHP\Library\Think\Model.class.php 第 1208 行.
NOTIC: [8] Undefined index: gender C:\Users\yt\Develop\webprj\ecnu_mind\ThinkPHP\Library\Think\Model.class.php 第 1208 行.
NOTIC: [8] Undefined index: student_id C:\Users\yt\Develop\webprj\ecnu_mind\ThinkPHP\Library\Think\Model.class.php 第 1208 行.
NOTIC: [8] Undefined index: student_id C:\Users\yt\Develop\webprj\ecnu_mind\ThinkPHP\Library\Think\Model.class.php 第 1208 行.
SQL: UPDATE `user_custom` SET `address`=' 地方撒',`complete_steps`='6' WHERE ( user_id=3 ) [ RunTime:0.0045s ]

[ 2015-09-23T22:03:24+08:00 ] ::1 /webprj/ecnu_mind/index.php/Custom/guide/submitItem
INFO: [ app_init ] --START--
INFO: Run Behavior\BuildLiteBehavior [ RunTime:0.000051s ]
INFO: [ app_init ] --END-- [ RunTime:0.000726s ]
INFO: [ app_begin ] --START--
INFO: Run Behavior\ReadHtmlCacheBehavior [ RunTime:0.000754s ]
INFO: [ app_begin ] --END-- [ RunTime:0.000954s ]
SQL: SHOW COLUMNS FROM `user_custom` [ RunTime:0.0044s ]
NOTIC: [8] Undefined index: name C:\Users\yt\Develop\webprj\ecnu_mind\ThinkPHP\Library\Think\Model.class.php 第 1208 行.
NOTIC: [8] Undefined index: email C:\Users\yt\Develop\webprj\ecnu_mind\ThinkPHP\Library\Think\Model.class.php 第 1208 行.
NOTIC: [8] Undefined index: email C:\Users\yt\Develop\webprj\ecnu_mind\ThinkPHP\Library\Think\Model.class.php 第 1208 行.
SQL: SELECT * FROM `user_custom` WHERE `phone` = '18d' LIMIT 1   [ RunTime:0.0004s ]

[ 2015-09-23T22:03:31+08:00 ] ::1 /webprj/ecnu_mind/index.php/Custom/guide/submitItem
INFO: [ app_init ] --START--
INFO: Run Behavior\BuildLiteBehavior [ RunTime:0.000052s ]
INFO: [ app_init ] --END-- [ RunTime:0.000645s ]
INFO: [ app_begin ] --START--
INFO: Run Behavior\ReadHtmlCacheBehavior [ RunTime:0.000664s ]
INFO: [ app_begin ] --END-- [ RunTime:0.000856s ]
SQL: SHOW COLUMNS FROM `user_custom` [ RunTime:0.0039s ]
NOTIC: [8] Undefined index: name C:\Users\yt\Develop\webprj\ecnu_mind\ThinkPHP\Library\Think\Model.class.php 第 1208 行.
NOTIC: [8] Undefined index: email C:\Users\yt\Develop\webprj\ecnu_mind\ThinkPHP\Library\Think\Model.class.php 第 1208 行.
NOTIC: [8] Undefined index: email C:\Users\yt\Develop\webprj\ecnu_mind\ThinkPHP\Library\Think\Model.class.php 第 1208 行.
SQL: SELECT * FROM `user_custom` WHERE `phone` = '18021051036' LIMIT 1   [ RunTime:0.0003s ]

[ 2015-09-23T22:03:35+08:00 ] ::1 /webprj/ecnu_mind/index.php/Custom/guide/submitItem
INFO: [ app_init ] --START--
INFO: Run Behavior\BuildLiteBehavior [ RunTime:0.000049s ]
INFO: [ app_init ] --END-- [ RunTime:0.000635s ]
INFO: [ app_begin ] --START--
INFO: Run Behavior\ReadHtmlCacheBehavior [ RunTime:0.000804s ]
INFO: [ app_begin ] --END-- [ RunTime:0.001075s ]
SQL: SHOW COLUMNS FROM `user_custom` [ RunTime:0.0041s ]
NOTIC: [8] Undefined index: name C:\Users\yt\Develop\webprj\ecnu_mind\ThinkPHP\Library\Think\Model.class.php 第 1208 行.
NOTIC: [8] Undefined index: email C:\Users\yt\Develop\webprj\ecnu_mind\ThinkPHP\Library\Think\Model.class.php 第 1208 行.
NOTIC: [8] Undefined index: email C:\Users\yt\Develop\webprj\ecnu_mind\ThinkPHP\Library\Think\Model.class.php 第 1208 行.
SQL: SELECT * FROM `user_custom` WHERE `phone` = '18021051037' LIMIT 1   [ RunTime:0.0004s ]
NOTIC: [8] Undefined index: gender C:\Users\yt\Develop\webprj\ecnu_mind\ThinkPHP\Library\Think\Model.class.php 第 1208 行.
NOTIC: [8] Undefined index: student_id C:\Users\yt\Develop\webprj\ecnu_mind\ThinkPHP\Library\Think\Model.class.php 第 1208 行.
NOTIC: [8] Undefined index: student_id C:\Users\yt\Develop\webprj\ecnu_mind\ThinkPHP\Library\Think\Model.class.php 第 1208 行.
SQL: UPDATE `user_custom` SET `phone`='18021051037',`complete_steps`='7' WHERE ( user_id=3 ) [ RunTime:0.0066s ]

[ 2015-09-23T22:04:38+08:00 ] ::1 /webprj/ecnu_mind/index.php/Custom/guide/submitItem
INFO: [ app_init ] --START--
INFO: Run Behavior\BuildLiteBehavior [ RunTime:0.000054s ]
INFO: [ app_init ] --END-- [ RunTime:0.000687s ]
INFO: [ app_begin ] --START--
INFO: Run Behavior\ReadHtmlCacheBehavior [ RunTime:0.000668s ]
INFO: [ app_begin ] --END-- [ RunTime:0.000866s ]
SQL: SHOW COLUMNS FROM `user_custom` [ RunTime:0.0039s ]
NOTIC: [8] Undefined index: name C:\Users\yt\Develop\webprj\ecnu_mind\ThinkPHP\Library\Think\Model.class.php 第 1208 行.
NOTIC: [8] Undefined index: email C:\Users\yt\Develop\webprj\ecnu_mind\ThinkPHP\Library\Think\Model.class.php 第 1208 行.
NOTIC: [8] Undefined index: email C:\Users\yt\Develop\webprj\ecnu_mind\ThinkPHP\Library\Think\Model.class.php 第 1208 行.
NOTIC: [8] Undefined index: phone C:\Users\yt\Develop\webprj\ecnu_mind\ThinkPHP\Library\Think\Model.class.php 第 1208 行.
NOTIC: [8] Undefined index: phone C:\Users\yt\Develop\webprj\ecnu_mind\ThinkPHP\Library\Think\Model.class.php 第 1208 行.
NOTIC: [8] Undefined index: gender C:\Users\yt\Develop\webprj\ecnu_mind\ThinkPHP\Library\Think\Model.class.php 第 1208 行.
NOTIC: [8] Undefined index: student_id C:\Users\yt\Develop\webprj\ecnu_mind\ThinkPHP\Library\Think\Model.class.php 第 1208 行.
NOTIC: [8] Undefined index: student_id C:\Users\yt\Develop\webprj\ecnu_mind\ThinkPHP\Library\Think\Model.class.php 第 1208 行.

[ 2015-09-23T22:05:06+08:00 ] ::1 /webprj/ecnu_mind/index.php/Custom/guide/submitItem
INFO: [ app_init ] --START--
INFO: Run Behavior\BuildLiteBehavior [ RunTime:0.000049s ]
INFO: [ app_init ] --END-- [ RunTime:0.000708s ]
INFO: [ app_begin ] --START--
INFO: Run Behavior\ReadHtmlCacheBehavior [ RunTime:0.000658s ]
INFO: [ app_begin ] --END-- [ RunTime:0.000848s ]
SQL: SHOW COLUMNS FROM `user_custom` [ RunTime:0.0040s ]
NOTIC: [8] Undefined index: name C:\Users\yt\Develop\webprj\ecnu_mind\ThinkPHP\Library\Think\Model.class.php 第 1208 行.
NOTIC: [8] Undefined index: email C:\Users\yt\Develop\webprj\ecnu_mind\ThinkPHP\Library\Think\Model.class.php 第 1208 行.
NOTIC: [8] Undefined index: email C:\Users\yt\Develop\webprj\ecnu_mind\ThinkPHP\Library\Think\Model.class.php 第 1208 行.
NOTIC: [8] Undefined index: phone C:\Users\yt\Develop\webprj\ecnu_mind\ThinkPHP\Library\Think\Model.class.php 第 1208 行.
NOTIC: [8] Undefined index: phone C:\Users\yt\Develop\webprj\ecnu_mind\ThinkPHP\Library\Think\Model.class.php 第 1208 行.
NOTIC: [8] Undefined index: gender C:\Users\yt\Develop\webprj\ecnu_mind\ThinkPHP\Library\Think\Model.class.php 第 1208 行.
NOTIC: [8] Undefined index: student_id C:\Users\yt\Develop\webprj\ecnu_mind\ThinkPHP\Library\Think\Model.class.php 第 1208 行.
NOTIC: [8] Undefined index: student_id C:\Users\yt\Develop\webprj\ecnu_mind\ThinkPHP\Library\Think\Model.class.php 第 1208 行.

[ 2015-09-23T22:05:38+08:00 ] ::1 /webprj/ecnu_mind/index.php/Custom/guide/submitItem
INFO: [ app_init ] --START--
INFO: Run Behavior\BuildLiteBehavior [ RunTime:0.000050s ]
INFO: [ app_init ] --END-- [ RunTime:0.000719s ]
INFO: [ app_begin ] --START--
INFO: Run Behavior\ReadHtmlCacheBehavior [ RunTime:0.000717s ]
INFO: [ app_begin ] --END-- [ RunTime:0.000912s ]
SQL: SHOW COLUMNS FROM `user_custom` [ RunTime:0.0039s ]
NOTIC: [8] Undefined index: name C:\Users\yt\Develop\webprj\ecnu_mind\ThinkPHP\Library\Think\Model.class.php 第 1208 行.
NOTIC: [8] Undefined index: email C:\Users\yt\Develop\webprj\ecnu_mind\ThinkPHP\Library\Think\Model.class.php 第 1208 行.
NOTIC: [8] Undefined index: email C:\Users\yt\Develop\webprj\ecnu_mind\ThinkPHP\Library\Think\Model.class.php 第 1208 行.
NOTIC: [8] Undefined index: phone C:\Users\yt\Develop\webprj\ecnu_mind\ThinkPHP\Library\Think\Model.class.php 第 1208 行.
NOTIC: [8] Undefined index: phone C:\Users\yt\Develop\webprj\ecnu_mind\ThinkPHP\Library\Think\Model.class.php 第 1208 行.
NOTIC: [8] Undefined index: gender C:\Users\yt\Develop\webprj\ecnu_mind\ThinkPHP\Library\Think\Model.class.php 第 1208 行.
NOTIC: [8] Undefined index: student_id C:\Users\yt\Develop\webprj\ecnu_mind\ThinkPHP\Library\Think\Model.class.php 第 1208 行.
NOTIC: [8] Undefined index: student_id C:\Users\yt\Develop\webprj\ecnu_mind\ThinkPHP\Library\Think\Model.class.php 第 1208 行.

[ 2015-09-23T22:06:11+08:00 ] ::1 /webprj/ecnu_mind/index.php/Custom/guide/submitItem
INFO: [ app_init ] --START--
INFO: Run Behavior\BuildLiteBehavior [ RunTime:0.000053s ]
INFO: [ app_init ] --END-- [ RunTime:0.000648s ]
INFO: [ app_begin ] --START--
INFO: Run Behavior\ReadHtmlCacheBehavior [ RunTime:0.000594s ]
INFO: [ app_begin ] --END-- [ RunTime:0.000786s ]
SQL: SHOW COLUMNS FROM `user_custom` [ RunTime:0.0045s ]
NOTIC: [8] Undefined index: name C:\Users\yt\Develop\webprj\ecnu_mind\ThinkPHP\Library\Think\Model.class.php 第 1208 行.
NOTIC: [8] Undefined index: email C:\Users\yt\Develop\webprj\ecnu_mind\ThinkPHP\Library\Think\Model.class.php 第 1208 行.
NOTIC: [8] Undefined index: email C:\Users\yt\Develop\webprj\ecnu_mind\ThinkPHP\Library\Think\Model.class.php 第 1208 行.
NOTIC: [8] Undefined index: phone C:\Users\yt\Develop\webprj\ecnu_mind\ThinkPHP\Library\Think\Model.class.php 第 1208 行.
NOTIC: [8] Undefined index: phone C:\Users\yt\Develop\webprj\ecnu_mind\ThinkPHP\Library\Think\Model.class.php 第 1208 行.
NOTIC: [8] Undefined index: gender C:\Users\yt\Develop\webprj\ecnu_mind\ThinkPHP\Library\Think\Model.class.php 第 1208 行.
NOTIC: [8] Undefined index: student_id C:\Users\yt\Develop\webprj\ecnu_mind\ThinkPHP\Library\Think\Model.class.php 第 1208 行.
NOTIC: [8] Undefined index: student_id C:\Users\yt\Develop\webprj\ecnu_mind\ThinkPHP\Library\Think\Model.class.php 第 1208 行.
SQL: SHOW COLUMNS FROM `ecnu_mind`.`user_custom` [ RunTime:0.0113s ]
SQL: UPDATE `user_custom` SET `academy`='信息学院',`department`='通信工程系',`major`='电子信息科学与技术',`complete_steps`='10' WHERE ( user_id=3 ) [ RunTime:0.0042s ]

[ 2015-09-23T22:07:01+08:00 ] ::1 /webprj/ecnu_mind/index.php/Custom/guide/submitItem
INFO: [ app_init ] --START--
INFO: Run Behavior\BuildLiteBehavior [ RunTime:0.000049s ]
INFO: [ app_init ] --END-- [ RunTime:0.000704s ]
INFO: [ app_begin ] --START--
INFO: Run Behavior\ReadHtmlCacheBehavior [ RunTime:0.000655s ]
INFO: [ app_begin ] --END-- [ RunTime:0.000847s ]
SQL: SHOW COLUMNS FROM `user_custom` [ RunTime:0.0038s ]
NOTIC: [8] Undefined index: name C:\Users\yt\Develop\webprj\ecnu_mind\ThinkPHP\Library\Think\Model.class.php 第 1208 行.
NOTIC: [8] Undefined index: email C:\Users\yt\Develop\webprj\ecnu_mind\ThinkPHP\Library\Think\Model.class.php 第 1208 行.
NOTIC: [8] Undefined index: email C:\Users\yt\Develop\webprj\ecnu_mind\ThinkPHP\Library\Think\Model.class.php 第 1208 行.
NOTIC: [8] Undefined index: phone C:\Users\yt\Develop\webprj\ecnu_mind\ThinkPHP\Library\Think\Model.class.php 第 1208 行.
NOTIC: [8] Undefined index: phone C:\Users\yt\Develop\webprj\ecnu_mind\ThinkPHP\Library\Think\Model.class.php 第 1208 行.
NOTIC: [8] Undefined index: gender C:\Users\yt\Develop\webprj\ecnu_mind\ThinkPHP\Library\Think\Model.class.php 第 1208 行.
NOTIC: [8] Undefined index: student_id C:\Users\yt\Develop\webprj\ecnu_mind\ThinkPHP\Library\Think\Model.class.php 第 1208 行.
NOTIC: [8] Undefined index: student_id C:\Users\yt\Develop\webprj\ecnu_mind\ThinkPHP\Library\Think\Model.class.php 第 1208 行.
SQL: SHOW COLUMNS FROM `ecnu_mind`.`user_custom` [ RunTime:0.0118s ]
NOTIC: [8] Undefined index: 通信工发程系 C:\Users\yt\Develop\webprj\ecnu_mind\Application\Custom\Common\MyFunc\CheckForm.class.php 第 161 行.

[ 2015-09-23T22:07:23+08:00 ] ::1 /webprj/ecnu_mind/index.php/Custom/guide/submitItem
INFO: [ app_init ] --START--
INFO: Run Behavior\BuildLiteBehavior [ RunTime:0.000050s ]
INFO: [ app_init ] --END-- [ RunTime:0.000652s ]
INFO: [ app_begin ] --START--
INFO: Run Behavior\ReadHtmlCacheBehavior [ RunTime:0.000614s ]
INFO: [ app_begin ] --END-- [ RunTime:0.000808s ]
SQL: SHOW COLUMNS FROM `user_custom` [ RunTime:0.0040s ]
NOTIC: [8] Undefined index: name C:\Users\yt\Develop\webprj\ecnu_mind\ThinkPHP\Library\Think\Model.class.php 第 1208 行.
NOTIC: [8] Undefined index: email C:\Users\yt\Develop\webprj\ecnu_mind\ThinkPHP\Library\Think\Model.class.php 第 1208 行.
NOTIC: [8] Undefined index: email C:\Users\yt\Develop\webprj\ecnu_mind\ThinkPHP\Library\Think\Model.class.php 第 1208 行.
NOTIC: [8] Undefined index: phone C:\Users\yt\Develop\webprj\ecnu_mind\ThinkPHP\Library\Think\Model.class.php 第 1208 行.
NOTIC: [8] Undefined index: phone C:\Users\yt\Develop\webprj\ecnu_mind\ThinkPHP\Library\Think\Model.class.php 第 1208 行.
NOTIC: [8] Undefined index: gender C:\Users\yt\Develop\webprj\ecnu_mind\ThinkPHP\Library\Think\Model.class.php 第 1208 行.
NOTIC: [8] Undefined index: student_id C:\Users\yt\Develop\webprj\ecnu_mind\ThinkPHP\Library\Think\Model.class.php 第 1208 行.
NOTIC: [8] Undefined index: student_id C:\Users\yt\Develop\webprj\ecnu_mind\ThinkPHP\Library\Think\Model.class.php 第 1208 行.
SQL: SHOW COLUMNS FROM `ecnu_mind`.`user_custom` [ RunTime:0.0112s ]
SQL: UPDATE `user_custom` SET `academy`='信息学院',`department`='通信工程系',`major`='电子信息科学与技术',`complete_steps`='10' WHERE ( user_id=3 ) [ RunTime:0.0094s ]

[ 2015-09-23T22:07:27+08:00 ] ::1 /webprj/ecnu_mind/index.php/Custom/guide/submitItem
INFO: [ app_init ] --START--
INFO: Run Behavior\BuildLiteBehavior [ RunTime:0.000047s ]
INFO: [ app_init ] --END-- [ RunTime:0.000704s ]
INFO: [ app_begin ] --START--
INFO: Run Behavior\ReadHtmlCacheBehavior [ RunTime:0.000603s ]
INFO: [ app_begin ] --END-- [ RunTime:0.000799s ]
SQL: SHOW COLUMNS FROM `user_custom` [ RunTime:0.0039s ]
NOTIC: [8] Undefined index: name C:\Users\yt\Develop\webprj\ecnu_mind\ThinkPHP\Library\Think\Model.class.php 第 1208 行.
NOTIC: [8] Undefined index: email C:\Users\yt\Develop\webprj\ecnu_mind\ThinkPHP\Library\Think\Model.class.php 第 1208 行.
NOTIC: [8] Undefined index: email C:\Users\yt\Develop\webprj\ecnu_mind\ThinkPHP\Library\Think\Model.class.php 第 1208 行.
NOTIC: [8] Undefined index: phone C:\Users\yt\Develop\webprj\ecnu_mind\ThinkPHP\Library\Think\Model.class.php 第 1208 行.
NOTIC: [8] Undefined index: phone C:\Users\yt\Develop\webprj\ecnu_mind\ThinkPHP\Library\Think\Model.class.php 第 1208 行.
NOTIC: [8] Undefined index: gender C:\Users\yt\Develop\webprj\ecnu_mind\ThinkPHP\Library\Think\Model.class.php 第 1208 行.
NOTIC: [8] Undefined index: student_id C:\Users\yt\Develop\webprj\ecnu_mind\ThinkPHP\Library\Think\Model.class.php 第 1208 行.
NOTIC: [8] Undefined index: student_id C:\Users\yt\Develop\webprj\ecnu_mind\ThinkPHP\Library\Think\Model.class.php 第 1208 行.
SQL: UPDATE `user_custom` SET `grade`='大四',`complete_steps`='11' WHERE ( user_id=3 ) [ RunTime:0.0065s ]

[ 2015-09-23T22:08:01+08:00 ] ::1 /webprj/ecnu_mind/index.php/custom/home/home
INFO: [ app_init ] --START--
INFO: Run Behavior\BuildLiteBehavior [ RunTime:0.000049s ]
INFO: [ app_init ] --END-- [ RunTime:0.000707s ]
INFO: [ app_begin ] --START--
INFO: Run Behavior\ReadHtmlCacheBehavior [ RunTime:0.000648s ]
INFO: [ app_begin ] --END-- [ RunTime:0.000880s ]
INFO: [ view_parse ] --START--
INFO: [ template_filter ] --START--
INFO: Run Behavior\ContentReplaceBehavior [ RunTime:0.000166s ]
INFO: [ template_filter ] --END-- [ RunTime:0.000409s ]
INFO: Run Behavior\ParseTemplateBehavior [ RunTime:0.009535s ]
INFO: [ view_parse ] --END-- [ RunTime:0.009800s ]
INFO: [ view_filter ] --START--
INFO: Run Behavior\WriteHtmlCacheBehavior [ RunTime:0.000651s ]
INFO: [ view_filter ] --END-- [ RunTime:0.000870s ]
INFO: [ app_end ] --START--
INFO: Run Behavior\ShowPageTraceBehavior [ RunTime:0.000905s ]
INFO: [ app_end ] --END-- [ RunTime:0.001139s ]

[ 2015-09-23T22:08:01+08:00 ] ::1 /webprj/ecnu_mind/index.php/Custom/Home/loadPage?action=getUserJson
INFO: [ app_init ] --START--
INFO: Run Behavior\BuildLiteBehavior [ RunTime:0.000050s ]
INFO: [ app_init ] --END-- [ RunTime:0.000693s ]
INFO: [ app_begin ] --START--
INFO: Run Behavior\ReadHtmlCacheBehavior [ RunTime:0.000848s ]
INFO: [ app_begin ] --END-- [ RunTime:0.001061s ]
SQL: SHOW COLUMNS FROM `user_custom` [ RunTime:0.0120s ]
SQL: SELECT `email`,`phone`,`address`,`name`,`department`,`academy`,`major`,`grade`,`gender`,`brief`,`student_id`,`complete_steps` FROM `user_custom` WHERE `user_id` = 3 LIMIT 1   [ RunTime:0.0012s ]

[ 2015-09-23T22:08:01+08:00 ] ::1 /webprj/ecnu_mind/index.php/custom/home/personal_main.html
INFO: [ app_init ] --START--
INFO: Run Behavior\BuildLiteBehavior [ RunTime:0.000195s ]
INFO: [ app_init ] --END-- [ RunTime:0.002326s ]
INFO: [ app_begin ] --START--
INFO: Run Behavior\ReadHtmlCacheBehavior [ RunTime:0.001501s ]
INFO: [ app_begin ] --END-- [ RunTime:0.001946s ]
INFO: [ view_parse ] --START--
INFO: [ template_filter ] --START--
INFO: Run Behavior\ContentReplaceBehavior [ RunTime:0.000135s ]
INFO: [ template_filter ] --END-- [ RunTime:0.000364s ]
INFO: Run Behavior\ParseTemplateBehavior [ RunTime:0.009919s ]
INFO: [ view_parse ] --END-- [ RunTime:0.010210s ]
INFO: [ view_filter ] --START--
INFO: Run Behavior\WriteHtmlCacheBehavior [ RunTime:0.000777s ]
INFO: [ view_filter ] --END-- [ RunTime:0.001001s ]
INFO: [ app_end ] --START--
INFO: Run Behavior\ShowPageTraceBehavior [ RunTime:0.000840s ]
INFO: [ app_end ] --END-- [ RunTime:0.001049s ]

[ 2015-09-23T22:08:01+08:00 ] ::1 /webprj/ecnu_mind/index.php/Custom/Home/loadPage?action=btn_main
INFO: [ app_init ] --START--
INFO: Run Behavior\BuildLiteBehavior [ RunTime:0.000061s ]
INFO: [ app_init ] --END-- [ RunTime:0.000726s ]
INFO: [ app_begin ] --START--
INFO: Run Behavior\ReadHtmlCacheBehavior [ RunTime:0.000786s ]
INFO: [ app_begin ] --END-- [ RunTime:0.001010s ]
NOTIC: [8] Undefined variable: initJs C:\Users\yt\Develop\webprj\ecnu_mind\Application\Custom\Controller\HomeController.class.php 第 85 行.

