[ 2015-09-29T20:52:01+08:00 ] ::1 /Eclipse_For_PHP/ecnu_mind/index.php/custom/home/home
INFO: [ app_init ] --START--
INFO: Run Behavior\BuildLiteBehavior [ RunTime:0.000044s ]
INFO: [ app_init ] --END-- [ RunTime:0.000474s ]
INFO: [ app_begin ] --START--
INFO: Run Behavior\ReadHtmlCacheBehavior [ RunTime:0.000514s ]
INFO: [ app_begin ] --END-- [ RunTime:0.000668s ]
INFO: [ view_parse ] --START--
INFO: [ template_filter ] --START--
INFO: Run Behavior\ContentReplaceBehavior [ RunTime:0.000199s ]
INFO: [ template_filter ] --END-- [ RunTime:0.000472s ]
INFO: Run Behavior\ParseTemplateBehavior [ RunTime:0.017217s ]
INFO: [ view_parse ] --END-- [ RunTime:0.017495s ]
INFO: [ view_filter ] --START--
INFO: Run Behavior\WriteHtmlCacheBehavior [ RunTime:0.000454s ]
INFO: [ view_filter ] --END-- [ RunTime:0.000598s ]
INFO: [ app_end ] --START--
INFO: Run Behavior\ShowPageTraceBehavior [ RunTime:0.000589s ]
INFO: [ app_end ] --END-- [ RunTime:0.000724s ]

[ 2015-09-29T20:52:02+08:00 ] ::1 /Eclipse_For_PHP/ecnu_mind/index.php/Custom/Home/loadPage?action=getUserJson
INFO: [ app_init ] --START--
INFO: Run Behavior\BuildLiteBehavior [ RunTime:0.000043s ]
INFO: [ app_init ] --END-- [ RunTime:0.000587s ]
INFO: [ app_begin ] --START--
INFO: Run Behavior\ReadHtmlCacheBehavior [ RunTime:0.000648s ]
INFO: [ app_begin ] --END-- [ RunTime:0.000840s ]
SQL: SHOW COLUMNS FROM `user_custom` [ RunTime:0.0089s ]
SQL: SELECT `email`,`phone`,`address`,`name`,`department`,`academy`,`major`,`grade`,`gender`,`brief`,`student_id`,`complete_steps` FROM `user_custom` WHERE `user_id` = 2 LIMIT 1   [ RunTime:0.0003s ]

[ 2015-09-29T20:52:02+08:00 ] ::1 /Eclipse_For_PHP/ecnu_mind/index.php/custom/home/personal_main.html
INFO: [ app_init ] --START--
INFO: Run Behavior\BuildLiteBehavior [ RunTime:0.000048s ]
INFO: [ app_init ] --END-- [ RunTime:0.000687s ]
INFO: [ app_begin ] --START--
INFO: Run Behavior\ReadHtmlCacheBehavior [ RunTime:0.000871s ]
INFO: [ app_begin ] --END-- [ RunTime:0.001114s ]
INFO: [ view_parse ] --START--
INFO: [ template_filter ] --START--
INFO: Run Behavior\ContentReplaceBehavior [ RunTime:0.000079s ]
INFO: [ template_filter ] --END-- [ RunTime:0.000195s ]
INFO: Run Behavior\ParseTemplateBehavior [ RunTime:0.041690s ]
INFO: [ view_parse ] --END-- [ RunTime:0.041849s ]
INFO: [ view_filter ] --START--
INFO: Run Behavior\WriteHtmlCacheBehavior [ RunTime:0.000599s ]
INFO: [ view_filter ] --END-- [ RunTime:0.000719s ]
INFO: [ app_end ] --START--
INFO: Run Behavior\ShowPageTraceBehavior [ RunTime:0.001372s ]
INFO: [ app_end ] --END-- [ RunTime:0.001621s ]

[ 2015-09-29T20:52:02+08:00 ] ::1 /Eclipse_For_PHP/ecnu_mind/index.php/Custom/Home/loadPage?action=btn_main
INFO: [ app_init ] --START--
INFO: Run Behavior\BuildLiteBehavior [ RunTime:0.000029s ]
INFO: [ app_init ] --END-- [ RunTime:0.000429s ]
INFO: [ app_begin ] --START--
INFO: Run Behavior\ReadHtmlCacheBehavior [ RunTime:0.000433s ]
INFO: [ app_begin ] --END-- [ RunTime:0.000547s ]
NOTIC: [8] Undefined variable: initJs D:\Eclipse_For_PHP\ecnu_mind\Application\Custom\Controller\HomeController.class.php 第 137 行.

[ 2015-09-29T20:52:04+08:00 ] ::1 /Eclipse_For_PHP/ecnu_mind/index.php/custom/home/ability.html
INFO: [ app_init ] --START--
INFO: Run Behavior\BuildLiteBehavior [ RunTime:0.000055s ]
INFO: [ app_init ] --END-- [ RunTime:0.000754s ]
INFO: [ app_begin ] --START--
INFO: Run Behavior\ReadHtmlCacheBehavior [ RunTime:0.000547s ]
INFO: [ app_begin ] --END-- [ RunTime:0.000667s ]
INFO: [ view_parse ] --START--
INFO: [ template_filter ] --START--
INFO: Run Behavior\ContentReplaceBehavior [ RunTime:0.000092s ]
INFO: [ template_filter ] --END-- [ RunTime:0.000217s ]
INFO: Run Behavior\ParseTemplateBehavior [ RunTime:0.063758s ]
INFO: [ view_parse ] --END-- [ RunTime:0.063892s ]
INFO: [ view_filter ] --START--
INFO: Run Behavior\WriteHtmlCacheBehavior [ RunTime:0.000342s ]
INFO: [ view_filter ] --END-- [ RunTime:0.000438s ]
INFO: [ app_end ] --START--
INFO: Run Behavior\ShowPageTraceBehavior [ RunTime:0.000521s ]
INFO: [ app_end ] --END-- [ RunTime:0.000619s ]

[ 2015-09-29T20:52:04+08:00 ] ::1 /Eclipse_For_PHP/ecnu_mind/index.php/Custom/Ability/genDB
INFO: [ app_init ] --START--
INFO: Run Behavior\BuildLiteBehavior [ RunTime:0.000030s ]
INFO: [ app_init ] --END-- [ RunTime:0.000448s ]
INFO: [ app_begin ] --START--
INFO: Run Behavior\ReadHtmlCacheBehavior [ RunTime:0.000607s ]
INFO: [ app_begin ] --END-- [ RunTime:0.000794s ]
SQL: SHOW COLUMNS FROM `ecnu_mind`.`field` [ RunTime:0.0378s ]
SQL: SELECT `id`,`name` FROM ecnu_mind.field  [ RunTime:0.0064s ]
SQL: SHOW COLUMNS FROM `ecnu_mind`.`direction` [ RunTime:0.0077s ]
SQL: SELECT `id`,`name` FROM ecnu_mind.direction WHERE `Field_id` = 1  [ RunTime:0.0005s ]
SQL: SHOW COLUMNS FROM `ecnu_mind`.`ability` [ RunTime:0.0304s ]
SQL: SELECT `name` FROM ecnu_mind.ability WHERE `Direction_id` = 1  [ RunTime:0.0003s ]
SQL: SELECT `name` FROM ecnu_mind.ability WHERE `Direction_id` = 2  [ RunTime:0.0003s ]
SQL: SELECT `id`,`name` FROM ecnu_mind.direction WHERE `Field_id` = 2  [ RunTime:0.0003s ]
SQL: SELECT `name` FROM ecnu_mind.ability WHERE `Direction_id` = 3  [ RunTime:0.0002s ]
SQL: SELECT `name` FROM ecnu_mind.ability WHERE `Direction_id` = 4  [ RunTime:0.0002s ]
SQL: SELECT `id`,`name` FROM ecnu_mind.direction WHERE `Field_id` = 3  [ RunTime:0.0003s ]
SQL: SELECT `name` FROM ecnu_mind.ability WHERE `Direction_id` = 5  [ RunTime:0.0003s ]
SQL: SELECT `name` FROM ecnu_mind.ability WHERE `Direction_id` = 6  [ RunTime:0.0002s ]
SQL: SELECT `id`,`name` FROM ecnu_mind.direction WHERE `Field_id` = 4  [ RunTime:0.0002s ]

