[ 2015-09-29T20:51:59+08:00 ] ::1 /Eclipse_For_PHP/ecnu_mind/index.php
INFO: [ app_init ] --START--
INFO: Run Behavior\BuildLiteBehavior [ RunTime:0.000054s ]
INFO: [ app_init ] --END-- [ RunTime:0.007812s ]
INFO: [ app_begin ] --START--
INFO: Run Behavior\ReadHtmlCacheBehavior [ RunTime:0.006385s ]
INFO: [ app_begin ] --END-- [ RunTime:0.006551s ]
INFO: [ view_parse ] --START--
INFO: [ template_filter ] --START--
INFO: Run Behavior\ContentReplaceBehavior [ RunTime:0.000147s ]
INFO: [ template_filter ] --END-- [ RunTime:0.000325s ]
INFO: Run Behavior\ParseTemplateBehavior [ RunTime:0.065599s ]
INFO: [ view_parse ] --END-- [ RunTime:0.065856s ]
INFO: [ view_filter ] --START--
INFO: Run Behavior\WriteHtmlCacheBehavior [ RunTime:0.007432s ]
INFO: [ view_filter ] --END-- [ RunTime:0.007726s ]
INFO: [ app_end ] --START--
INFO: Run Behavior\ShowPageTraceBehavior [ RunTime:0.009773s ]
INFO: [ app_end ] --END-- [ RunTime:0.010048s ]

[ 2015-09-29T20:52:01+08:00 ] ::1 /Eclipse_For_PHP/ecnu_mind/index.php/Home/Index/login
INFO: [ app_init ] --START--
INFO: Run Behavior\BuildLiteBehavior [ RunTime:0.000030s ]
INFO: [ app_init ] --END-- [ RunTime:0.000458s ]
INFO: [ app_begin ] --START--
INFO: Run Behavior\ReadHtmlCacheBehavior [ RunTime:0.000491s ]
INFO: [ app_begin ] --END-- [ RunTime:0.000623s ]
SQL: SHOW COLUMNS FROM `ecnu_mind`.`user_base` [ RunTime:0.0498s ]
SQL: SELECT `password`,`user_id`,`user_access` FROM ecnu_mind.user_base WHERE `username` = 'testECNU' LIMIT 1   [ RunTime:0.0273s ]
SQL: UPDATE ecnu_mind.user_base SET `last_login_date`='2015-09-29' WHERE ( user_id=2 ) [ RunTime:0.1162s ]
SQL: SHOW COLUMNS FROM `ecnu_mind`.`user_custom` [ RunTime:0.0905s ]
SQL: SELECT `student_id`,`complete_steps` FROM ecnu_mind.user_custom WHERE `user_id` = 2 LIMIT 1   [ RunTime:0.0072s ]

[ 2015-09-29T20:52:07+08:00 ] ::1 /Eclipse_For_PHP/ecnu_mind/index.php/Home/Index/logout
INFO: [ app_init ] --START--
INFO: Run Behavior\BuildLiteBehavior [ RunTime:0.000037s ]
INFO: [ app_init ] --END-- [ RunTime:0.000730s ]
INFO: [ app_begin ] --START--
INFO: Run Behavior\ReadHtmlCacheBehavior [ RunTime:0.000472s ]
INFO: [ app_begin ] --END-- [ RunTime:0.000611s ]

[ 2015-09-29T20:52:07+08:00 ] ::1 /Eclipse_For_PHP/ecnu_mind/index.php/
INFO: [ app_init ] --START--
INFO: Run Behavior\BuildLiteBehavior [ RunTime:0.000027s ]
INFO: [ app_init ] --END-- [ RunTime:0.000414s ]
INFO: [ app_begin ] --START--
INFO: Run Behavior\ReadHtmlCacheBehavior [ RunTime:0.000400s ]
INFO: [ app_begin ] --END-- [ RunTime:0.000524s ]
INFO: [ view_parse ] --START--
INFO: [ template_filter ] --START--
INFO: Run Behavior\ContentReplaceBehavior [ RunTime:0.000175s ]
INFO: [ template_filter ] --END-- [ RunTime:0.000312s ]
INFO: Run Behavior\ParseTemplateBehavior [ RunTime:0.008096s ]
INFO: [ view_parse ] --END-- [ RunTime:0.008275s ]
INFO: [ view_filter ] --START--
INFO: Run Behavior\WriteHtmlCacheBehavior [ RunTime:0.000396s ]
INFO: [ view_filter ] --END-- [ RunTime:0.000531s ]
INFO: [ app_end ] --START--
INFO: Run Behavior\ShowPageTraceBehavior [ RunTime:0.000559s ]
INFO: [ app_end ] --END-- [ RunTime:0.000682s ]

[ 2015-09-29T20:52:14+08:00 ] ::1 /Eclipse_For_PHP/ecnu_mind/index.php/Home/Index/login
INFO: [ app_init ] --START--
INFO: Run Behavior\BuildLiteBehavior [ RunTime:0.000028s ]
INFO: [ app_init ] --END-- [ RunTime:0.000491s ]
INFO: [ app_begin ] --START--
INFO: Run Behavior\ReadHtmlCacheBehavior [ RunTime:0.000427s ]
INFO: [ app_begin ] --END-- [ RunTime:0.000533s ]
SQL: SHOW COLUMNS FROM `ecnu_mind`.`user_base` [ RunTime:0.0082s ]
SQL: SELECT `password`,`user_id`,`user_access` FROM ecnu_mind.user_base WHERE `username` = 'adminECNU' LIMIT 1   [ RunTime:0.0003s ]
SQL: UPDATE ecnu_mind.user_base SET `last_login_date`='2015-09-29' WHERE ( user_id=6 ) [ RunTime:0.1083s ]
SQL: SHOW COLUMNS FROM `ecnu_mind`.`user_admin` [ RunTime:0.0901s ]
SQL: SELECT * FROM ecnu_mind.user_admin WHERE `user_id` = 6 LIMIT 1   [ RunTime:0.0003s ]

[ 2015-09-29T21:04:37+08:00 ] ::1 /Eclipse_For_PHP/ecnu_mind/index.php
INFO: [ app_init ] --START--
INFO: Run Behavior\BuildLiteBehavior [ RunTime:0.000033s ]
INFO: [ app_init ] --END-- [ RunTime:0.000554s ]
INFO: [ app_begin ] --START--
INFO: Run Behavior\ReadHtmlCacheBehavior [ RunTime:0.000903s ]
INFO: [ app_begin ] --END-- [ RunTime:0.001186s ]
INFO: [ view_parse ] --START--
INFO: [ template_filter ] --START--
INFO: Run Behavior\ContentReplaceBehavior [ RunTime:0.000146s ]
INFO: [ template_filter ] --END-- [ RunTime:0.000303s ]
INFO: Run Behavior\ParseTemplateBehavior [ RunTime:0.018066s ]
INFO: [ view_parse ] --END-- [ RunTime:0.018308s ]
INFO: [ view_filter ] --START--
INFO: Run Behavior\WriteHtmlCacheBehavior [ RunTime:0.000615s ]
INFO: [ view_filter ] --END-- [ RunTime:0.000884s ]
INFO: [ app_end ] --START--
INFO: Run Behavior\ShowPageTraceBehavior [ RunTime:0.000907s ]
INFO: [ app_end ] --END-- [ RunTime:0.001180s ]

[ 2015-09-29T21:04:50+08:00 ] ::1 /Eclipse_For_PHP/ecnu_mind/index.php/Home/Index/login
INFO: [ app_init ] --START--
INFO: Run Behavior\BuildLiteBehavior [ RunTime:0.000029s ]
INFO: [ app_init ] --END-- [ RunTime:0.000429s ]
INFO: [ app_begin ] --START--
INFO: Run Behavior\ReadHtmlCacheBehavior [ RunTime:0.000621s ]
INFO: [ app_begin ] --END-- [ RunTime:0.000842s ]
SQL: SHOW COLUMNS FROM `ecnu_mind`.`user_base` [ RunTime:0.0115s ]
SQL: SELECT `password`,`user_id`,`user_access` FROM ecnu_mind.user_base WHERE `username` = 'adminECNU' LIMIT 1   [ RunTime:0.0003s ]
SQL: UPDATE ecnu_mind.user_base SET `last_login_date`='2015-09-29' WHERE ( user_id=6 ) [ RunTime:0.0455s ]
SQL: SHOW COLUMNS FROM `ecnu_mind`.`user_admin` [ RunTime:0.0053s ]
SQL: SELECT * FROM ecnu_mind.user_admin WHERE `user_id` = 6 LIMIT 1   [ RunTime:0.0003s ]

[ 2015-09-29T21:04:51+08:00 ] ::1 /Eclipse_For_PHP/ecnu_mind/index.php/Home/Index/login
INFO: [ app_init ] --START--
INFO: Run Behavior\BuildLiteBehavior [ RunTime:0.000029s ]
INFO: [ app_init ] --END-- [ RunTime:0.000446s ]
INFO: [ app_begin ] --START--
INFO: Run Behavior\ReadHtmlCacheBehavior [ RunTime:0.000873s ]
INFO: [ app_begin ] --END-- [ RunTime:0.001066s ]
SQL: SHOW COLUMNS FROM `ecnu_mind`.`user_base` [ RunTime:0.0040s ]
SQL: SELECT `password`,`user_id`,`user_access` FROM ecnu_mind.user_base WHERE `username` = 'adminECNU' LIMIT 1   [ RunTime:0.0003s ]
SQL: UPDATE ecnu_mind.user_base SET `last_login_date`='2015-09-29' WHERE ( user_id=6 ) [ RunTime:0.0633s ]
SQL: SHOW COLUMNS FROM `ecnu_mind`.`user_admin` [ RunTime:0.0087s ]
SQL: SELECT * FROM ecnu_mind.user_admin WHERE `user_id` = 6 LIMIT 1   [ RunTime:0.0002s ]

[ 2015-09-29T21:04:51+08:00 ] ::1 /Eclipse_For_PHP/ecnu_mind/index.php/Home/Index/login
INFO: [ app_init ] --START--
INFO: Run Behavior\BuildLiteBehavior [ RunTime:0.000048s ]
INFO: [ app_init ] --END-- [ RunTime:0.000689s ]
INFO: [ app_begin ] --START--
INFO: Run Behavior\ReadHtmlCacheBehavior [ RunTime:0.000774s ]
INFO: [ app_begin ] --END-- [ RunTime:0.000999s ]
SQL: SHOW COLUMNS FROM `ecnu_mind`.`user_base` [ RunTime:0.0077s ]
SQL: SELECT `password`,`user_id`,`user_access` FROM ecnu_mind.user_base WHERE `username` = 'adminECNU' LIMIT 1   [ RunTime:0.0004s ]
SQL: UPDATE ecnu_mind.user_base SET `last_login_date`='2015-09-29' WHERE ( user_id=6 ) [ RunTime:0.0376s ]
SQL: SHOW COLUMNS FROM `ecnu_mind`.`user_admin` [ RunTime:0.0045s ]
SQL: SELECT * FROM ecnu_mind.user_admin WHERE `user_id` = 6 LIMIT 1   [ RunTime:0.0004s ]

[ 2015-09-29T21:49:26+08:00 ] ::1 /Eclipse_For_PHP/ecnu_mind/index.php/
INFO: [ app_init ] --START--
INFO: Run Behavior\BuildLiteBehavior [ RunTime:0.000028s ]
INFO: [ app_init ] --END-- [ RunTime:0.000416s ]
INFO: [ app_begin ] --START--
INFO: Run Behavior\ReadHtmlCacheBehavior [ RunTime:0.000450s ]
INFO: [ app_begin ] --END-- [ RunTime:0.000584s ]
INFO: [ view_parse ] --START--
INFO: [ template_filter ] --START--
INFO: Run Behavior\ContentReplaceBehavior [ RunTime:0.000133s ]
INFO: [ template_filter ] --END-- [ RunTime:0.000267s ]
INFO: Run Behavior\ParseTemplateBehavior [ RunTime:0.028664s ]
INFO: [ view_parse ] --END-- [ RunTime:0.028818s ]
INFO: [ view_filter ] --START--
INFO: Run Behavior\WriteHtmlCacheBehavior [ RunTime:0.000341s ]
INFO: [ view_filter ] --END-- [ RunTime:0.000458s ]
INFO: [ app_end ] --START--
INFO: Run Behavior\ShowPageTraceBehavior [ RunTime:0.000514s ]
INFO: [ app_end ] --END-- [ RunTime:0.000636s ]

[ 2015-09-29T21:49:39+08:00 ] ::1 /Eclipse_For_PHP/ecnu_mind/index.php/Home/Index/login
INFO: [ app_init ] --START--
INFO: Run Behavior\BuildLiteBehavior [ RunTime:0.000053s ]
INFO: [ app_init ] --END-- [ RunTime:0.001120s ]
INFO: [ app_begin ] --START--
INFO: Run Behavior\ReadHtmlCacheBehavior [ RunTime:0.001512s ]
INFO: [ app_begin ] --END-- [ RunTime:0.001793s ]
SQL: SHOW COLUMNS FROM `ecnu_mind`.`user_base` [ RunTime:0.0105s ]
SQL: SELECT `password`,`user_id`,`user_access` FROM ecnu_mind.user_base WHERE `username` = 'adminECNU' LIMIT 1   [ RunTime:0.0003s ]
SQL: UPDATE ecnu_mind.user_base SET `last_login_date`='2015-09-29' WHERE ( user_id=6 ) [ RunTime:0.0464s ]
SQL: SHOW COLUMNS FROM `ecnu_mind`.`user_admin` [ RunTime:0.0094s ]
SQL: SELECT * FROM ecnu_mind.user_admin WHERE `user_id` = 6 LIMIT 1   [ RunTime:0.0003s ]

