[ 2015-09-23T21:03:09+08:00 ] ::1 /webprj/ecnu_mind/index.php
INFO: [ app_init ] --START--
INFO: Run Behavior\BuildLiteBehavior [ RunTime:0.000094s ]
INFO: [ app_init ] --END-- [ RunTime:0.002220s ]
INFO: [ app_begin ] --START--
INFO: Run Behavior\ReadHtmlCacheBehavior [ RunTime:0.002541s ]
INFO: [ app_begin ] --END-- [ RunTime:0.003005s ]
INFO: [ view_parse ] --START--
INFO: [ template_filter ] --START--
INFO: Run Behavior\ContentReplaceBehavior [ RunTime:0.000409s ]
INFO: [ template_filter ] --END-- [ RunTime:0.000820s ]
INFO: Run Behavior\ParseTemplateBehavior [ RunTime:0.024368s ]
INFO: [ view_parse ] --END-- [ RunTime:0.024814s ]
INFO: [ view_filter ] --START--
INFO: Run Behavior\WriteHtmlCacheBehavior [ RunTime:0.001881s ]
INFO: [ view_filter ] --END-- [ RunTime:0.002264s ]
INFO: [ app_end ] --START--
INFO: Run Behavior\ShowPageTraceBehavior [ RunTime:0.002502s ]
INFO: [ app_end ] --END-- [ RunTime:0.002890s ]

[ 2015-09-23T21:03:14+08:00 ] ::1 /webprj/ecnu_mind/index.php/Home/Index/login
INFO: [ app_init ] --START--
INFO: Run Behavior\BuildLiteBehavior [ RunTime:0.000060s ]
INFO: [ app_init ] --END-- [ RunTime:0.001124s ]
INFO: [ app_begin ] --START--
INFO: Run Behavior\ReadHtmlCacheBehavior [ RunTime:0.001376s ]
INFO: [ app_begin ] --END-- [ RunTime:0.001623s ]
SQL: SHOW COLUMNS FROM `ecnu_mind`.`user_base` [ RunTime:0.0083s ]
NOTIC: [8] A session had already been started - ignoring session_start() C:\Users\yt\Develop\webprj\ecnu_mind\Application\Home\Controller\IndexController.class.php 第 68 行.
SQL: SELECT `password`,`user_id`,`user_access` FROM ecnu_mind.user_base WHERE `username` = 'phphhp' LIMIT 1   [ RunTime:0.0007s ]

[ 2015-09-23T21:03:18+08:00 ] ::1 /webprj/ecnu_mind/index.php/Home/Index/registerCustom
INFO: [ app_init ] --START--
INFO: Run Behavior\BuildLiteBehavior [ RunTime:0.000030s ]
INFO: [ app_init ] --END-- [ RunTime:0.000517s ]
INFO: [ app_begin ] --START--
INFO: Run Behavior\ReadHtmlCacheBehavior [ RunTime:0.000564s ]
INFO: [ app_begin ] --END-- [ RunTime:0.000680s ]
SQL: SHOW COLUMNS FROM `user_base` [ RunTime:0.0040s ]
SQL: SELECT * FROM `user_base` WHERE `username` = 'phphhp' LIMIT 1   [ RunTime:0.0004s ]
SQL: INSERT INTO `user_base` (`username`,`password`,`register_date`) VALUES ('phphhp','64528858aa8a3ba872964006190f7696','2015-09-23') [ RunTime:0.0038s ]
SQL: SHOW COLUMNS FROM `ecnu_mind`.`user_custom` [ RunTime:0.0047s ]
SQL: INSERT INTO ecnu_mind.user_custom (`user_id`) VALUES ('3') [ RunTime:0.0025s ]

[ 2015-09-23T21:11:42+08:00 ] ::1 /webprj/ecnu_mind/index.php/Home/Index/login
INFO: [ app_init ] --START--
INFO: Run Behavior\BuildLiteBehavior [ RunTime:0.000112s ]
INFO: [ app_init ] --END-- [ RunTime:0.001797s ]
INFO: [ app_begin ] --START--
INFO: Run Behavior\ReadHtmlCacheBehavior [ RunTime:0.001504s ]
INFO: [ app_begin ] --END-- [ RunTime:0.001778s ]
SQL: SHOW COLUMNS FROM `ecnu_mind`.`user_base` [ RunTime:0.0078s ]
NOTIC: [8] A session had already been started - ignoring session_start() C:\Users\yt\Develop\webprj\ecnu_mind\Application\Home\Controller\IndexController.class.php 第 68 行.
SQL: SELECT `password`,`user_id`,`user_access` FROM ecnu_mind.user_base WHERE `username` = 'phphhp' LIMIT 1   [ RunTime:0.0011s ]

[ 2015-09-23T21:13:41+08:00 ] ::1 /webprj/ecnu_mind/index.php/Home/Index/login
INFO: [ app_init ] --START--
INFO: Run Behavior\BuildLiteBehavior [ RunTime:0.000043s ]
INFO: [ app_init ] --END-- [ RunTime:0.000769s ]
INFO: [ app_begin ] --START--
INFO: Run Behavior\ReadHtmlCacheBehavior [ RunTime:0.000933s ]
INFO: [ app_begin ] --END-- [ RunTime:0.001151s ]
SQL: SHOW COLUMNS FROM `ecnu_mind`.`user_base` [ RunTime:0.0061s ]
NOTIC: [8] A session had already been started - ignoring session_start() C:\Users\yt\Develop\webprj\ecnu_mind\Application\Home\Controller\IndexController.class.php 第 68 行.
SQL: SELECT `password`,`user_id`,`user_access` FROM ecnu_mind.user_base WHERE `username` = 'phphhp' LIMIT 1   [ RunTime:0.0007s ]

[ 2015-09-23T21:14:11+08:00 ] ::1 /webprj/ecnu_mind/index.php/Home/index/index
INFO: [ app_init ] --START--
INFO: Run Behavior\BuildLiteBehavior [ RunTime:0.000030s ]
INFO: [ app_init ] --END-- [ RunTime:0.000624s ]
INFO: [ app_begin ] --START--
INFO: Run Behavior\ReadHtmlCacheBehavior [ RunTime:0.000742s ]
INFO: [ app_begin ] --END-- [ RunTime:0.000880s ]
INFO: [ view_parse ] --START--
INFO: [ template_filter ] --START--
INFO: Run Behavior\ContentReplaceBehavior [ RunTime:0.000137s ]
INFO: [ template_filter ] --END-- [ RunTime:0.000291s ]
INFO: Run Behavior\ParseTemplateBehavior [ RunTime:0.008723s ]
INFO: [ view_parse ] --END-- [ RunTime:0.008900s ]
INFO: [ view_filter ] --START--
INFO: Run Behavior\WriteHtmlCacheBehavior [ RunTime:0.000644s ]
INFO: [ view_filter ] --END-- [ RunTime:0.000775s ]
INFO: [ app_end ] --START--
INFO: Run Behavior\ShowPageTraceBehavior [ RunTime:0.000782s ]
INFO: [ app_end ] --END-- [ RunTime:0.000913s ]

[ 2015-09-23T21:14:16+08:00 ] ::1 /webprj/ecnu_mind/index.php
INFO: [ app_init ] --START--
INFO: Run Behavior\BuildLiteBehavior [ RunTime:0.000030s ]
INFO: [ app_init ] --END-- [ RunTime:0.000629s ]
INFO: [ app_begin ] --START--
INFO: Run Behavior\ReadHtmlCacheBehavior [ RunTime:0.000832s ]
INFO: [ app_begin ] --END-- [ RunTime:0.000981s ]
INFO: [ view_parse ] --START--
INFO: [ template_filter ] --START--
INFO: Run Behavior\ContentReplaceBehavior [ RunTime:0.000133s ]
INFO: [ template_filter ] --END-- [ RunTime:0.000272s ]
INFO: Run Behavior\ParseTemplateBehavior [ RunTime:0.008555s ]
INFO: [ view_parse ] --END-- [ RunTime:0.008704s ]
INFO: [ view_filter ] --START--
INFO: Run Behavior\WriteHtmlCacheBehavior [ RunTime:0.000587s ]
INFO: [ view_filter ] --END-- [ RunTime:0.000714s ]
INFO: [ app_end ] --START--
INFO: Run Behavior\ShowPageTraceBehavior [ RunTime:0.000814s ]
INFO: [ app_end ] --END-- [ RunTime:0.000949s ]

[ 2015-09-23T21:20:45+08:00 ] ::1 /webprj/ecnu_mind/index.php?XDEBUG_SESSION_START=ECLIPSE_DBGP&KEY=14430144449481
INFO: [ app_init ] --START--
INFO: Run Behavior\BuildLiteBehavior [ RunTime:0.000077s ]
INFO: [ app_init ] --END-- [ RunTime:0.001188s ]
INFO: [ app_begin ] --START--
INFO: Run Behavior\ReadHtmlCacheBehavior [ RunTime:0.001210s ]
INFO: [ app_begin ] --END-- [ RunTime:0.001550s ]
INFO: [ view_parse ] --START--
INFO: [ template_filter ] --START--
INFO: Run Behavior\ContentReplaceBehavior [ RunTime:0.000471s ]
INFO: [ template_filter ] --END-- [ RunTime:0.001150s ]
INFO: Run Behavior\ParseTemplateBehavior [ RunTime:0.022046s ]
INFO: [ view_parse ] --END-- [ RunTime:0.022664s ]
INFO: [ view_filter ] --START--
INFO: Run Behavior\WriteHtmlCacheBehavior [ RunTime:0.001602s ]
INFO: [ view_filter ] --END-- [ RunTime:0.002269s ]
INFO: [ app_end ] --START--
INFO: Run Behavior\ShowPageTraceBehavior [ RunTime:0.002448s ]
INFO: [ app_end ] --END-- [ RunTime:0.003149s ]

[ 2015-09-23T21:20:55+08:00 ] ::1 /webprj/ecnu_mind/index.php/Home/Index/login
INFO: [ app_init ] --START--
INFO: Run Behavior\BuildLiteBehavior [ RunTime:0.000051s ]
INFO: [ app_init ] --END-- [ RunTime:0.000731s ]
INFO: [ app_begin ] --START--
INFO: Run Behavior\ReadHtmlCacheBehavior [ RunTime:0.000780s ]
INFO: [ app_begin ] --END-- [ RunTime:0.000993s ]
SQL: SHOW COLUMNS FROM `ecnu_mind`.`user_base` [ RunTime:0.0046s ]
NOTIC: [8] A session had already been started - ignoring session_start() C:\Users\yt\Develop\webprj\ecnu_mind\Application\Home\Controller\IndexController.class.php 第 68 行.
SQL: SELECT `password`,`user_id`,`user_access` FROM ecnu_mind.user_base WHERE `username` = 'tdsf' LIMIT 1   [ RunTime:0.0004s ]

[ 2015-09-23T21:21:53+08:00 ] ::1 /webprj/ecnu_mind/index.php/Home/Index/registerCustom
INFO: [ app_init ] --START--
INFO: Run Behavior\BuildLiteBehavior [ RunTime:0.000050s ]
INFO: [ app_init ] --END-- [ RunTime:0.000685s ]
INFO: [ app_begin ] --START--
INFO: Run Behavior\ReadHtmlCacheBehavior [ RunTime:0.000592s ]
INFO: [ app_begin ] --END-- [ RunTime:0.000782s ]
SQL: SHOW COLUMNS FROM `ecnu_mind`.`ability` [ RunTime:0.0130s ]

[ 2015-09-23T21:22:52+08:00 ] ::1 /webprj/ecnu_mind/index.php?XDEBUG_SESSION_START=ECLIPSE_DBGP&KEY=14430145722112
INFO: [ app_init ] --START--
INFO: Run Behavior\BuildLiteBehavior [ RunTime:0.000051s ]
INFO: [ app_init ] --END-- [ RunTime:0.000762s ]
INFO: [ app_begin ] --START--
INFO: Run Behavior\ReadHtmlCacheBehavior [ RunTime:0.000829s ]
INFO: [ app_begin ] --END-- [ RunTime:0.001078s ]
INFO: [ view_parse ] --START--
INFO: [ template_filter ] --START--
INFO: Run Behavior\ContentReplaceBehavior [ RunTime:0.000164s ]
INFO: [ template_filter ] --END-- [ RunTime:0.000410s ]
INFO: Run Behavior\ParseTemplateBehavior [ RunTime:0.008802s ]
INFO: [ view_parse ] --END-- [ RunTime:0.009050s ]
INFO: [ view_filter ] --START--
INFO: Run Behavior\WriteHtmlCacheBehavior [ RunTime:0.000592s ]
INFO: [ view_filter ] --END-- [ RunTime:0.000828s ]
INFO: [ app_end ] --START--
INFO: Run Behavior\ShowPageTraceBehavior [ RunTime:0.000802s ]
INFO: [ app_end ] --END-- [ RunTime:0.001040s ]

[ 2015-09-23T21:22:55+08:00 ] ::1 /webprj/ecnu_mind/index.php/Home/Index/login
INFO: [ app_init ] --START--
INFO: Run Behavior\BuildLiteBehavior [ RunTime:0.000172s ]
INFO: [ app_init ] --END-- [ RunTime:0.002094s ]
INFO: [ app_begin ] --START--
INFO: Run Behavior\ReadHtmlCacheBehavior [ RunTime:0.000755s ]
INFO: [ app_begin ] --END-- [ RunTime:0.001036s ]
SQL: SHOW COLUMNS FROM `ecnu_mind`.`user_base` [ RunTime:0.0039s ]
NOTIC: [8] A session had already been started - ignoring session_start() C:\Users\yt\Develop\webprj\ecnu_mind\Application\Home\Controller\IndexController.class.php 第 68 行.
SQL: SELECT `password`,`user_id`,`user_access` FROM ecnu_mind.user_base WHERE `username` = 'afdas' LIMIT 1   [ RunTime:0.0003s ]

[ 2015-09-23T21:38:14+08:00 ] ::1 /webprj/ecnu_mind/index.php/Home/Index/registerCustom
INFO: [ app_init ] --START--
INFO: Run Behavior\BuildLiteBehavior [ RunTime:0.000051s ]
INFO: [ app_init ] --END-- [ RunTime:0.000690s ]
INFO: [ app_begin ] --START--
INFO: Run Behavior\ReadHtmlCacheBehavior [ RunTime:0.000593s ]
INFO: [ app_begin ] --END-- [ RunTime:0.000782s ]
SQL: SHOW COLUMNS FROM `user_base` [ RunTime:0.0112s ]

[ 2015-09-23T21:38:22+08:00 ] ::1 /webprj/ecnu_mind/index.php?XDEBUG_SESSION_START=ECLIPSE_DBGP&KEY=14430155023943
INFO: [ app_init ] --START--
INFO: Run Behavior\BuildLiteBehavior [ RunTime:0.000150s ]
INFO: [ app_init ] --END-- [ RunTime:0.002212s ]
INFO: [ app_begin ] --START--
INFO: Run Behavior\ReadHtmlCacheBehavior [ RunTime:0.002425s ]
INFO: [ app_begin ] --END-- [ RunTime:0.003117s ]
INFO: [ view_parse ] --START--
INFO: [ template_filter ] --START--
INFO: Run Behavior\ContentReplaceBehavior [ RunTime:0.000494s ]
INFO: [ template_filter ] --END-- [ RunTime:0.001280s ]
INFO: Run Behavior\ParseTemplateBehavior [ RunTime:0.027172s ]
INFO: [ view_parse ] --END-- [ RunTime:0.027918s ]
INFO: [ view_filter ] --START--
INFO: Run Behavior\WriteHtmlCacheBehavior [ RunTime:0.001965s ]
INFO: [ view_filter ] --END-- [ RunTime:0.002700s ]
INFO: [ app_end ] --START--
INFO: Run Behavior\ShowPageTraceBehavior [ RunTime:0.003029s ]
INFO: [ app_end ] --END-- [ RunTime:0.003850s ]

[ 2015-09-23T21:38:49+08:00 ] ::1 /webprj/ecnu_mind/index.php/Home/Index/login
INFO: [ app_init ] --START--
INFO: Run Behavior\BuildLiteBehavior [ RunTime:0.000050s ]
INFO: [ app_init ] --END-- [ RunTime:0.000808s ]
INFO: [ app_begin ] --START--
INFO: Run Behavior\ReadHtmlCacheBehavior [ RunTime:0.000816s ]
INFO: [ app_begin ] --END-- [ RunTime:0.001013s ]
SQL: SHOW COLUMNS FROM `ecnu_mind`.`user_base` [ RunTime:0.0043s ]
NOTIC: [8] A session had already been started - ignoring session_start() C:\Users\yt\Develop\webprj\ecnu_mind\Application\Home\Controller\IndexController.class.php 第 68 行.
SQL: SELECT `password`,`user_id`,`user_access` FROM ecnu_mind.user_base WHERE `username` = 'phphhp' LIMIT 1   [ RunTime:0.0003s ]
SQL: UPDATE ecnu_mind.user_base SET `last_login_date`='2015-09-23' WHERE ( user_id=3 ) [ RunTime:0.0076s ]
SQL: SHOW COLUMNS FROM `ecnu_mind`.`user_custom` [ RunTime:0.0046s ]
SQL: SELECT `student_id`,`complete_steps` FROM ecnu_mind.user_custom WHERE `user_id` = 3 LIMIT 1   [ RunTime:0.0003s ]

[ 2015-09-23T21:51:27+08:00 ] ::1 /webprj/ecnu_mind/index.php
INFO: [ app_init ] --START--
INFO: Run Behavior\BuildLiteBehavior [ RunTime:0.000031s ]
INFO: [ app_init ] --END-- [ RunTime:0.000642s ]
INFO: [ app_begin ] --START--
INFO: Run Behavior\ReadHtmlCacheBehavior [ RunTime:0.000719s ]
INFO: [ app_begin ] --END-- [ RunTime:0.000868s ]
INFO: [ view_parse ] --START--
INFO: [ template_filter ] --START--
INFO: Run Behavior\ContentReplaceBehavior [ RunTime:0.000134s ]
INFO: [ template_filter ] --END-- [ RunTime:0.000281s ]
INFO: Run Behavior\ParseTemplateBehavior [ RunTime:0.009349s ]
INFO: [ view_parse ] --END-- [ RunTime:0.009511s ]
INFO: [ view_filter ] --START--
INFO: Run Behavior\WriteHtmlCacheBehavior [ RunTime:0.000798s ]
INFO: [ view_filter ] --END-- [ RunTime:0.000960s ]
INFO: [ app_end ] --START--
INFO: Run Behavior\ShowPageTraceBehavior [ RunTime:0.000876s ]
INFO: [ app_end ] --END-- [ RunTime:0.001013s ]

[ 2015-09-23T21:51:39+08:00 ] ::1 /webprj/ecnu_mind/index.php/Home/Index/login
INFO: [ app_init ] --START--
INFO: Run Behavior\BuildLiteBehavior [ RunTime:0.000049s ]
INFO: [ app_init ] --END-- [ RunTime:0.000757s ]
INFO: [ app_begin ] --START--
INFO: Run Behavior\ReadHtmlCacheBehavior [ RunTime:0.000580s ]
INFO: [ app_begin ] --END-- [ RunTime:0.000702s ]
SQL: SHOW COLUMNS FROM `ecnu_mind`.`user_base` [ RunTime:0.0051s ]
NOTIC: [8] A session had already been started - ignoring session_start() C:\Users\yt\Develop\webprj\ecnu_mind\Application\Home\Controller\IndexController.class.php 第 68 行.
SQL: SELECT `password`,`user_id`,`user_access` FROM ecnu_mind.user_base WHERE `username` = 'phphhp' LIMIT 1   [ RunTime:0.0004s ]
SQL: UPDATE ecnu_mind.user_base SET `last_login_date`='2015-09-23' WHERE ( user_id=3 ) [ RunTime:0.0034s ]
SQL: SHOW COLUMNS FROM `ecnu_mind`.`user_custom` [ RunTime:0.0043s ]
SQL: SELECT `student_id`,`complete_steps` FROM ecnu_mind.user_custom WHERE `user_id` = 3 LIMIT 1   [ RunTime:0.0004s ]

[ 2015-09-23T21:51:59+08:00 ] ::1 /webprj/ecnu_mind/index.php?XDEBUG_SESSION_START=ECLIPSE_DBGP&KEY=14430163188494
INFO: [ app_init ] --START--
INFO: Run Behavior\BuildLiteBehavior [ RunTime:0.000099s ]
INFO: [ app_init ] --END-- [ RunTime:0.001313s ]
INFO: [ app_begin ] --START--
INFO: Run Behavior\ReadHtmlCacheBehavior [ RunTime:0.001555s ]
INFO: [ app_begin ] --END-- [ RunTime:0.002048s ]
INFO: [ view_parse ] --START--
INFO: [ template_filter ] --START--
INFO: Run Behavior\ContentReplaceBehavior [ RunTime:0.000294s ]
INFO: [ template_filter ] --END-- [ RunTime:0.000715s ]
INFO: Run Behavior\ParseTemplateBehavior [ RunTime:0.017769s ]
INFO: [ view_parse ] --END-- [ RunTime:0.018348s ]
INFO: [ view_filter ] --START--
INFO: Run Behavior\WriteHtmlCacheBehavior [ RunTime:0.001965s ]
INFO: [ view_filter ] --END-- [ RunTime:0.002616s ]
INFO: [ app_end ] --START--
INFO: Run Behavior\ShowPageTraceBehavior [ RunTime:0.003628s ]
INFO: [ app_end ] --END-- [ RunTime:0.004689s ]

[ 2015-09-23T21:52:06+08:00 ] ::1 /webprj/ecnu_mind/index.php/home/guide/submitItem
INFO: [ app_init ] --START--
INFO: Run Behavior\BuildLiteBehavior [ RunTime:0.000091s ]
INFO: [ app_init ] --END-- [ RunTime:0.001017s ]
INFO: [ app_begin ] --START--
INFO: Run Behavior\ReadHtmlCacheBehavior [ RunTime:0.000650s ]
INFO: [ app_begin ] --END-- [ RunTime:0.000851s ]
ERR: 无法加载控制器:Guide

[ 2015-09-23T21:52:19+08:00 ] ::1 /webprj/ecnu_mind/index.php?XDEBUG_SESSION_START=ECLIPSE_DBGP&KEY=14430163390565
INFO: [ app_init ] --START--
INFO: Run Behavior\BuildLiteBehavior [ RunTime:0.000066s ]
INFO: [ app_init ] --END-- [ RunTime:0.000840s ]
INFO: [ app_begin ] --START--
INFO: Run Behavior\ReadHtmlCacheBehavior [ RunTime:0.000965s ]
INFO: [ app_begin ] --END-- [ RunTime:0.001347s ]
INFO: [ view_parse ] --START--
INFO: [ template_filter ] --START--
INFO: Run Behavior\ContentReplaceBehavior [ RunTime:0.000213s ]
INFO: [ template_filter ] --END-- [ RunTime:0.000518s ]
INFO: Run Behavior\ParseTemplateBehavior [ RunTime:0.012193s ]
INFO: [ view_parse ] --END-- [ RunTime:0.012515s ]
INFO: [ view_filter ] --START--
INFO: Run Behavior\WriteHtmlCacheBehavior [ RunTime:0.000804s ]
INFO: [ view_filter ] --END-- [ RunTime:0.001095s ]
INFO: [ app_end ] --START--
INFO: Run Behavior\ShowPageTraceBehavior [ RunTime:0.001071s ]
INFO: [ app_end ] --END-- [ RunTime:0.001383s ]

[ 2015-09-23T21:52:31+08:00 ] ::1 /webprj/ecnu_mind/index.php/home/guide/submitItem
INFO: [ app_init ] --START--
INFO: Run Behavior\BuildLiteBehavior [ RunTime:0.000050s ]
INFO: [ app_init ] --END-- [ RunTime:0.000697s ]
INFO: [ app_begin ] --START--
INFO: Run Behavior\ReadHtmlCacheBehavior [ RunTime:0.000607s ]
INFO: [ app_begin ] --END-- [ RunTime:0.000800s ]
ERR: 无法加载控制器:Guide

[ 2015-09-23T21:53:34+08:00 ] ::1 /webprj/ecnu_mind/index.php/home/guide/submitItem
INFO: [ app_init ] --START--
INFO: Run Behavior\BuildLiteBehavior [ RunTime:0.000050s ]
INFO: [ app_init ] --END-- [ RunTime:0.000676s ]
INFO: [ app_begin ] --START--
INFO: Run Behavior\ReadHtmlCacheBehavior [ RunTime:0.000620s ]
INFO: [ app_begin ] --END-- [ RunTime:0.000810s ]
ERR: 无法加载控制器:Guide

[ 2015-09-23T21:54:49+08:00 ] ::1 /webprj/ecnu_mind/index.php?XDEBUG_SESSION_START=ECLIPSE_DBGP&KEY=14430164885746
INFO: [ app_init ] --START--
INFO: Run Behavior\BuildLiteBehavior [ RunTime:0.000063s ]
INFO: [ app_init ] --END-- [ RunTime:0.000916s ]
INFO: [ app_begin ] --START--
INFO: Run Behavior\ReadHtmlCacheBehavior [ RunTime:0.000850s ]
INFO: [ app_begin ] --END-- [ RunTime:0.001089s ]
INFO: [ view_parse ] --START--
INFO: [ template_filter ] --START--
INFO: Run Behavior\ContentReplaceBehavior [ RunTime:0.000170s ]
INFO: [ template_filter ] --END-- [ RunTime:0.000416s ]
INFO: Run Behavior\ParseTemplateBehavior [ RunTime:0.009445s ]
INFO: [ view_parse ] --END-- [ RunTime:0.009719s ]
INFO: [ view_filter ] --START--
INFO: Run Behavior\WriteHtmlCacheBehavior [ RunTime:0.000783s ]
INFO: [ view_filter ] --END-- [ RunTime:0.001029s ]
INFO: [ app_end ] --START--
INFO: Run Behavior\ShowPageTraceBehavior [ RunTime:0.000936s ]
INFO: [ app_end ] --END-- [ RunTime:0.001194s ]

[ 2015-09-23T21:54:50+08:00 ] ::1 /webprj/ecnu_mind/index.php/Home/Index/login
INFO: [ app_init ] --START--
INFO: Run Behavior\BuildLiteBehavior [ RunTime:0.000060s ]
INFO: [ app_init ] --END-- [ RunTime:0.000811s ]
INFO: [ app_begin ] --START--
INFO: Run Behavior\ReadHtmlCacheBehavior [ RunTime:0.000725s ]
INFO: [ app_begin ] --END-- [ RunTime:0.000924s ]
SQL: SHOW COLUMNS FROM `ecnu_mind`.`user_base` [ RunTime:0.0043s ]
NOTIC: [8] A session had already been started - ignoring session_start() C:\Users\yt\Develop\webprj\ecnu_mind\Application\Home\Controller\IndexController.class.php 第 68 行.
SQL: SELECT `password`,`user_id`,`user_access` FROM ecnu_mind.user_base WHERE `username` = 'phphhp' LIMIT 1   [ RunTime:0.0004s ]
SQL: UPDATE ecnu_mind.user_base SET `last_login_date`='2015-09-23' WHERE ( user_id=3 ) [ RunTime:0.0109s ]
SQL: SHOW COLUMNS FROM `ecnu_mind`.`user_custom` [ RunTime:0.0043s ]
SQL: SELECT `student_id`,`complete_steps` FROM ecnu_mind.user_custom WHERE `user_id` = 3 LIMIT 1   [ RunTime:0.0004s ]

[ 2015-09-23T21:55:02+08:00 ] ::1 /webprj/ecnu_mind/index.php/home/guide/submitItem
INFO: [ app_init ] --START--
INFO: Run Behavior\BuildLiteBehavior [ RunTime:0.000049s ]
INFO: [ app_init ] --END-- [ RunTime:0.000647s ]
INFO: [ app_begin ] --START--
INFO: Run Behavior\ReadHtmlCacheBehavior [ RunTime:0.000705s ]
INFO: [ app_begin ] --END-- [ RunTime:0.000897s ]
ERR: 无法加载控制器:Guide

[ 2015-09-23T21:55:17+08:00 ] ::1 /webprj/ecnu_mind/index.php?XDEBUG_SESSION_START=ECLIPSE_DBGP&KEY=14430165165007
INFO: [ app_init ] --START--
INFO: Run Behavior\BuildLiteBehavior [ RunTime:0.000050s ]
INFO: [ app_init ] --END-- [ RunTime:0.000692s ]
INFO: [ app_begin ] --START--
INFO: Run Behavior\ReadHtmlCacheBehavior [ RunTime:0.000840s ]
INFO: [ app_begin ] --END-- [ RunTime:0.001092s ]
INFO: [ view_parse ] --START--
INFO: [ template_filter ] --START--
INFO: Run Behavior\ContentReplaceBehavior [ RunTime:0.000162s ]
INFO: [ template_filter ] --END-- [ RunTime:0.000395s ]
INFO: Run Behavior\ParseTemplateBehavior [ RunTime:0.009178s ]
INFO: [ view_parse ] --END-- [ RunTime:0.009421s ]
INFO: [ view_filter ] --START--
INFO: Run Behavior\WriteHtmlCacheBehavior [ RunTime:0.000603s ]
INFO: [ view_filter ] --END-- [ RunTime:0.000819s ]
INFO: [ app_end ] --START--
INFO: Run Behavior\ShowPageTraceBehavior [ RunTime:0.000843s ]
INFO: [ app_end ] --END-- [ RunTime:0.001090s ]

[ 2015-09-23T21:55:18+08:00 ] ::1 /webprj/ecnu_mind/index.php/Home/Index/login
INFO: [ app_init ] --START--
INFO: Run Behavior\BuildLiteBehavior [ RunTime:0.000052s ]
INFO: [ app_init ] --END-- [ RunTime:0.000837s ]
INFO: [ app_begin ] --START--
INFO: Run Behavior\ReadHtmlCacheBehavior [ RunTime:0.000915s ]
INFO: [ app_begin ] --END-- [ RunTime:0.001172s ]
SQL: SHOW COLUMNS FROM `ecnu_mind`.`user_base` [ RunTime:0.0040s ]
NOTIC: [8] A session had already been started - ignoring session_start() C:\Users\yt\Develop\webprj\ecnu_mind\Application\Home\Controller\IndexController.class.php 第 68 行.
SQL: SELECT `password`,`user_id`,`user_access` FROM ecnu_mind.user_base WHERE `username` = 'phphhp' LIMIT 1   [ RunTime:0.0003s ]
SQL: UPDATE ecnu_mind.user_base SET `last_login_date`='2015-09-23' WHERE ( user_id=3 ) [ RunTime:0.0118s ]
SQL: SHOW COLUMNS FROM `ecnu_mind`.`user_custom` [ RunTime:0.0040s ]
SQL: SELECT `student_id`,`complete_steps` FROM ecnu_mind.user_custom WHERE `user_id` = 3 LIMIT 1   [ RunTime:0.0003s ]

[ 2015-09-23T21:56:39+08:00 ] ::1 /webprj/ecnu_mind/index.php?XDEBUG_SESSION_START=ECLIPSE_DBGP&KEY=14430165989208
INFO: [ app_init ] --START--
INFO: Run Behavior\BuildLiteBehavior [ RunTime:0.000058s ]
INFO: [ app_init ] --END-- [ RunTime:0.000688s ]
INFO: [ app_begin ] --START--
INFO: Run Behavior\ReadHtmlCacheBehavior [ RunTime:0.000668s ]
INFO: [ app_begin ] --END-- [ RunTime:0.000897s ]
INFO: [ view_parse ] --START--
INFO: [ template_filter ] --START--
INFO: Run Behavior\ContentReplaceBehavior [ RunTime:0.000172s ]
INFO: [ template_filter ] --END-- [ RunTime:0.000440s ]
INFO: Run Behavior\ParseTemplateBehavior [ RunTime:0.010336s ]
INFO: [ view_parse ] --END-- [ RunTime:0.010619s ]
INFO: [ view_filter ] --START--
INFO: Run Behavior\WriteHtmlCacheBehavior [ RunTime:0.000665s ]
INFO: [ view_filter ] --END-- [ RunTime:0.000900s ]
INFO: [ app_end ] --START--
INFO: Run Behavior\ShowPageTraceBehavior [ RunTime:0.000893s ]
INFO: [ app_end ] --END-- [ RunTime:0.001146s ]

[ 2015-09-23T21:56:41+08:00 ] ::1 /webprj/ecnu_mind/index.php/Home/Index/login
INFO: [ app_init ] --START--
INFO: Run Behavior\BuildLiteBehavior [ RunTime:0.000051s ]
INFO: [ app_init ] --END-- [ RunTime:0.000753s ]
INFO: [ app_begin ] --START--
INFO: Run Behavior\ReadHtmlCacheBehavior [ RunTime:0.000703s ]
INFO: [ app_begin ] --END-- [ RunTime:0.000900s ]
SQL: SHOW COLUMNS FROM `ecnu_mind`.`user_base` [ RunTime:0.0042s ]
NOTIC: [8] A session had already been started - ignoring session_start() C:\Users\yt\Develop\webprj\ecnu_mind\Application\Home\Controller\IndexController.class.php 第 68 行.
SQL: SELECT `password`,`user_id`,`user_access` FROM ecnu_mind.user_base WHERE `username` = 'phphhp' LIMIT 1   [ RunTime:0.0004s ]
SQL: UPDATE ecnu_mind.user_base SET `last_login_date`='2015-09-23' WHERE ( user_id=3 ) [ RunTime:0.0054s ]
SQL: SHOW COLUMNS FROM `ecnu_mind`.`user_custom` [ RunTime:0.0039s ]
SQL: SELECT `student_id`,`complete_steps` FROM ecnu_mind.user_custom WHERE `user_id` = 3 LIMIT 1   [ RunTime:0.0004s ]

[ 2015-09-23T22:03:47+08:00 ] ::1 /webprj/ecnu_mind/index.php/home/home/checkForm?action=combobox&value=%E4%BF%A1%E6%81%AF%E5%AD%A6%E9%99%A2|%E9%80%9A%E4%BF%A1%E5%B7%A5%E7%A8%8B%E7%B3%BB|%E7%94%B5%E5%AD%90%E4%BF%A1%E6%81%AF%E7%A7%91%E5%AD%A6%E4%B8%8E%E6%8A%80%E6%9C%AF
INFO: [ app_init ] --START--
INFO: Run Behavior\BuildLiteBehavior [ RunTime:0.000118s ]
INFO: [ app_init ] --END-- [ RunTime:0.001535s ]
INFO: [ app_begin ] --START--
INFO: Run Behavior\ReadHtmlCacheBehavior [ RunTime:0.000641s ]
INFO: [ app_begin ] --END-- [ RunTime:0.000842s ]
ERR: 无法加载控制器:Home

[ 2015-09-23T22:03:48+08:00 ] ::1 /webprj/ecnu_mind/index.php/home/home/checkForm?action=combobox&value=%E4%BF%A1%E6%81%AF%E5%AD%A6%E9%99%A2|%E9%80%9A%E4%BF%A1%E5%B7%A5%E7%A8%8B%E7%B3%BB|%E7%94%B5%E5%AD%90%E4%BF%A1%E6%81%AF%E7%A7%91%E5%AD%A6%E4%B8%8E%E6%8A%80%E6%9C%AF
INFO: [ app_init ] --START--
INFO: Run Behavior\BuildLiteBehavior [ RunTime:0.000091s ]
INFO: [ app_init ] --END-- [ RunTime:0.001237s ]
INFO: [ app_begin ] --START--
INFO: Run Behavior\ReadHtmlCacheBehavior [ RunTime:0.001377s ]
INFO: [ app_begin ] --END-- [ RunTime:0.001730s ]
ERR: 无法加载控制器:Home

[ 2015-09-23T22:06:17+08:00 ] ::1 /webprj/ecnu_mind/index.php/home/home/checkForm?action=combobox&value=%E4%BF%A1%E6%81%AF%E5%AD%A6%E9%99%A2|%E9%80%9A%E4%BF%A1%E5%B7%A5%E7%A8%8Bf%E7%B3%BB|%E7%94%B5%E5%AD%90%E4%BF%A1%E6%81%AF%E7%A7%91%E5%AD%A6%E4%B8%8E%E6%8A%80%E6%9C%AF
INFO: [ app_init ] --START--
INFO: Run Behavior\BuildLiteBehavior [ RunTime:0.000049s ]
INFO: [ app_init ] --END-- [ RunTime:0.000713s ]
INFO: [ app_begin ] --START--
INFO: Run Behavior\ReadHtmlCacheBehavior [ RunTime:0.000677s ]
INFO: [ app_begin ] --END-- [ RunTime:0.000866s ]
ERR: 无法加载控制器:Home

[ 2015-09-23T22:06:36+08:00 ] ::1 /webprj/ecnu_mind/index.php/home/home/checkForm?action=combobox&value=%E4%BF%A1%E6%81%AF%E5%AD%A6%E9%99%A2|%E9%80%9A%E4%BF%A1%E5%B7%A5%E7%A8%8Bf%E7%B3%BB|%E7%94%B5%E5%AD%90%E4%BF%A1%E6%81%AF%E7%A7%91%E5%AD%A6%E4%B8%8E%E6%8A%80%E6%9C%AF
INFO: [ app_init ] --START--
INFO: Run Behavior\BuildLiteBehavior [ RunTime:0.000106s ]
INFO: [ app_init ] --END-- [ RunTime:0.001512s ]
INFO: [ app_begin ] --START--
INFO: Run Behavior\ReadHtmlCacheBehavior [ RunTime:0.001448s ]
INFO: [ app_begin ] --END-- [ RunTime:0.001866s ]
ERR: 无法加载控制器:Home

[ 2015-09-23T22:06:53+08:00 ] ::1 /webprj/ecnu_mind/index.php/home/home/checkForm?action=combobox&value=%E4%BF%A1%E6%81%AF%E5%AD%A6%E9%99%A2|%E9%80%9A%E4%BF%A1%E5%B7%A5%E7%A8%8B%E7%B3%BB|%E7%94%B5%E5%AD%90%E4%BF%A1%E6%81%AF%E7%A7%91%E5%AD%A6%E4%B8%8E%E6%8A%80%E6%9C%AF
INFO: [ app_init ] --START--
INFO: Run Behavior\BuildLiteBehavior [ RunTime:0.000146s ]
INFO: [ app_init ] --END-- [ RunTime:0.001977s ]
INFO: [ app_begin ] --START--
INFO: Run Behavior\ReadHtmlCacheBehavior [ RunTime:0.000630s ]
INFO: [ app_begin ] --END-- [ RunTime:0.000819s ]
ERR: 无法加载控制器:Home

[ 2015-09-23T22:06:54+08:00 ] ::1 /webprj/ecnu_mind/index.php/home/home/checkForm?action=combobox&value=%E4%BF%A1%E6%81%AF%E5%AD%A6%E9%99%A2|%E9%80%9A%E4%BF%A1%E5%B7%A5%E7%A8%8B%E7%B3%BB|%E7%94%B5%E5%AD%90%E4%BF%A1%E6%81%AF%E7%A7%91%E5%AD%A6%E4%B8%8E%E6%8A%80%E6%9C%AF
INFO: [ app_init ] --START--
INFO: Run Behavior\BuildLiteBehavior [ RunTime:0.000087s ]
INFO: [ app_init ] --END-- [ RunTime:0.001252s ]
INFO: [ app_begin ] --START--
INFO: Run Behavior\ReadHtmlCacheBehavior [ RunTime:0.001211s ]
INFO: [ app_begin ] --END-- [ RunTime:0.001557s ]
ERR: 无法加载控制器:Home

[ 2015-09-23T22:06:56+08:00 ] ::1 /webprj/ecnu_mind/index.php/home/home/checkForm?action=combobox&value=%E4%BF%A1%E6%81%AF%E5%AD%A6%E9%99%A2|%E9%80%9A%E4%BF%A1%E5%B7%A5%E5%8F%91%E7%A8%8B%E7%B3%BB|%E7%94%B5%E5%AD%90%E4%BF%A1%E6%81%AF%E7%A7%91%E5%AD%A6%E4%B8%8E%E6%8A%80%E6%9C%AF
INFO: [ app_init ] --START--
INFO: Run Behavior\BuildLiteBehavior [ RunTime:0.000092s ]
INFO: [ app_init ] --END-- [ RunTime:0.001309s ]
INFO: [ app_begin ] --START--
INFO: Run Behavior\ReadHtmlCacheBehavior [ RunTime:0.001146s ]
INFO: [ app_begin ] --END-- [ RunTime:0.001501s ]
ERR: 无法加载控制器:Home

[ 2015-09-23T22:07:20+08:00 ] ::1 /webprj/ecnu_mind/index.php/home/home/checkForm?action=combobox&value=%E4%BF%A1%E6%81%AF%E5%AD%A6%E9%99%A2|%E9%80%9A%E4%BF%A1%E5%B7%A5%E7%A8%8B%E7%B3%BB|%E7%94%B5%E5%AD%90%E4%BF%A1%E6%81%AF%E7%A7%91%E5%AD%A6%E4%B8%8E%E6%8A%80%E6%9C%AF
INFO: [ app_init ] --START--
INFO: Run Behavior\BuildLiteBehavior [ RunTime:0.000050s ]
INFO: [ app_init ] --END-- [ RunTime:0.000709s ]
INFO: [ app_begin ] --START--
INFO: Run Behavior\ReadHtmlCacheBehavior [ RunTime:0.000694s ]
INFO: [ app_begin ] --END-- [ RunTime:0.000881s ]
ERR: 无法加载控制器:Home

[ 2015-09-23T22:07:21+08:00 ] ::1 /webprj/ecnu_mind/index.php/home/home/checkForm?action=combobox&value=%E4%BF%A1%E6%81%AF%E5%AD%A6%E9%99%A2|%E9%80%9A%E4%BF%A1%E5%B7%A5%E7%A8%8B%E7%B3%BB|%E7%94%B5%E5%AD%90%E4%BF%A1%E6%81%AF%E7%A7%91%E5%AD%A6%E4%B8%8E%E6%8A%80%E6%9C%AF
INFO: [ app_init ] --START--
INFO: Run Behavior\BuildLiteBehavior [ RunTime:0.000145s ]
INFO: [ app_init ] --END-- [ RunTime:0.001908s ]
INFO: [ app_begin ] --START--
INFO: Run Behavior\ReadHtmlCacheBehavior [ RunTime:0.001847s ]
INFO: [ app_begin ] --END-- [ RunTime:0.002412s ]
ERR: 无法加载控制器:Home

[ 2015-09-23T22:07:27+08:00 ] ::1 /webprj/ecnu_mind/index.php/home/home/home
INFO: [ app_init ] --START--
INFO: Run Behavior\BuildLiteBehavior [ RunTime:0.000048s ]
INFO: [ app_init ] --END-- [ RunTime:0.000650s ]
INFO: [ app_begin ] --START--
INFO: Run Behavior\ReadHtmlCacheBehavior [ RunTime:0.000727s ]
INFO: [ app_begin ] --END-- [ RunTime:0.000967s ]
ERR: 无法加载控制器:Home

[ 2015-09-23T22:07:59+08:00 ] ::1 /webprj/ecnu_mind/index.php
INFO: [ app_init ] --START--
INFO: Run Behavior\BuildLiteBehavior [ RunTime:0.000108s ]
INFO: [ app_init ] --END-- [ RunTime:0.001571s ]
INFO: [ app_begin ] --START--
INFO: Run Behavior\ReadHtmlCacheBehavior [ RunTime:0.001875s ]
INFO: [ app_begin ] --END-- [ RunTime:0.002420s ]
INFO: [ view_parse ] --START--
INFO: [ template_filter ] --START--
INFO: Run Behavior\ContentReplaceBehavior [ RunTime:0.000360s ]
INFO: [ template_filter ] --END-- [ RunTime:0.000904s ]
INFO: Run Behavior\ParseTemplateBehavior [ RunTime:0.021234s ]
INFO: [ view_parse ] --END-- [ RunTime:0.021774s ]
INFO: [ view_filter ] --START--
INFO: Run Behavior\WriteHtmlCacheBehavior [ RunTime:0.001403s ]
INFO: [ view_filter ] --END-- [ RunTime:0.001962s ]
INFO: [ app_end ] --START--
INFO: Run Behavior\ShowPageTraceBehavior [ RunTime:0.002044s ]
INFO: [ app_end ] --END-- [ RunTime:0.002600s ]

[ 2015-09-23T22:08:01+08:00 ] ::1 /webprj/ecnu_mind/index.php/Home/Index/login
INFO: [ app_init ] --START--
INFO: Run Behavior\BuildLiteBehavior [ RunTime:0.000065s ]
INFO: [ app_init ] --END-- [ RunTime:0.000888s ]
INFO: [ app_begin ] --START--
INFO: Run Behavior\ReadHtmlCacheBehavior [ RunTime:0.000874s ]
INFO: [ app_begin ] --END-- [ RunTime:0.001091s ]
SQL: SHOW COLUMNS FROM `ecnu_mind`.`user_base` [ RunTime:0.0039s ]
NOTIC: [8] A session had already been started - ignoring session_start() C:\Users\yt\Develop\webprj\ecnu_mind\Application\Home\Controller\IndexController.class.php 第 68 行.
SQL: SELECT `password`,`user_id`,`user_access` FROM ecnu_mind.user_base WHERE `username` = 'phphhp' LIMIT 1   [ RunTime:0.0003s ]
SQL: UPDATE ecnu_mind.user_base SET `last_login_date`='2015-09-23' WHERE ( user_id=3 ) [ RunTime:0.0044s ]
SQL: SHOW COLUMNS FROM `ecnu_mind`.`user_custom` [ RunTime:0.0041s ]
SQL: SELECT `student_id`,`complete_steps` FROM ecnu_mind.user_custom WHERE `user_id` = 3 LIMIT 1   [ RunTime:0.0003s ]

