[ 2015-09-25T18:54:40+08:00 ] ::1 /webprj/ecnu_mind/index.php
INFO: [ app_init ] --START--
INFO: Run Behavior\BuildLiteBehavior [ RunTime:0.000034s ]
INFO: [ app_init ] --END-- [ RunTime:0.000808s ]
INFO: [ app_begin ] --START--
INFO: Run Behavior\ReadHtmlCacheBehavior [ RunTime:0.000919s ]
INFO: [ app_begin ] --END-- [ RunTime:0.001150s ]
INFO: [ view_parse ] --START--
INFO: [ template_filter ] --START--
INFO: Run Behavior\ContentReplaceBehavior [ RunTime:0.000155s ]
INFO: [ template_filter ] --END-- [ RunTime:0.000310s ]
INFO: Run Behavior\ParseTemplateBehavior [ RunTime:0.009026s ]
INFO: [ view_parse ] --END-- [ RunTime:0.009188s ]
INFO: [ view_filter ] --START--
INFO: Run Behavior\WriteHtmlCacheBehavior [ RunTime:0.000684s ]
INFO: [ view_filter ] --END-- [ RunTime:0.000820s ]
INFO: [ app_end ] --START--
INFO: Run Behavior\ShowPageTraceBehavior [ RunTime:0.001003s ]
INFO: [ app_end ] --END-- [ RunTime:0.001165s ]

[ 2015-09-25T18:54:43+08:00 ] ::1 /webprj/ecnu_mind/index.php/Home/Index/login
INFO: [ app_init ] --START--
INFO: Run Behavior\BuildLiteBehavior [ RunTime:0.000030s ]
INFO: [ app_init ] --END-- [ RunTime:0.000681s ]
INFO: [ app_begin ] --START--
INFO: Run Behavior\ReadHtmlCacheBehavior [ RunTime:0.000788s ]
INFO: [ app_begin ] --END-- [ RunTime:0.000907s ]
SQL: SHOW COLUMNS FROM `ecnu_mind`.`user_base` [ RunTime:0.0054s ]
NOTIC: [8] A session had already been started - ignoring session_start() C:\Users\yt\Develop\webprj\ecnu_mind\Application\Home\Controller\IndexController.class.php 第 68 行.
SQL: SELECT `password`,`user_id`,`user_access` FROM ecnu_mind.user_base WHERE `username` = 'phphhp4' LIMIT 1   [ RunTime:0.0005s ]
SQL: UPDATE ecnu_mind.user_base SET `last_login_date`='2015-09-25' WHERE ( user_id=5 ) [ RunTime:0.0031s ]
SQL: SHOW COLUMNS FROM `ecnu_mind`.`user_custom` [ RunTime:0.0050s ]
SQL: SELECT `student_id`,`complete_steps` FROM ecnu_mind.user_custom WHERE `user_id` = 5 LIMIT 1   [ RunTime:0.0005s ]

[ 2015-09-25T19:53:48+08:00 ] ::1 /webprj/ecnu_mind/index.php
INFO: [ app_init ] --START--
INFO: Run Behavior\BuildLiteBehavior [ RunTime:0.000085s ]
INFO: [ app_init ] --END-- [ RunTime:0.001719s ]
INFO: [ app_begin ] --START--
INFO: Run Behavior\ReadHtmlCacheBehavior [ RunTime:0.002301s ]
INFO: [ app_begin ] --END-- [ RunTime:0.002744s ]
INFO: [ view_parse ] --START--
INFO: [ template_filter ] --START--
INFO: Run Behavior\ContentReplaceBehavior [ RunTime:0.000384s ]
INFO: [ template_filter ] --END-- [ RunTime:0.000792s ]
INFO: Run Behavior\ParseTemplateBehavior [ RunTime:0.023454s ]
INFO: [ view_parse ] --END-- [ RunTime:0.023864s ]
INFO: [ view_filter ] --START--
INFO: Run Behavior\WriteHtmlCacheBehavior [ RunTime:0.001624s ]
INFO: [ view_filter ] --END-- [ RunTime:0.002037s ]
INFO: [ app_end ] --START--
INFO: Run Behavior\ShowPageTraceBehavior [ RunTime:0.002018s ]
INFO: [ app_end ] --END-- [ RunTime:0.002432s ]

[ 2015-09-25T19:53:52+08:00 ] ::1 /webprj/ecnu_mind/index.php?XDEBUG_SESSION_START=ECLIPSE_DBGP&KEY=14431820310621
INFO: [ app_init ] --START--
INFO: Run Behavior\BuildLiteBehavior [ RunTime:0.000090s ]
INFO: [ app_init ] --END-- [ RunTime:0.001389s ]
INFO: [ app_begin ] --START--
INFO: Run Behavior\ReadHtmlCacheBehavior [ RunTime:0.001271s ]
INFO: [ app_begin ] --END-- [ RunTime:0.001721s ]
INFO: [ view_parse ] --START--
INFO: [ template_filter ] --START--
INFO: Run Behavior\ContentReplaceBehavior [ RunTime:0.000275s ]
INFO: [ template_filter ] --END-- [ RunTime:0.000769s ]
INFO: Run Behavior\ParseTemplateBehavior [ RunTime:0.015028s ]
INFO: [ view_parse ] --END-- [ RunTime:0.015528s ]
INFO: [ view_filter ] --START--
INFO: Run Behavior\WriteHtmlCacheBehavior [ RunTime:0.001002s ]
INFO: [ view_filter ] --END-- [ RunTime:0.001364s ]
INFO: [ app_end ] --START--
INFO: Run Behavior\ShowPageTraceBehavior [ RunTime:0.001283s ]
INFO: [ app_end ] --END-- [ RunTime:0.001653s ]

[ 2015-09-25T19:53:53+08:00 ] ::1 /webprj/ecnu_mind/index.php/Home/Index/login
INFO: [ app_init ] --START--
INFO: Run Behavior\BuildLiteBehavior [ RunTime:0.000103s ]
INFO: [ app_init ] --END-- [ RunTime:0.001165s ]
INFO: [ app_begin ] --START--
INFO: Run Behavior\ReadHtmlCacheBehavior [ RunTime:0.001116s ]
INFO: [ app_begin ] --END-- [ RunTime:0.001439s ]
SQL: SHOW COLUMNS FROM `ecnu_mind`.`user_base` [ RunTime:0.0068s ]
NOTIC: [8] A session had already been started - ignoring session_start() C:\Users\yt\Develop\webprj\ecnu_mind\Application\Home\Controller\IndexController.class.php 第 68 行.
SQL: SELECT `password`,`user_id`,`user_access` FROM ecnu_mind.user_base WHERE `username` = 'phphhp4' LIMIT 1   [ RunTime:0.0005s ]
SQL: UPDATE ecnu_mind.user_base SET `last_login_date`='2015-09-25' WHERE ( user_id=5 ) [ RunTime:0.0135s ]
SQL: SHOW COLUMNS FROM `ecnu_mind`.`user_custom` [ RunTime:0.0062s ]
SQL: SELECT `student_id`,`complete_steps` FROM ecnu_mind.user_custom WHERE `user_id` = 5 LIMIT 1   [ RunTime:0.0006s ]

