<<<<<<< HEAD
[ 2015-10-04T14:08:07+08:00 ] ::1 /webprj/ecnu_mind/index.php
INFO: [ app_init ] --START--
INFO: Run Behavior\BuildLiteBehavior [ RunTime:0.000000s ]
INFO: [ app_init ] --END-- [ RunTime:0.002000s ]
INFO: [ app_begin ] --START--
INFO: Run Behavior\ReadHtmlCacheBehavior [ RunTime:0.002000s ]
INFO: [ app_begin ] --END-- [ RunTime:0.005000s ]

[ 2015-10-04T14:08:09+08:00 ] ::1 /webprj/ecnu_mind/index.php/Home/Index/logout
INFO: [ app_init ] --START--
INFO: Run Behavior\BuildLiteBehavior [ RunTime:0.001000s ]
INFO: [ app_init ] --END-- [ RunTime:0.002000s ]
INFO: [ app_begin ] --START--
INFO: Run Behavior\ReadHtmlCacheBehavior [ RunTime:0.002000s ]
INFO: [ app_begin ] --END-- [ RunTime:0.003001s ]

[ 2015-10-04T14:08:09+08:00 ] ::1 /webprj/ecnu_mind/index.php/
INFO: [ app_init ] --START--
INFO: Run Behavior\BuildLiteBehavior [ RunTime:0.000000s ]
INFO: [ app_init ] --END-- [ RunTime:0.001000s ]
INFO: [ app_begin ] --START--
INFO: Run Behavior\ReadHtmlCacheBehavior [ RunTime:0.001001s ]
INFO: [ app_begin ] --END-- [ RunTime:0.003001s ]
INFO: [ view_parse ] --START--
INFO: [ template_filter ] --START--
INFO: Run Behavior\ContentReplaceBehavior [ RunTime:0.002000s ]
INFO: [ template_filter ] --END-- [ RunTime:0.005001s ]
INFO: Run Behavior\ParseTemplateBehavior [ RunTime:0.036002s ]
INFO: [ view_parse ] --END-- [ RunTime:0.036002s ]
INFO: [ view_filter ] --START--
INFO: Run Behavior\WriteHtmlCacheBehavior [ RunTime:0.001000s ]
INFO: [ view_filter ] --END-- [ RunTime:0.002000s ]
INFO: [ app_end ] --START--
INFO: Run Behavior\ShowPageTraceBehavior [ RunTime:0.001000s ]
INFO: [ app_end ] --END-- [ RunTime:0.002000s ]

[ 2015-10-04T14:08:10+08:00 ] ::1 /webprj/ecnu_mind/index.php/Home/Index/verifyCreate
INFO: [ app_init ] --START--
INFO: Run Behavior\BuildLiteBehavior [ RunTime:0.001000s ]
INFO: [ app_init ] --END-- [ RunTime:0.004000s ]
INFO: [ app_begin ] --START--
INFO: Run Behavior\ReadHtmlCacheBehavior [ RunTime:0.001000s ]
INFO: [ app_begin ] --END-- [ RunTime:0.002000s ]
INFO: [ app_end ] --START--
INFO: Run Behavior\ShowPageTraceBehavior [ RunTime:0.003000s ]
INFO: [ app_end ] --END-- [ RunTime:0.003000s ]

[ 2015-10-04T14:08:14+08:00 ] ::1 /webprj/ecnu_mind/index.php/Home/Index/login
INFO: [ app_init ] --START--
INFO: Run Behavior\BuildLiteBehavior [ RunTime:0.000000s ]
INFO: [ app_init ] --END-- [ RunTime:0.002000s ]
INFO: [ app_begin ] --START--
INFO: Run Behavior\ReadHtmlCacheBehavior [ RunTime:0.001000s ]
INFO: [ app_begin ] --END-- [ RunTime:0.001000s ]
SQL: SHOW COLUMNS FROM `ecnu_mind`.`user_base` [ RunTime:0.0110s ]
SQL: SELECT `password`,`user_id`,`user_access` FROM ecnu_mind.user_base WHERE `username` = 'testECNU' LIMIT 1   [ RunTime:0.0030s ]
SQL: UPDATE ecnu_mind.user_base SET `last_login_date`='2015-10-04' WHERE ( user_id=2 ) [ RunTime:0.0050s ]
SQL: SHOW COLUMNS FROM `ecnu_mind`.`user_custom` [ RunTime:0.0090s ]
SQL: SELECT `student_id`,`complete_steps` FROM ecnu_mind.user_custom WHERE `user_id` = 2 LIMIT 1   [ RunTime:0.0030s ]

[ 2015-10-04T14:18:53+08:00 ] ::1 /webprj/ecnu_mind/index.php
INFO: [ app_init ] --START--
INFO: Run Behavior\BuildLiteBehavior [ RunTime:0.000000s ]
INFO: [ app_init ] --END-- [ RunTime:0.001000s ]
INFO: [ app_begin ] --START--
INFO: Run Behavior\ReadHtmlCacheBehavior [ RunTime:0.001001s ]
INFO: [ app_begin ] --END-- [ RunTime:0.003001s ]
INFO: [ view_parse ] --START--
INFO: [ template_filter ] --START--
INFO: Run Behavior\ContentReplaceBehavior [ RunTime:0.001000s ]
INFO: [ template_filter ] --END-- [ RunTime:0.001000s ]
INFO: Run Behavior\ParseTemplateBehavior [ RunTime:0.019001s ]
INFO: [ view_parse ] --END-- [ RunTime:0.019001s ]
INFO: [ view_filter ] --START--
INFO: Run Behavior\WriteHtmlCacheBehavior [ RunTime:0.001000s ]
INFO: [ view_filter ] --END-- [ RunTime:0.002000s ]
INFO: [ app_end ] --START--
INFO: Run Behavior\ShowPageTraceBehavior [ RunTime:0.003001s ]
INFO: [ app_end ] --END-- [ RunTime:0.004001s ]

[ 2015-10-04T14:18:53+08:00 ] ::1 /webprj/ecnu_mind/index.php/Home/Index/verifyCreate
INFO: [ app_init ] --START--
INFO: Run Behavior\BuildLiteBehavior [ RunTime:0.001000s ]
INFO: [ app_init ] --END-- [ RunTime:0.005000s ]
INFO: [ app_begin ] --START--
INFO: Run Behavior\ReadHtmlCacheBehavior [ RunTime:0.005000s ]
INFO: [ app_begin ] --END-- [ RunTime:0.008001s ]
INFO: [ app_end ] --START--
INFO: Run Behavior\ShowPageTraceBehavior [ RunTime:0.003000s ]
INFO: [ app_end ] --END-- [ RunTime:0.004000s ]

[ 2015-10-04T14:18:59+08:00 ] ::1 /webprj/ecnu_mind/index.php/Home/Index/login
INFO: [ app_init ] --START--
INFO: Run Behavior\BuildLiteBehavior [ RunTime:0.000000s ]
INFO: [ app_init ] --END-- [ RunTime:0.003000s ]
INFO: [ app_begin ] --START--
INFO: Run Behavior\ReadHtmlCacheBehavior [ RunTime:0.001000s ]
INFO: [ app_begin ] --END-- [ RunTime:0.001000s ]
SQL: SHOW COLUMNS FROM `ecnu_mind`.`user_base` [ RunTime:0.0080s ]
SQL: SELECT `password`,`user_id`,`user_access` FROM ecnu_mind.user_base WHERE `username` = 'testECNU' LIMIT 1   [ RunTime:0.0010s ]
SQL: UPDATE ecnu_mind.user_base SET `last_login_date`='2015-10-04' WHERE ( user_id=2 ) [ RunTime:0.0080s ]
SQL: SHOW COLUMNS FROM `ecnu_mind`.`user_custom` [ RunTime:0.0090s ]
SQL: SELECT `student_id`,`complete_steps` FROM ecnu_mind.user_custom WHERE `user_id` = 2 LIMIT 1   [ RunTime:0.0020s ]

[ 2015-10-04T14:27:08+08:00 ] ::1 /webprj/ecnu_mind/index.php/Home/Index/logout
INFO: [ app_init ] --START--
INFO: Run Behavior\BuildLiteBehavior [ RunTime:0.000000s ]
INFO: [ app_init ] --END-- [ RunTime:0.002000s ]
INFO: [ app_begin ] --START--
INFO: Run Behavior\ReadHtmlCacheBehavior [ RunTime:0.001000s ]
INFO: [ app_begin ] --END-- [ RunTime:0.003000s ]

[ 2015-10-04T14:27:08+08:00 ] ::1 /webprj/ecnu_mind/index.php/
INFO: [ app_init ] --START--
INFO: Run Behavior\BuildLiteBehavior [ RunTime:0.001000s ]
INFO: [ app_init ] --END-- [ RunTime:0.003000s ]
INFO: [ app_begin ] --START--
INFO: Run Behavior\ReadHtmlCacheBehavior [ RunTime:0.002000s ]
INFO: [ app_begin ] --END-- [ RunTime:0.004000s ]
INFO: [ view_parse ] --START--
INFO: [ template_filter ] --START--
INFO: Run Behavior\ContentReplaceBehavior [ RunTime:0.001000s ]
INFO: [ template_filter ] --END-- [ RunTime:0.001000s ]
INFO: Run Behavior\ParseTemplateBehavior [ RunTime:0.021002s ]
INFO: [ view_parse ] --END-- [ RunTime:0.022002s ]
INFO: [ view_filter ] --START--
INFO: Run Behavior\WriteHtmlCacheBehavior [ RunTime:0.002000s ]
INFO: [ view_filter ] --END-- [ RunTime:0.003000s ]
INFO: [ app_end ] --START--
INFO: Run Behavior\ShowPageTraceBehavior [ RunTime:0.002000s ]
INFO: [ app_end ] --END-- [ RunTime:0.003000s ]

[ 2015-10-04T14:27:09+08:00 ] ::1 /webprj/ecnu_mind/index.php/Home/Index/verifyCreate
INFO: [ app_init ] --START--
INFO: Run Behavior\BuildLiteBehavior [ RunTime:0.000000s ]
INFO: [ app_init ] --END-- [ RunTime:0.002000s ]
INFO: [ app_begin ] --START--
INFO: Run Behavior\ReadHtmlCacheBehavior [ RunTime:0.001000s ]
INFO: [ app_begin ] --END-- [ RunTime:0.003000s ]
INFO: [ app_end ] --START--
INFO: Run Behavior\ShowPageTraceBehavior [ RunTime:0.001001s ]
INFO: [ app_end ] --END-- [ RunTime:0.003001s ]

[ 2015-10-04T14:27:54+08:00 ] ::1 /webprj/ecnu_mind/index.php/Home/Index/login
INFO: [ app_init ] --START--
INFO: Run Behavior\BuildLiteBehavior [ RunTime:0.001000s ]
INFO: [ app_init ] --END-- [ RunTime:0.002000s ]
INFO: [ app_begin ] --START--
INFO: Run Behavior\ReadHtmlCacheBehavior [ RunTime:0.001000s ]
INFO: [ app_begin ] --END-- [ RunTime:0.003000s ]
SQL: SHOW COLUMNS FROM `ecnu_mind`.`user_base` [ RunTime:0.0100s ]
SQL: SELECT `password`,`user_id`,`user_access` FROM ecnu_mind.user_base WHERE `username` = 'testECNU' LIMIT 1   [ RunTime:0.0000s ]
SQL: UPDATE ecnu_mind.user_base SET `last_login_date`='2015-10-04' WHERE ( user_id=2 ) [ RunTime:0.0240s ]
SQL: SHOW COLUMNS FROM `ecnu_mind`.`user_custom` [ RunTime:0.0060s ]
SQL: SELECT `student_id`,`complete_steps` FROM ecnu_mind.user_custom WHERE `user_id` = 2 LIMIT 1   [ RunTime:0.0000s ]

[ 2015-10-04T14:52:00+08:00 ] ::1 /webprj/ecnu_mind/index.php/Home/ability/genDB
INFO: [ app_init ] --START--
INFO: Run Behavior\BuildLiteBehavior [ RunTime:0.000000s ]
INFO: [ app_init ] --END-- [ RunTime:0.002000s ]
INFO: [ app_begin ] --START--
INFO: Run Behavior\ReadHtmlCacheBehavior [ RunTime:0.001000s ]
INFO: [ app_begin ] --END-- [ RunTime:0.001000s ]
ERR: 无法加载控制器:Ability

[ 2015-10-04T14:54:49+08:00 ] ::1 /webprj/ecnu_mind/index.php/Home/Index/logout
INFO: [ app_init ] --START--
INFO: Run Behavior\BuildLiteBehavior [ RunTime:0.000000s ]
INFO: [ app_init ] --END-- [ RunTime:0.002000s ]
INFO: [ app_begin ] --START--
INFO: Run Behavior\ReadHtmlCacheBehavior [ RunTime:0.001000s ]
INFO: [ app_begin ] --END-- [ RunTime:0.002000s ]

[ 2015-10-04T14:54:49+08:00 ] ::1 /webprj/ecnu_mind/index.php/
INFO: [ app_init ] --START--
INFO: Run Behavior\BuildLiteBehavior [ RunTime:0.000000s ]
INFO: [ app_init ] --END-- [ RunTime:0.002000s ]
INFO: [ app_begin ] --START--
INFO: Run Behavior\ReadHtmlCacheBehavior [ RunTime:0.001000s ]
INFO: [ app_begin ] --END-- [ RunTime:0.002000s ]
INFO: [ view_parse ] --START--
INFO: [ template_filter ] --START--
INFO: Run Behavior\ContentReplaceBehavior [ RunTime:0.001000s ]
INFO: [ template_filter ] --END-- [ RunTime:0.001000s ]
INFO: Run Behavior\ParseTemplateBehavior [ RunTime:0.020001s ]
INFO: [ view_parse ] --END-- [ RunTime:0.021001s ]
INFO: [ view_filter ] --START--
INFO: Run Behavior\WriteHtmlCacheBehavior [ RunTime:0.001001s ]
INFO: [ view_filter ] --END-- [ RunTime:0.002001s ]
INFO: [ app_end ] --START--
INFO: Run Behavior\ShowPageTraceBehavior [ RunTime:0.002000s ]
INFO: [ app_end ] --END-- [ RunTime:0.003000s ]

[ 2015-10-04T14:54:50+08:00 ] ::1 /webprj/ecnu_mind/index.php/Home/Index/verifyCreate
INFO: [ app_init ] --START--
INFO: Run Behavior\BuildLiteBehavior [ RunTime:0.000000s ]
INFO: [ app_init ] --END-- [ RunTime:0.002000s ]
INFO: [ app_begin ] --START--
INFO: Run Behavior\ReadHtmlCacheBehavior [ RunTime:0.001000s ]
INFO: [ app_begin ] --END-- [ RunTime:0.002000s ]
INFO: [ app_end ] --START--
INFO: Run Behavior\ShowPageTraceBehavior [ RunTime:0.002000s ]
INFO: [ app_end ] --END-- [ RunTime:0.003000s ]

[ 2015-10-04T14:54:54+08:00 ] ::1 /webprj/ecnu_mind/index.php/Home/Index/login
INFO: [ app_init ] --START--
INFO: Run Behavior\BuildLiteBehavior [ RunTime:0.000000s ]
INFO: [ app_init ] --END-- [ RunTime:0.002000s ]
INFO: [ app_begin ] --START--
INFO: Run Behavior\ReadHtmlCacheBehavior [ RunTime:0.002000s ]
INFO: [ app_begin ] --END-- [ RunTime:0.004000s ]
SQL: SHOW COLUMNS FROM `ecnu_mind`.`user_base` [ RunTime:0.0070s ]

[ 2015-10-04T14:54:54+08:00 ] ::1 /webprj/ecnu_mind/index.php/Home/Index/verifyCreate?0.1249664535280317
INFO: [ app_init ] --START--
INFO: Run Behavior\BuildLiteBehavior [ RunTime:0.000000s ]
INFO: [ app_init ] --END-- [ RunTime:0.002000s ]
INFO: [ app_begin ] --START--
INFO: Run Behavior\ReadHtmlCacheBehavior [ RunTime:0.003001s ]
INFO: [ app_begin ] --END-- [ RunTime:0.005001s ]
INFO: [ app_end ] --START--
INFO: Run Behavior\ShowPageTraceBehavior [ RunTime:0.001000s ]
INFO: [ app_end ] --END-- [ RunTime:0.003001s ]

[ 2015-10-04T14:54:57+08:00 ] ::1 /webprj/ecnu_mind/index.php/Home/Index/login
INFO: [ app_init ] --START--
INFO: Run Behavior\BuildLiteBehavior [ RunTime:0.000000s ]
INFO: [ app_init ] --END-- [ RunTime:0.004001s ]
INFO: [ app_begin ] --START--
INFO: Run Behavior\ReadHtmlCacheBehavior [ RunTime:0.001000s ]
INFO: [ app_begin ] --END-- [ RunTime:0.003000s ]
SQL: SHOW COLUMNS FROM `ecnu_mind`.`user_base` [ RunTime:0.0060s ]
SQL: SELECT `password`,`user_id`,`user_access` FROM ecnu_mind.user_base WHERE `username` = 'adminECNU' LIMIT 1   [ RunTime:0.0020s ]
SQL: UPDATE ecnu_mind.user_base SET `last_login_date`='2015-10-04' WHERE ( user_id=6 ) [ RunTime:0.0080s ]
SQL: SHOW COLUMNS FROM `ecnu_mind`.`user_admin` [ RunTime:0.0050s ]
SQL: SELECT * FROM ecnu_mind.user_admin WHERE `user_id` = 6 LIMIT 1   [ RunTime:0.0010s ]

[ 2015-10-04T14:55:45+08:00 ] ::1 /webprj/ecnu_mind/index.php/Home/Index/logout
INFO: [ app_init ] --START--
INFO: Run Behavior\BuildLiteBehavior [ RunTime:0.000000s ]
INFO: [ app_init ] --END-- [ RunTime:0.004001s ]
INFO: [ app_begin ] --START--
INFO: Run Behavior\ReadHtmlCacheBehavior [ RunTime:0.001000s ]
INFO: [ app_begin ] --END-- [ RunTime:0.003000s ]

[ 2015-10-04T14:55:45+08:00 ] ::1 /webprj/ecnu_mind/index.php/
INFO: [ app_init ] --START--
INFO: Run Behavior\BuildLiteBehavior [ RunTime:0.000000s ]
INFO: [ app_init ] --END-- [ RunTime:0.001000s ]
INFO: [ app_begin ] --START--
INFO: Run Behavior\ReadHtmlCacheBehavior [ RunTime:0.001000s ]
INFO: [ app_begin ] --END-- [ RunTime:0.002000s ]
INFO: [ view_parse ] --START--
INFO: [ template_filter ] --START--
INFO: Run Behavior\ContentReplaceBehavior [ RunTime:0.000000s ]
INFO: [ template_filter ] --END-- [ RunTime:0.002000s ]
INFO: Run Behavior\ParseTemplateBehavior [ RunTime:0.022001s ]
INFO: [ view_parse ] --END-- [ RunTime:0.023001s ]
INFO: [ view_filter ] --START--
INFO: Run Behavior\WriteHtmlCacheBehavior [ RunTime:0.001000s ]
INFO: [ view_filter ] --END-- [ RunTime:0.002000s ]
INFO: [ app_end ] --START--
INFO: Run Behavior\ShowPageTraceBehavior [ RunTime:0.001000s ]
INFO: [ app_end ] --END-- [ RunTime:0.002000s ]

[ 2015-10-04T14:55:45+08:00 ] ::1 /webprj/ecnu_mind/index.php/Home/Index/verifyCreate
INFO: [ app_init ] --START--
INFO: Run Behavior\BuildLiteBehavior [ RunTime:0.000000s ]
INFO: [ app_init ] --END-- [ RunTime:0.002000s ]
INFO: [ app_begin ] --START--
INFO: Run Behavior\ReadHtmlCacheBehavior [ RunTime:0.004000s ]
INFO: [ app_begin ] --END-- [ RunTime:0.006000s ]
INFO: [ app_end ] --START--
INFO: Run Behavior\ShowPageTraceBehavior [ RunTime:0.003000s ]
INFO: [ app_end ] --END-- [ RunTime:0.005000s ]

[ 2015-10-04T14:55:51+08:00 ] ::1 /webprj/ecnu_mind/index.php/Home/Index/login
INFO: [ app_init ] --START--
INFO: Run Behavior\BuildLiteBehavior [ RunTime:0.000000s ]
INFO: [ app_init ] --END-- [ RunTime:0.002000s ]
INFO: [ app_begin ] --START--
INFO: Run Behavior\ReadHtmlCacheBehavior [ RunTime:0.001000s ]
INFO: [ app_begin ] --END-- [ RunTime:0.002000s ]
SQL: SHOW COLUMNS FROM `ecnu_mind`.`user_base` [ RunTime:0.0070s ]
SQL: SELECT `password`,`user_id`,`user_access` FROM ecnu_mind.user_base WHERE `username` = 'testECNU' LIMIT 1   [ RunTime:0.0020s ]
SQL: UPDATE ecnu_mind.user_base SET `last_login_date`='2015-10-04' WHERE ( user_id=2 ) [ RunTime:0.0060s ]
SQL: SHOW COLUMNS FROM `ecnu_mind`.`user_custom` [ RunTime:0.0080s ]
SQL: SELECT `student_id`,`complete_steps` FROM ecnu_mind.user_custom WHERE `user_id` = 2 LIMIT 1   [ RunTime:0.0010s ]

[ 2015-10-04T15:23:52+08:00 ] ::1 /webprj/ecnu_mind/index.php
INFO: [ app_init ] --START--
INFO: Run Behavior\BuildLiteBehavior [ RunTime:0.001000s ]
INFO: [ app_init ] --END-- [ RunTime:0.004000s ]
INFO: [ app_begin ] --START--
INFO: Run Behavior\ReadHtmlCacheBehavior [ RunTime:0.005000s ]
INFO: [ app_begin ] --END-- [ RunTime:0.009000s ]

[ 2015-10-04T15:26:51+08:00 ] ::1 /webprj/ecnu_mind/index.php/Home/itemControl/itemControl
INFO: [ app_init ] --START--
INFO: Run Behavior\BuildLiteBehavior [ RunTime:0.000000s ]
INFO: [ app_init ] --END-- [ RunTime:0.004000s ]
INFO: [ app_begin ] --START--
INFO: Run Behavior\ReadHtmlCacheBehavior [ RunTime:0.002000s ]
INFO: [ app_begin ] --END-- [ RunTime:0.006000s ]
ERR: 无法加载控制器:ItemControl

[ 2015-10-04T15:28:51+08:00 ] ::1 /webprj/ecnu_mind/index.php?XDEBUG_SESSION_START=ECLIPSE_DBGP&KEY=14439437311881
INFO: [ app_init ] --START--
INFO: Run Behavior\BuildLiteBehavior [ RunTime:0.000000s ]
INFO: [ app_init ] --END-- [ RunTime:0.001000s ]
INFO: [ app_begin ] --START--
INFO: Run Behavior\ReadHtmlCacheBehavior [ RunTime:0.001000s ]
INFO: [ app_begin ] --END-- [ RunTime:0.006000s ]

[ 2015-10-04T15:29:37+08:00 ] ::1 /webprj/ecnu_mind/index.php/Home/ability/genDB
INFO: [ app_init ] --START--
INFO: Run Behavior\BuildLiteBehavior [ RunTime:0.000000s ]
INFO: [ app_init ] --END-- [ RunTime:0.002000s ]
INFO: [ app_begin ] --START--
INFO: Run Behavior\ReadHtmlCacheBehavior [ RunTime:0.001000s ]
INFO: [ app_begin ] --END-- [ RunTime:0.002001s ]
ERR: 无法加载控制器:Ability

[ 2015-10-04T15:30:14+08:00 ] ::1 /webprj/ecnu_mind/index.php
INFO: [ app_init ] --START--
INFO: Run Behavior\BuildLiteBehavior [ RunTime:0.000000s ]
INFO: [ app_init ] --END-- [ RunTime:0.001000s ]
INFO: [ app_begin ] --START--
INFO: Run Behavior\ReadHtmlCacheBehavior [ RunTime:0.002000s ]
INFO: [ app_begin ] --END-- [ RunTime:0.003000s ]

[ 2015-10-04T15:30:27+08:00 ] ::1 /webprj/ecnu_mind/index.php
INFO: [ app_init ] --START--
INFO: Run Behavior\BuildLiteBehavior [ RunTime:0.001000s ]
INFO: [ app_init ] --END-- [ RunTime:0.003000s ]
INFO: [ app_begin ] --START--
INFO: Run Behavior\ReadHtmlCacheBehavior [ RunTime:0.001000s ]
INFO: [ app_begin ] --END-- [ RunTime:0.003000s ]

[ 2015-10-04T15:32:58+08:00 ] ::1 /webprj/ecnu_mind/index.php?XDEBUG_SESSION_START=ECLIPSE_DBGP&KEY=14439439782162
INFO: [ app_init ] --START--
INFO: Run Behavior\BuildLiteBehavior [ RunTime:0.000000s ]
INFO: [ app_init ] --END-- [ RunTime:0.002000s ]
INFO: [ app_begin ] --START--
INFO: Run Behavior\ReadHtmlCacheBehavior [ RunTime:0.001000s ]
INFO: [ app_begin ] --END-- [ RunTime:0.003000s ]

[ 2015-10-04T15:33:45+08:00 ] ::1 /webprj/ecnu_mind/index.php/Home/ability/genDB
INFO: [ app_init ] --START--
INFO: Run Behavior\BuildLiteBehavior [ RunTime:0.001000s ]
INFO: [ app_init ] --END-- [ RunTime:0.001000s ]
INFO: [ app_begin ] --START--
INFO: Run Behavior\ReadHtmlCacheBehavior [ RunTime:0.001001s ]
INFO: [ app_begin ] --END-- [ RunTime:0.001001s ]
ERR: 无法加载控制器:Ability

[ 2015-10-04T15:51:17+08:00 ] ::1 /webprj/ecnu_mind/index.php/Home/ability/genDB
INFO: [ app_init ] --START--
INFO: Run Behavior\BuildLiteBehavior [ RunTime:0.000000s ]
INFO: [ app_init ] --END-- [ RunTime:0.001000s ]
INFO: [ app_begin ] --START--
INFO: Run Behavior\ReadHtmlCacheBehavior [ RunTime:0.001000s ]
INFO: [ app_begin ] --END-- [ RunTime:0.001000s ]
ERR: 无法加载控制器:Ability

[ 2015-10-04T15:51:20+08:00 ] ::1 /webprj/ecnu_mind/index.php/Home/ability/genDB
INFO: [ app_init ] --START--
INFO: Run Behavior\BuildLiteBehavior [ RunTime:0.000000s ]
INFO: [ app_init ] --END-- [ RunTime:0.001000s ]
INFO: [ app_begin ] --START--
INFO: Run Behavior\ReadHtmlCacheBehavior [ RunTime:0.001000s ]
INFO: [ app_begin ] --END-- [ RunTime:0.001000s ]
ERR: 无法加载控制器:Ability
=======
[ 2015-10-04T21:31:14+08:00 ] ::1 /webprj/ecnu_mind/index.php?XDEBUG_SESSION_START=ECLIPSE_DBGP&KEY=144396547354246
INFO: [ app_init ] --START--
INFO: Run Behavior\BuildLiteBehavior [ RunTime:0.001000s ]
INFO: [ app_init ] --END-- [ RunTime:0.001000s ]
INFO: [ app_begin ] --START--
INFO: Run Behavior\ReadHtmlCacheBehavior [ RunTime:0.001000s ]
INFO: [ app_begin ] --END-- [ RunTime:0.002000s ]

[ 2015-10-04T21:31:17+08:00 ] ::1 /webprj/ecnu_mind/index.php/Home/Index/logout
INFO: [ app_init ] --START--
INFO: Run Behavior\BuildLiteBehavior [ RunTime:0.000000s ]
INFO: [ app_init ] --END-- [ RunTime:0.001000s ]
INFO: [ app_begin ] --START--
INFO: Run Behavior\ReadHtmlCacheBehavior [ RunTime:0.000000s ]
INFO: [ app_begin ] --END-- [ RunTime:0.000000s ]

[ 2015-10-04T21:31:17+08:00 ] ::1 /webprj/ecnu_mind/index.php/
INFO: [ app_init ] --START--
INFO: Run Behavior\BuildLiteBehavior [ RunTime:0.000000s ]
INFO: [ app_init ] --END-- [ RunTime:0.001000s ]
INFO: [ app_begin ] --START--
INFO: Run Behavior\ReadHtmlCacheBehavior [ RunTime:0.001000s ]
INFO: [ app_begin ] --END-- [ RunTime:0.001000s ]
INFO: [ view_parse ] --START--
INFO: [ template_filter ] --START--
INFO: Run Behavior\ContentReplaceBehavior [ RunTime:0.000000s ]
INFO: [ template_filter ] --END-- [ RunTime:0.000000s ]
INFO: Run Behavior\ParseTemplateBehavior [ RunTime:0.014001s ]
INFO: [ view_parse ] --END-- [ RunTime:0.014001s ]
INFO: [ view_filter ] --START--
INFO: Run Behavior\WriteHtmlCacheBehavior [ RunTime:0.000000s ]
INFO: [ view_filter ] --END-- [ RunTime:0.001000s ]
INFO: [ app_end ] --START--
INFO: Run Behavior\ShowPageTraceBehavior [ RunTime:0.001000s ]
INFO: [ app_end ] --END-- [ RunTime:0.001000s ]

[ 2015-10-04T21:31:23+08:00 ] ::1 /webprj/ecnu_mind/index.php/Home/Index/login
INFO: [ app_init ] --START--
INFO: Run Behavior\BuildLiteBehavior [ RunTime:0.000000s ]
INFO: [ app_init ] --END-- [ RunTime:0.001000s ]
INFO: [ app_begin ] --START--
INFO: Run Behavior\ReadHtmlCacheBehavior [ RunTime:0.000000s ]
INFO: [ app_begin ] --END-- [ RunTime:0.002000s ]
SQL: SHOW COLUMNS FROM `ecnu_mind`.`user_base` [ RunTime:0.0040s ]
SQL: SELECT `password`,`user_id`,`user_access` FROM ecnu_mind.user_base WHERE `username` = 'testyy' LIMIT 1   [ RunTime:0.0000s ]
SQL: UPDATE ecnu_mind.user_base SET `last_login_date`='2015-10-04' WHERE ( user_id=11 ) [ RunTime:0.0490s ]
SQL: SHOW COLUMNS FROM `ecnu_mind`.`user_custom` [ RunTime:0.0110s ]
SQL: SELECT `student_id`,`complete_steps` FROM ecnu_mind.user_custom WHERE `user_id` = 11 LIMIT 1   [ RunTime:0.0000s ]

[ 2015-10-04T21:36:56+08:00 ] ::1 /webprj/ecnu_mind/index.php?XDEBUG_SESSION_START=ECLIPSE_DBGP&KEY=144396581551747
INFO: [ app_init ] --START--
INFO: Run Behavior\BuildLiteBehavior [ RunTime:0.000000s ]
INFO: [ app_init ] --END-- [ RunTime:0.001000s ]
INFO: [ app_begin ] --START--
INFO: Run Behavior\ReadHtmlCacheBehavior [ RunTime:0.001000s ]
INFO: [ app_begin ] --END-- [ RunTime:0.002001s ]

[ 2015-10-04T21:36:57+08:00 ] ::1 /webprj/ecnu_mind/index.php/Home/Index/logout
INFO: [ app_init ] --START--
INFO: Run Behavior\BuildLiteBehavior [ RunTime:0.000000s ]
INFO: [ app_init ] --END-- [ RunTime:0.001000s ]
INFO: [ app_begin ] --START--
INFO: Run Behavior\ReadHtmlCacheBehavior [ RunTime:0.001000s ]
INFO: [ app_begin ] --END-- [ RunTime:0.001000s ]

[ 2015-10-04T21:36:57+08:00 ] ::1 /webprj/ecnu_mind/index.php/
INFO: [ app_init ] --START--
INFO: Run Behavior\BuildLiteBehavior [ RunTime:0.000000s ]
INFO: [ app_init ] --END-- [ RunTime:0.001000s ]
INFO: [ app_begin ] --START--
INFO: Run Behavior\ReadHtmlCacheBehavior [ RunTime:0.001000s ]
INFO: [ app_begin ] --END-- [ RunTime:0.001000s ]
INFO: [ view_parse ] --START--
INFO: [ template_filter ] --START--
INFO: Run Behavior\ContentReplaceBehavior [ RunTime:0.000000s ]
INFO: [ template_filter ] --END-- [ RunTime:0.000000s ]
INFO: Run Behavior\ParseTemplateBehavior [ RunTime:0.012001s ]
INFO: [ view_parse ] --END-- [ RunTime:0.012001s ]
INFO: [ view_filter ] --START--
INFO: Run Behavior\WriteHtmlCacheBehavior [ RunTime:0.001000s ]
INFO: [ view_filter ] --END-- [ RunTime:0.001000s ]
INFO: [ app_end ] --START--
INFO: Run Behavior\ShowPageTraceBehavior [ RunTime:0.001000s ]
INFO: [ app_end ] --END-- [ RunTime:0.001000s ]

[ 2015-10-04T21:37:09+08:00 ] ::1 /webprj/ecnu_mind/index.php/Home/Index/login
INFO: [ app_init ] --START--
INFO: Run Behavior\BuildLiteBehavior [ RunTime:0.000000s ]
INFO: [ app_init ] --END-- [ RunTime:0.001000s ]
INFO: [ app_begin ] --START--
INFO: Run Behavior\ReadHtmlCacheBehavior [ RunTime:0.001000s ]
INFO: [ app_begin ] --END-- [ RunTime:0.002000s ]
SQL: SHOW COLUMNS FROM `ecnu_mind`.`user_base` [ RunTime:0.0040s ]
SQL: SELECT `password`,`user_id`,`user_access` FROM ecnu_mind.user_base WHERE `username` = 'testyy' LIMIT 1   [ RunTime:0.0000s ]
SQL: UPDATE ecnu_mind.user_base SET `last_login_date`='2015-10-04' WHERE ( user_id=11 ) [ RunTime:0.0540s ]
SQL: SHOW COLUMNS FROM `ecnu_mind`.`user_custom` [ RunTime:0.0130s ]
SQL: SELECT `student_id`,`complete_steps` FROM ecnu_mind.user_custom WHERE `user_id` = 11 LIMIT 1   [ RunTime:0.0010s ]

[ 2015-10-04T21:37:36+08:00 ] ::1 /webprj/ecnu_mind/index.php?XDEBUG_SESSION_START=ECLIPSE_DBGP&KEY=144396585626648
INFO: [ app_init ] --START--
INFO: Run Behavior\BuildLiteBehavior [ RunTime:0.000000s ]
INFO: [ app_init ] --END-- [ RunTime:0.002000s ]
INFO: [ app_begin ] --START--
INFO: Run Behavior\ReadHtmlCacheBehavior [ RunTime:0.001000s ]
INFO: [ app_begin ] --END-- [ RunTime:0.002000s ]

[ 2015-10-04T21:37:37+08:00 ] ::1 /webprj/ecnu_mind/index.php/Home/Index/logout
INFO: [ app_init ] --START--
INFO: Run Behavior\BuildLiteBehavior [ RunTime:0.000000s ]
INFO: [ app_init ] --END-- [ RunTime:0.000000s ]
INFO: [ app_begin ] --START--
INFO: Run Behavior\ReadHtmlCacheBehavior [ RunTime:0.000000s ]
INFO: [ app_begin ] --END-- [ RunTime:0.001000s ]

[ 2015-10-04T21:37:37+08:00 ] ::1 /webprj/ecnu_mind/index.php/
INFO: [ app_init ] --START--
INFO: Run Behavior\BuildLiteBehavior [ RunTime:0.000000s ]
INFO: [ app_init ] --END-- [ RunTime:0.001000s ]
INFO: [ app_begin ] --START--
INFO: Run Behavior\ReadHtmlCacheBehavior [ RunTime:0.001000s ]
INFO: [ app_begin ] --END-- [ RunTime:0.001000s ]
INFO: [ view_parse ] --START--
INFO: [ template_filter ] --START--
INFO: Run Behavior\ContentReplaceBehavior [ RunTime:0.000000s ]
INFO: [ template_filter ] --END-- [ RunTime:0.000000s ]
INFO: Run Behavior\ParseTemplateBehavior [ RunTime:0.014001s ]
INFO: [ view_parse ] --END-- [ RunTime:0.015001s ]
INFO: [ view_filter ] --START--
INFO: Run Behavior\WriteHtmlCacheBehavior [ RunTime:0.001000s ]
INFO: [ view_filter ] --END-- [ RunTime:0.001000s ]
INFO: [ app_end ] --START--
INFO: Run Behavior\ShowPageTraceBehavior [ RunTime:0.002000s ]
INFO: [ app_end ] --END-- [ RunTime:0.002000s ]

[ 2015-10-04T21:37:45+08:00 ] ::1 /webprj/ecnu_mind/index.php/Home/Index/login
INFO: [ app_init ] --START--
INFO: Run Behavior\BuildLiteBehavior [ RunTime:0.000000s ]
INFO: [ app_init ] --END-- [ RunTime:0.000000s ]
INFO: [ app_begin ] --START--
INFO: Run Behavior\ReadHtmlCacheBehavior [ RunTime:0.001000s ]
INFO: [ app_begin ] --END-- [ RunTime:0.001000s ]
SQL: SHOW COLUMNS FROM `ecnu_mind`.`user_base` [ RunTime:0.0150s ]
SQL: SELECT `password`,`user_id`,`user_access` FROM ecnu_mind.user_base WHERE `username` = 'testyy' LIMIT 1   [ RunTime:0.0010s ]

[ 2015-10-04T21:37:50+08:00 ] ::1 /webprj/ecnu_mind/index.php/Home/Index/login
INFO: [ app_init ] --START--
INFO: Run Behavior\BuildLiteBehavior [ RunTime:0.000000s ]
INFO: [ app_init ] --END-- [ RunTime:0.001000s ]
INFO: [ app_begin ] --START--
INFO: Run Behavior\ReadHtmlCacheBehavior [ RunTime:0.001000s ]
INFO: [ app_begin ] --END-- [ RunTime:0.001000s ]
SQL: SHOW COLUMNS FROM `ecnu_mind`.`user_base` [ RunTime:0.0040s ]
SQL: SELECT `password`,`user_id`,`user_access` FROM ecnu_mind.user_base WHERE `username` = 'testyy' LIMIT 1   [ RunTime:0.0010s ]
SQL: UPDATE ecnu_mind.user_base SET `last_login_date`='2015-10-04' WHERE ( user_id=11 ) [ RunTime:0.1080s ]
SQL: SHOW COLUMNS FROM `ecnu_mind`.`user_custom` [ RunTime:0.0140s ]
SQL: SELECT `student_id`,`complete_steps` FROM ecnu_mind.user_custom WHERE `user_id` = 11 LIMIT 1   [ RunTime:0.0010s ]

[ 2015-10-04T21:41:23+08:00 ] ::1 /webprj/ecnu_mind/index.php/home/home/checkForm?action=combobox&value=1|1|2
INFO: [ app_init ] --START--
INFO: Run Behavior\BuildLiteBehavior [ RunTime:0.000000s ]
INFO: [ app_init ] --END-- [ RunTime:0.000000s ]
INFO: [ app_begin ] --START--
INFO: Run Behavior\ReadHtmlCacheBehavior [ RunTime:0.001000s ]
INFO: [ app_begin ] --END-- [ RunTime:0.001000s ]
ERR: 无法加载控制器:Home

[ 2015-10-04T21:41:26+08:00 ] ::1 /webprj/ecnu_mind/index.php/home/home/checkForm?action=combobox&value=1|1|2
INFO: [ app_init ] --START--
INFO: Run Behavior\BuildLiteBehavior [ RunTime:0.000000s ]
INFO: [ app_init ] --END-- [ RunTime:0.001000s ]
INFO: [ app_begin ] --START--
INFO: Run Behavior\ReadHtmlCacheBehavior [ RunTime:0.000000s ]
INFO: [ app_begin ] --END-- [ RunTime:0.000000s ]
ERR: 无法加载控制器:Home

[ 2015-10-04T21:41:33+08:00 ] ::1 /webprj/ecnu_mind/index.php
INFO: [ app_init ] --START--
INFO: Run Behavior\BuildLiteBehavior [ RunTime:0.000000s ]
INFO: [ app_init ] --END-- [ RunTime:0.001000s ]
INFO: [ app_begin ] --START--
INFO: Run Behavior\ReadHtmlCacheBehavior [ RunTime:0.001000s ]
INFO: [ app_begin ] --END-- [ RunTime:0.001000s ]

[ 2015-10-04T21:41:35+08:00 ] ::1 /webprj/ecnu_mind/index.php/Home/Index/logout
INFO: [ app_init ] --START--
INFO: Run Behavior\BuildLiteBehavior [ RunTime:0.000000s ]
INFO: [ app_init ] --END-- [ RunTime:0.001000s ]
INFO: [ app_begin ] --START--
INFO: Run Behavior\ReadHtmlCacheBehavior [ RunTime:0.001000s ]
INFO: [ app_begin ] --END-- [ RunTime:0.001000s ]

[ 2015-10-04T21:41:35+08:00 ] ::1 /webprj/ecnu_mind/index.php/
INFO: [ app_init ] --START--
INFO: Run Behavior\BuildLiteBehavior [ RunTime:0.000000s ]
INFO: [ app_init ] --END-- [ RunTime:0.002000s ]
INFO: [ app_begin ] --START--
INFO: Run Behavior\ReadHtmlCacheBehavior [ RunTime:0.001000s ]
INFO: [ app_begin ] --END-- [ RunTime:0.002000s ]
INFO: [ view_parse ] --START--
INFO: [ template_filter ] --START--
INFO: Run Behavior\ContentReplaceBehavior [ RunTime:0.001000s ]
INFO: [ template_filter ] --END-- [ RunTime:0.001000s ]
INFO: Run Behavior\ParseTemplateBehavior [ RunTime:0.011000s ]
INFO: [ view_parse ] --END-- [ RunTime:0.012000s ]
INFO: [ view_filter ] --START--
INFO: Run Behavior\WriteHtmlCacheBehavior [ RunTime:0.001000s ]
INFO: [ view_filter ] --END-- [ RunTime:0.001000s ]
INFO: [ app_end ] --START--
INFO: Run Behavior\ShowPageTraceBehavior [ RunTime:0.001000s ]
INFO: [ app_end ] --END-- [ RunTime:0.002000s ]

[ 2015-10-04T21:41:44+08:00 ] ::1 /webprj/ecnu_mind/index.php/Home/Index/login
INFO: [ app_init ] --START--
INFO: Run Behavior\BuildLiteBehavior [ RunTime:0.001000s ]
INFO: [ app_init ] --END-- [ RunTime:0.002001s ]
INFO: [ app_begin ] --START--
INFO: Run Behavior\ReadHtmlCacheBehavior [ RunTime:0.001000s ]
INFO: [ app_begin ] --END-- [ RunTime:0.002000s ]
SQL: SHOW COLUMNS FROM `ecnu_mind`.`user_base` [ RunTime:0.0060s ]
SQL: SELECT `password`,`user_id`,`user_access` FROM ecnu_mind.user_base WHERE `username` = 'testyy' LIMIT 1   [ RunTime:0.0010s ]
SQL: UPDATE ecnu_mind.user_base SET `last_login_date`='2015-10-04' WHERE ( user_id=11 ) [ RunTime:0.0030s ]
SQL: SHOW COLUMNS FROM `ecnu_mind`.`user_custom` [ RunTime:0.0040s ]
SQL: SELECT `student_id`,`complete_steps` FROM ecnu_mind.user_custom WHERE `user_id` = 11 LIMIT 1   [ RunTime:0.0000s ]

[ 2015-10-04T21:42:53+08:00 ] ::1 /webprj/ecnu_mind/index.php/home/home/checkForm?action=combobox&value=1|1|2
INFO: [ app_init ] --START--
INFO: Run Behavior\BuildLiteBehavior [ RunTime:0.000000s ]
INFO: [ app_init ] --END-- [ RunTime:0.001000s ]
INFO: [ app_begin ] --START--
INFO: Run Behavior\ReadHtmlCacheBehavior [ RunTime:0.001000s ]
INFO: [ app_begin ] --END-- [ RunTime:0.001000s ]
ERR: 无法加载控制器:Home

[ 2015-10-04T21:43:12+08:00 ] ::1 /webprj/ecnu_mind/index.php
INFO: [ app_init ] --START--
INFO: Run Behavior\BuildLiteBehavior [ RunTime:0.000000s ]
INFO: [ app_init ] --END-- [ RunTime:0.001000s ]
INFO: [ app_begin ] --START--
INFO: Run Behavior\ReadHtmlCacheBehavior [ RunTime:0.001000s ]
INFO: [ app_begin ] --END-- [ RunTime:0.002000s ]

[ 2015-10-04T21:43:14+08:00 ] ::1 /webprj/ecnu_mind/index.php/Home/Index/logout
INFO: [ app_init ] --START--
INFO: Run Behavior\BuildLiteBehavior [ RunTime:0.000000s ]
INFO: [ app_init ] --END-- [ RunTime:0.000000s ]
INFO: [ app_begin ] --START--
INFO: Run Behavior\ReadHtmlCacheBehavior [ RunTime:0.001000s ]
INFO: [ app_begin ] --END-- [ RunTime:0.001000s ]

[ 2015-10-04T21:43:14+08:00 ] ::1 /webprj/ecnu_mind/index.php/
INFO: [ app_init ] --START--
INFO: Run Behavior\BuildLiteBehavior [ RunTime:0.000000s ]
INFO: [ app_init ] --END-- [ RunTime:0.000000s ]
INFO: [ app_begin ] --START--
INFO: Run Behavior\ReadHtmlCacheBehavior [ RunTime:0.001001s ]
INFO: [ app_begin ] --END-- [ RunTime:0.001001s ]
INFO: [ view_parse ] --START--
INFO: [ template_filter ] --START--
INFO: Run Behavior\ContentReplaceBehavior [ RunTime:0.000000s ]
INFO: [ template_filter ] --END-- [ RunTime:0.001000s ]
INFO: Run Behavior\ParseTemplateBehavior [ RunTime:0.011000s ]
INFO: [ view_parse ] --END-- [ RunTime:0.012000s ]
INFO: [ view_filter ] --START--
INFO: Run Behavior\WriteHtmlCacheBehavior [ RunTime:0.000000s ]
INFO: [ view_filter ] --END-- [ RunTime:0.001000s ]
INFO: [ app_end ] --START--
INFO: Run Behavior\ShowPageTraceBehavior [ RunTime:0.001000s ]
INFO: [ app_end ] --END-- [ RunTime:0.001000s ]

[ 2015-10-04T21:43:24+08:00 ] ::1 /webprj/ecnu_mind/index.php/Home/Index/login
INFO: [ app_init ] --START--
INFO: Run Behavior\BuildLiteBehavior [ RunTime:0.000000s ]
INFO: [ app_init ] --END-- [ RunTime:0.000000s ]
INFO: [ app_begin ] --START--
INFO: Run Behavior\ReadHtmlCacheBehavior [ RunTime:0.001000s ]
INFO: [ app_begin ] --END-- [ RunTime:0.001000s ]
SQL: SHOW COLUMNS FROM `ecnu_mind`.`user_base` [ RunTime:0.0050s ]
SQL: SELECT `password`,`user_id`,`user_access` FROM ecnu_mind.user_base WHERE `username` = 'testyy' LIMIT 1   [ RunTime:0.0000s ]
SQL: UPDATE ecnu_mind.user_base SET `last_login_date`='2015-10-04' WHERE ( user_id=11 ) [ RunTime:0.0250s ]
SQL: SHOW COLUMNS FROM `ecnu_mind`.`user_custom` [ RunTime:0.0040s ]
SQL: SELECT `student_id`,`complete_steps` FROM ecnu_mind.user_custom WHERE `user_id` = 11 LIMIT 1   [ RunTime:0.0010s ]

[ 2015-10-04T21:43:27+08:00 ] ::1 /webprj/ecnu_mind/index.php/home/home/checkForm?action=combobox&value=1|1|2
INFO: [ app_init ] --START--
INFO: Run Behavior\BuildLiteBehavior [ RunTime:0.000000s ]
INFO: [ app_init ] --END-- [ RunTime:0.000000s ]
INFO: [ app_begin ] --START--
INFO: Run Behavior\ReadHtmlCacheBehavior [ RunTime:0.001000s ]
INFO: [ app_begin ] --END-- [ RunTime:0.001000s ]
ERR: 无法加载控制器:Home

[ 2015-10-04T21:43:33+08:00 ] ::1 /webprj/ecnu_mind/index.php/home/home/checkForm?action=combobox&value=1|1|2
INFO: [ app_init ] --START--
INFO: Run Behavior\BuildLiteBehavior [ RunTime:0.000000s ]
INFO: [ app_init ] --END-- [ RunTime:0.001000s ]
INFO: [ app_begin ] --START--
INFO: Run Behavior\ReadHtmlCacheBehavior [ RunTime:0.001000s ]
INFO: [ app_begin ] --END-- [ RunTime:0.002000s ]
ERR: 无法加载控制器:Home

[ 2015-10-04T21:43:59+08:00 ] ::1 /webprj/ecnu_mind/index.php?XDEBUG_SESSION_START=ECLIPSE_DBGP&KEY=144396623847649
INFO: [ app_init ] --START--
INFO: Run Behavior\BuildLiteBehavior [ RunTime:0.000000s ]
INFO: [ app_init ] --END-- [ RunTime:0.001000s ]
INFO: [ app_begin ] --START--
INFO: Run Behavior\ReadHtmlCacheBehavior [ RunTime:0.000000s ]
INFO: [ app_begin ] --END-- [ RunTime:0.002000s ]

[ 2015-10-04T21:44:00+08:00 ] ::1 /webprj/ecnu_mind/index.php/Home/Index/logout
INFO: [ app_init ] --START--
INFO: Run Behavior\BuildLiteBehavior [ RunTime:0.000000s ]
INFO: [ app_init ] --END-- [ RunTime:0.001000s ]
INFO: [ app_begin ] --START--
INFO: Run Behavior\ReadHtmlCacheBehavior [ RunTime:0.000000s ]
INFO: [ app_begin ] --END-- [ RunTime:0.001000s ]

[ 2015-10-04T21:44:00+08:00 ] ::1 /webprj/ecnu_mind/index.php/
INFO: [ app_init ] --START--
INFO: Run Behavior\BuildLiteBehavior [ RunTime:0.000000s ]
INFO: [ app_init ] --END-- [ RunTime:0.001000s ]
INFO: [ app_begin ] --START--
INFO: Run Behavior\ReadHtmlCacheBehavior [ RunTime:0.001001s ]
INFO: [ app_begin ] --END-- [ RunTime:0.001001s ]
INFO: [ view_parse ] --START--
INFO: [ template_filter ] --START--
INFO: Run Behavior\ContentReplaceBehavior [ RunTime:0.000000s ]
INFO: [ template_filter ] --END-- [ RunTime:0.002000s ]
INFO: Run Behavior\ParseTemplateBehavior [ RunTime:0.013000s ]
INFO: [ view_parse ] --END-- [ RunTime:0.014001s ]
INFO: [ view_filter ] --START--
INFO: Run Behavior\WriteHtmlCacheBehavior [ RunTime:0.000000s ]
INFO: [ view_filter ] --END-- [ RunTime:0.001000s ]
INFO: [ app_end ] --START--
INFO: Run Behavior\ShowPageTraceBehavior [ RunTime:0.001000s ]
INFO: [ app_end ] --END-- [ RunTime:0.002000s ]

[ 2015-10-04T21:44:11+08:00 ] ::1 /webprj/ecnu_mind/index.php/Home/Index/login
INFO: [ app_init ] --START--
INFO: Run Behavior\BuildLiteBehavior [ RunTime:0.000000s ]
INFO: [ app_init ] --END-- [ RunTime:0.001000s ]
INFO: [ app_begin ] --START--
INFO: Run Behavior\ReadHtmlCacheBehavior [ RunTime:0.001001s ]
INFO: [ app_begin ] --END-- [ RunTime:0.001001s ]
SQL: SHOW COLUMNS FROM `ecnu_mind`.`user_base` [ RunTime:0.0140s ]
SQL: SELECT `password`,`user_id`,`user_access` FROM ecnu_mind.user_base WHERE `username` = 'testyy' LIMIT 1   [ RunTime:0.0010s ]
SQL: UPDATE ecnu_mind.user_base SET `last_login_date`='2015-10-04' WHERE ( user_id=11 ) [ RunTime:0.0040s ]
SQL: SHOW COLUMNS FROM `ecnu_mind`.`user_custom` [ RunTime:0.0070s ]
SQL: SELECT `student_id`,`complete_steps` FROM ecnu_mind.user_custom WHERE `user_id` = 11 LIMIT 1   [ RunTime:0.0020s ]

[ 2015-10-04T21:44:23+08:00 ] ::1 /webprj/ecnu_mind/index.php/home/home/checkForm?action=combobox&value=1|1|2
INFO: [ app_init ] --START--
INFO: Run Behavior\BuildLiteBehavior [ RunTime:0.000000s ]
INFO: [ app_init ] --END-- [ RunTime:0.000000s ]
INFO: [ app_begin ] --START--
INFO: Run Behavior\ReadHtmlCacheBehavior [ RunTime:0.000000s ]
INFO: [ app_begin ] --END-- [ RunTime:0.001000s ]
ERR: 无法加载控制器:Home

[ 2015-10-04T21:45:22+08:00 ] ::1 /webprj/ecnu_mind/index.php
INFO: [ app_init ] --START--
INFO: Run Behavior\BuildLiteBehavior [ RunTime:0.000000s ]
INFO: [ app_init ] --END-- [ RunTime:0.001000s ]
INFO: [ app_begin ] --START--
INFO: Run Behavior\ReadHtmlCacheBehavior [ RunTime:0.001001s ]
INFO: [ app_begin ] --END-- [ RunTime:0.001001s ]

[ 2015-10-04T21:45:24+08:00 ] ::1 /webprj/ecnu_mind/index.php/Home/Index/logout
INFO: [ app_init ] --START--
INFO: Run Behavior\BuildLiteBehavior [ RunTime:0.000000s ]
INFO: [ app_init ] --END-- [ RunTime:0.000000s ]
INFO: [ app_begin ] --START--
INFO: Run Behavior\ReadHtmlCacheBehavior [ RunTime:0.001001s ]
INFO: [ app_begin ] --END-- [ RunTime:0.001001s ]

[ 2015-10-04T21:45:24+08:00 ] ::1 /webprj/ecnu_mind/index.php/
INFO: [ app_init ] --START--
INFO: Run Behavior\BuildLiteBehavior [ RunTime:0.000000s ]
INFO: [ app_init ] --END-- [ RunTime:0.001000s ]
INFO: [ app_begin ] --START--
INFO: Run Behavior\ReadHtmlCacheBehavior [ RunTime:0.001000s ]
INFO: [ app_begin ] --END-- [ RunTime:0.001000s ]
INFO: [ view_parse ] --START--
INFO: [ template_filter ] --START--
INFO: Run Behavior\ContentReplaceBehavior [ RunTime:0.001000s ]
INFO: [ template_filter ] --END-- [ RunTime:0.001000s ]
INFO: Run Behavior\ParseTemplateBehavior [ RunTime:0.012001s ]
INFO: [ view_parse ] --END-- [ RunTime:0.012001s ]
INFO: [ view_filter ] --START--
INFO: Run Behavior\WriteHtmlCacheBehavior [ RunTime:0.001000s ]
INFO: [ view_filter ] --END-- [ RunTime:0.001000s ]
INFO: [ app_end ] --START--
INFO: Run Behavior\ShowPageTraceBehavior [ RunTime:0.001000s ]
INFO: [ app_end ] --END-- [ RunTime:0.001000s ]

[ 2015-10-04T21:45:30+08:00 ] ::1 /webprj/ecnu_mind/index.php/Home/Index/login
INFO: [ app_init ] --START--
INFO: Run Behavior\BuildLiteBehavior [ RunTime:0.000000s ]
INFO: [ app_init ] --END-- [ RunTime:0.001000s ]
INFO: [ app_begin ] --START--
INFO: Run Behavior\ReadHtmlCacheBehavior [ RunTime:0.001000s ]
INFO: [ app_begin ] --END-- [ RunTime:0.001000s ]
SQL: SHOW COLUMNS FROM `ecnu_mind`.`user_base` [ RunTime:0.0050s ]
SQL: SELECT `password`,`user_id`,`user_access` FROM ecnu_mind.user_base WHERE `username` = 'testyy' LIMIT 1   [ RunTime:0.0010s ]
SQL: UPDATE ecnu_mind.user_base SET `last_login_date`='2015-10-04' WHERE ( user_id=11 ) [ RunTime:0.0080s ]
SQL: SHOW COLUMNS FROM `ecnu_mind`.`user_custom` [ RunTime:0.0050s ]
SQL: SELECT `student_id`,`complete_steps` FROM ecnu_mind.user_custom WHERE `user_id` = 11 LIMIT 1   [ RunTime:0.0000s ]

[ 2015-10-04T21:46:47+08:00 ] ::1 /webprj/ecnu_mind/index.php
INFO: [ app_init ] --START--
INFO: Run Behavior\BuildLiteBehavior [ RunTime:0.000000s ]
INFO: [ app_init ] --END-- [ RunTime:0.001000s ]
INFO: [ app_begin ] --START--
INFO: Run Behavior\ReadHtmlCacheBehavior [ RunTime:0.001000s ]
INFO: [ app_begin ] --END-- [ RunTime:0.001000s ]

[ 2015-10-04T21:46:49+08:00 ] ::1 /webprj/ecnu_mind/index.php/Home/Index/logout
INFO: [ app_init ] --START--
INFO: Run Behavior\BuildLiteBehavior [ RunTime:0.001000s ]
INFO: [ app_init ] --END-- [ RunTime:0.002000s ]
INFO: [ app_begin ] --START--
INFO: Run Behavior\ReadHtmlCacheBehavior [ RunTime:0.000000s ]
INFO: [ app_begin ] --END-- [ RunTime:0.002000s ]

[ 2015-10-04T21:46:49+08:00 ] ::1 /webprj/ecnu_mind/index.php/
INFO: [ app_init ] --START--
INFO: Run Behavior\BuildLiteBehavior [ RunTime:0.000000s ]
INFO: [ app_init ] --END-- [ RunTime:0.001000s ]
INFO: [ app_begin ] --START--
INFO: Run Behavior\ReadHtmlCacheBehavior [ RunTime:0.000000s ]
INFO: [ app_begin ] --END-- [ RunTime:0.001001s ]
INFO: [ view_parse ] --START--
INFO: [ template_filter ] --START--
INFO: Run Behavior\ContentReplaceBehavior [ RunTime:0.000000s ]
INFO: [ template_filter ] --END-- [ RunTime:0.000000s ]
INFO: Run Behavior\ParseTemplateBehavior [ RunTime:0.012000s ]
INFO: [ view_parse ] --END-- [ RunTime:0.012000s ]
INFO: [ view_filter ] --START--
INFO: Run Behavior\WriteHtmlCacheBehavior [ RunTime:0.000000s ]
INFO: [ view_filter ] --END-- [ RunTime:0.001000s ]
INFO: [ app_end ] --START--
INFO: Run Behavior\ShowPageTraceBehavior [ RunTime:0.001000s ]
INFO: [ app_end ] --END-- [ RunTime:0.001000s ]

[ 2015-10-04T21:47:01+08:00 ] ::1 /webprj/ecnu_mind/index.php/Home/Index/login
INFO: [ app_init ] --START--
INFO: Run Behavior\BuildLiteBehavior [ RunTime:0.000000s ]
INFO: [ app_init ] --END-- [ RunTime:0.001000s ]
INFO: [ app_begin ] --START--
INFO: Run Behavior\ReadHtmlCacheBehavior [ RunTime:0.000000s ]
INFO: [ app_begin ] --END-- [ RunTime:0.001000s ]
SQL: SHOW COLUMNS FROM `ecnu_mind`.`user_base` [ RunTime:0.0130s ]
SQL: SELECT `password`,`user_id`,`user_access` FROM ecnu_mind.user_base WHERE `username` = 'testyy' LIMIT 1   [ RunTime:0.0010s ]
SQL: UPDATE ecnu_mind.user_base SET `last_login_date`='2015-10-04' WHERE ( user_id=11 ) [ RunTime:0.0040s ]
SQL: SHOW COLUMNS FROM `ecnu_mind`.`user_custom` [ RunTime:0.0070s ]
SQL: SELECT `student_id`,`complete_steps` FROM ecnu_mind.user_custom WHERE `user_id` = 11 LIMIT 1   [ RunTime:0.0000s ]

[ 2015-10-04T21:48:21+08:00 ] ::1 /webprj/ecnu_mind/index.php
INFO: [ app_init ] --START--
INFO: Run Behavior\BuildLiteBehavior [ RunTime:0.000000s ]
INFO: [ app_init ] --END-- [ RunTime:0.001001s ]
INFO: [ app_begin ] --START--
INFO: Run Behavior\ReadHtmlCacheBehavior [ RunTime:0.002000s ]
INFO: [ app_begin ] --END-- [ RunTime:0.003000s ]

[ 2015-10-04T21:48:24+08:00 ] ::1 /webprj/ecnu_mind/index.php/Home/Index/logout
INFO: [ app_init ] --START--
INFO: Run Behavior\BuildLiteBehavior [ RunTime:0.000000s ]
INFO: [ app_init ] --END-- [ RunTime:0.001000s ]
INFO: [ app_begin ] --START--
INFO: Run Behavior\ReadHtmlCacheBehavior [ RunTime:0.000000s ]
INFO: [ app_begin ] --END-- [ RunTime:0.000000s ]

[ 2015-10-04T21:48:24+08:00 ] ::1 /webprj/ecnu_mind/index.php/
INFO: [ app_init ] --START--
INFO: Run Behavior\BuildLiteBehavior [ RunTime:0.000000s ]
INFO: [ app_init ] --END-- [ RunTime:0.001000s ]
INFO: [ app_begin ] --START--
INFO: Run Behavior\ReadHtmlCacheBehavior [ RunTime:0.000000s ]
INFO: [ app_begin ] --END-- [ RunTime:0.000000s ]
INFO: [ view_parse ] --START--
INFO: [ template_filter ] --START--
INFO: Run Behavior\ContentReplaceBehavior [ RunTime:0.000000s ]
INFO: [ template_filter ] --END-- [ RunTime:0.001000s ]
INFO: Run Behavior\ParseTemplateBehavior [ RunTime:0.012001s ]
INFO: [ view_parse ] --END-- [ RunTime:0.012001s ]
INFO: [ view_filter ] --START--
INFO: Run Behavior\WriteHtmlCacheBehavior [ RunTime:0.001000s ]
INFO: [ view_filter ] --END-- [ RunTime:0.001000s ]
INFO: [ app_end ] --START--
INFO: Run Behavior\ShowPageTraceBehavior [ RunTime:0.002000s ]
INFO: [ app_end ] --END-- [ RunTime:0.002000s ]

[ 2015-10-04T21:48:30+08:00 ] ::1 /webprj/ecnu_mind/index.php/Home/Index/login
INFO: [ app_init ] --START--
INFO: Run Behavior\BuildLiteBehavior [ RunTime:0.000000s ]
INFO: [ app_init ] --END-- [ RunTime:0.001000s ]
INFO: [ app_begin ] --START--
INFO: Run Behavior\ReadHtmlCacheBehavior [ RunTime:0.000000s ]
INFO: [ app_begin ] --END-- [ RunTime:0.000000s ]
SQL: SHOW COLUMNS FROM `ecnu_mind`.`user_base` [ RunTime:0.0040s ]
SQL: SELECT `password`,`user_id`,`user_access` FROM ecnu_mind.user_base WHERE `username` = 'testyy' LIMIT 1   [ RunTime:0.0010s ]
SQL: UPDATE ecnu_mind.user_base SET `last_login_date`='2015-10-04' WHERE ( user_id=11 ) [ RunTime:0.1130s ]
SQL: SHOW COLUMNS FROM `ecnu_mind`.`user_custom` [ RunTime:0.0080s ]
SQL: SELECT `student_id`,`complete_steps` FROM ecnu_mind.user_custom WHERE `user_id` = 11 LIMIT 1   [ RunTime:0.0010s ]

[ 2015-10-04T21:49:06+08:00 ] ::1 /webprj/ecnu_mind/index.php/home/home/checkForm?action=combobox&value=1|1|2
INFO: [ app_init ] --START--
INFO: Run Behavior\BuildLiteBehavior [ RunTime:0.000000s ]
INFO: [ app_init ] --END-- [ RunTime:0.001000s ]
INFO: [ app_begin ] --START--
INFO: Run Behavior\ReadHtmlCacheBehavior [ RunTime:0.001000s ]
INFO: [ app_begin ] --END-- [ RunTime:0.001000s ]
ERR: 无法加载控制器:Home

[ 2015-10-04T21:40:09+08:00 ] ::1 /webprj/ecnu_mind/index.php
INFO: [ app_init ] --START--
INFO: Run Behavior\BuildLiteBehavior [ RunTime:0.000033s ]
INFO: [ app_init ] --END-- [ RunTime:0.000517s ]
INFO: [ app_begin ] --START--
INFO: Run Behavior\ReadHtmlCacheBehavior [ RunTime:0.000600s ]
INFO: [ app_begin ] --END-- [ RunTime:0.000790s ]

[ 2015-10-04T21:40:14+08:00 ] ::1 /webprj/ecnu_mind/index.php
INFO: [ app_init ] --START--
INFO: Run Behavior\BuildLiteBehavior [ RunTime:0.000022s ]
INFO: [ app_init ] --END-- [ RunTime:0.000336s ]
INFO: [ app_begin ] --START--
INFO: Run Behavior\ReadHtmlCacheBehavior [ RunTime:0.000423s ]
INFO: [ app_begin ] --END-- [ RunTime:0.000525s ]

[ 2015-10-04T21:40:16+08:00 ] ::1 /webprj/ecnu_mind/index.php/Home/Index/logout
INFO: [ app_init ] --START--
INFO: Run Behavior\BuildLiteBehavior [ RunTime:0.000035s ]
INFO: [ app_init ] --END-- [ RunTime:0.000477s ]
INFO: [ app_begin ] --START--
INFO: Run Behavior\ReadHtmlCacheBehavior [ RunTime:0.000726s ]
INFO: [ app_begin ] --END-- [ RunTime:0.000878s ]

[ 2015-10-04T21:40:16+08:00 ] ::1 /webprj/ecnu_mind/index.php/
INFO: [ app_init ] --START--
INFO: Run Behavior\BuildLiteBehavior [ RunTime:0.000032s ]
INFO: [ app_init ] --END-- [ RunTime:0.000455s ]
INFO: [ app_begin ] --START--
INFO: Run Behavior\ReadHtmlCacheBehavior [ RunTime:0.000620s ]
INFO: [ app_begin ] --END-- [ RunTime:0.000762s ]
INFO: [ view_parse ] --START--
INFO: [ template_filter ] --START--
INFO: Run Behavior\ContentReplaceBehavior [ RunTime:0.000129s ]
INFO: [ template_filter ] --END-- [ RunTime:0.000275s ]
INFO: Run Behavior\ParseTemplateBehavior [ RunTime:0.007537s ]
INFO: [ view_parse ] --END-- [ RunTime:0.007677s ]
INFO: [ view_filter ] --START--
INFO: Run Behavior\WriteHtmlCacheBehavior [ RunTime:0.000439s ]
INFO: [ view_filter ] --END-- [ RunTime:0.000565s ]
INFO: [ app_end ] --START--
INFO: Run Behavior\ShowPageTraceBehavior [ RunTime:0.000748s ]
INFO: [ app_end ] --END-- [ RunTime:0.000918s ]

[ 2015-10-04T21:40:17+08:00 ] ::1 /webprj/ecnu_mind/index.php/Home/Index/login
INFO: [ app_init ] --START--
INFO: Run Behavior\BuildLiteBehavior [ RunTime:0.000030s ]
INFO: [ app_init ] --END-- [ RunTime:0.000458s ]
INFO: [ app_begin ] --START--
INFO: Run Behavior\ReadHtmlCacheBehavior [ RunTime:0.000624s ]
INFO: [ app_begin ] --END-- [ RunTime:0.000756s ]
SQL: SHOW COLUMNS FROM `ecnu_mind`.`user_base` [ RunTime:0.0022s ]
SQL: SELECT `password`,`user_id`,`user_access` FROM ecnu_mind.user_base WHERE `username` = 'testECNU' LIMIT 1   [ RunTime:0.0002s ]
SQL: UPDATE ecnu_mind.user_base SET `last_login_date`='2015-10-04' WHERE ( user_id=2 ) [ RunTime:0.0101s ]
SQL: SHOW COLUMNS FROM `ecnu_mind`.`user_custom` [ RunTime:0.0024s ]
SQL: SELECT `student_id`,`complete_steps` FROM ecnu_mind.user_custom WHERE `user_id` = 2 LIMIT 1   [ RunTime:0.0002s ]

[ 2015-10-04T21:40:22+08:00 ] ::1 /webprj/ecnu_mind/index.php/home/home/checkForm?action=combobox&value=%E8%B5%84%E7%8E%AF%E5%AD%A6%E9%99%A2|%E8%B5%84%E7%8E%AFxxx%E7%B3%BB|%E8%B5%84%E7%8E%AFxxx-2%E4%B8%93%E4%B8%9A
INFO: [ app_init ] --START--
INFO: Run Behavior\BuildLiteBehavior [ RunTime:0.000019s ]
INFO: [ app_init ] --END-- [ RunTime:0.000338s ]
INFO: [ app_begin ] --START--
INFO: Run Behavior\ReadHtmlCacheBehavior [ RunTime:0.000394s ]
INFO: [ app_begin ] --END-- [ RunTime:0.000476s ]
ERR: 无法加载控制器:Home

[ 2015-10-04T21:44:49+08:00 ] ::1 /webprj/ecnu_mind/index.php/home/home/checkForm?action=combobox&value=%E8%AE%A1%E7%AE%97%E6%9C%BA%E7%A7%91%E5%AD%A6%E4%B8%8E%E8%BD%AF%E4%BB%B6%E5%B7%A5%E7%A8%8B%E5%AD%A6%E9%99%A2%E5%AD%A6%E9%99%A2%E9%99%A2|%E8%B5%84%E7%8E%AFxxx%E7%B3%BB|%E8%B5%84%E7%8E%AFxxx-2%E4%B8%93%E4%B8%9A
INFO: [ app_init ] --START--
INFO: Run Behavior\BuildLiteBehavior [ RunTime:0.000049s ]
INFO: [ app_init ] --END-- [ RunTime:0.001099s ]
INFO: [ app_begin ] --START--
INFO: Run Behavior\ReadHtmlCacheBehavior [ RunTime:0.001155s ]
INFO: [ app_begin ] --END-- [ RunTime:0.001378s ]
ERR: 无法加载控制器:Home

[ 2015-10-04T21:44:56+08:00 ] ::1 /webprj/ecnu_mind/index.php/home/home/checkForm?action=combobox&value=%E8%AE%A1%E7%AE%97%E6%9C%BA%E7%A7%91%E5%AD%A6%E4%B8%8E%E8%BD%AF%E4%BB%B6%E5%B7%A5%E7%A8%8B%E5%AD%A6%E9%99%A2%E5%AD%A6%E9%99%A2%E9%99%A2|%E8%B5%84%E7%8E%AFxxx%E7%B3%BB|%E8%B5%84%E7%8E%AFxxx-2%E4%B8%93%E4%B8%9A
INFO: [ app_init ] --START--
INFO: Run Behavior\BuildLiteBehavior [ RunTime:0.000053s ]
INFO: [ app_init ] --END-- [ RunTime:0.000759s ]
INFO: [ app_begin ] --START--
INFO: Run Behavior\ReadHtmlCacheBehavior [ RunTime:0.000762s ]
INFO: [ app_begin ] --END-- [ RunTime:0.000921s ]
ERR: 无法加载控制器:Home

[ 2015-10-04T21:45:00+08:00 ] ::1 /webprj/ecnu_mind/index.php/home/home/checkForm?action=combobox&value=%E8%AE%A1%E7%AE%97%E6%9C%BA%E7%A7%91%E5%AD%A6%E4%B8%8E%E8%BD%AF%E4%BB%B6%E5%B7%A5%E7%A8%8B%E5%AD%A6%E9%99%A2%E5%AD%A6%E9%99%A2%E9%99%A2|%E8%B5%84%E7%8E%AFxxx%E7%B3%BB|%E8%B5%84%E7%8E%AFxxx-2%E4%B8%93%E4%B8%9A
INFO: [ app_init ] --START--
INFO: Run Behavior\BuildLiteBehavior [ RunTime:0.000046s ]
INFO: [ app_init ] --END-- [ RunTime:0.000696s ]
INFO: [ app_begin ] --START--
INFO: Run Behavior\ReadHtmlCacheBehavior [ RunTime:0.000863s ]
INFO: [ app_begin ] --END-- [ RunTime:0.001041s ]
ERR: 无法加载控制器:Home

[ 2015-10-04T21:45:04+08:00 ] ::1 /webprj/ecnu_mind/index.php/home/home/checkForm?action=combobox&value=%E8%AE%A1%E7%AE%97%E6%9C%BA%E7%A7%91%E5%AD%A6%E4%B8%8E%E8%BD%AF%E4%BB%B6%E5%B7%A5%E7%A8%8B%E5%AD%A6%E9%99%A2%E5%AD%A6%E9%99%A2%E9%99%A2|%E8%B5%84%E7%8E%AFxxx%E7%B3%BB|%E8%B5%84%E7%8E%AFxxx-2%E4%B8%93%E4%B8%9A
INFO: [ app_init ] --START--
INFO: Run Behavior\BuildLiteBehavior [ RunTime:0.000046s ]
INFO: [ app_init ] --END-- [ RunTime:0.000718s ]
INFO: [ app_begin ] --START--
INFO: Run Behavior\ReadHtmlCacheBehavior [ RunTime:0.000927s ]
INFO: [ app_begin ] --END-- [ RunTime:0.001121s ]
ERR: 无法加载控制器:Home

[ 2015-10-04T21:45:07+08:00 ] ::1 /webprj/ecnu_mind/index.php/home/home/checkForm?action=combobox&value=%E8%AE%A1%E7%AE%97%E6%9C%BA%E7%A7%91%E5%AD%A6%E4%B8%8E%E8%BD%AF%E4%BB%B6%E5%B7%A5%E7%A8%8B%E5%AD%A6%E9%99%A2%E5%AD%A6%E9%99%A2%E9%99%A2|%E8%B5%84%E7%8E%AFxxx%E7%B3%BB|%E8%B5%84%E7%8E%AFxxx-2%E4%B8%93%E4%B8%9A
INFO: [ app_init ] --START--
INFO: Run Behavior\BuildLiteBehavior [ RunTime:0.000027s ]
INFO: [ app_init ] --END-- [ RunTime:0.000415s ]
INFO: [ app_begin ] --START--
INFO: Run Behavior\ReadHtmlCacheBehavior [ RunTime:0.000538s ]
INFO: [ app_begin ] --END-- [ RunTime:0.000649s ]
ERR: 无法加载控制器:Home

[ 2015-10-04T21:46:10+08:00 ] ::1 /webprj/ecnu_mind/index.php/home/home/checkForm?action=combobox&value=%E8%B5%84%E7%8E%AF%E5%AD%A6%E9%99%A2|%E8%B5%84%E7%8E%AFxxx%E7%B3%BB|%E8%B5%84%E7%8E%AFxxx-2%E4%B8%93%E4%B8%9A
INFO: [ app_init ] --START--
INFO: Run Behavior\BuildLiteBehavior [ RunTime:0.000050s ]
INFO: [ app_init ] --END-- [ RunTime:0.000770s ]
INFO: [ app_begin ] --START--
INFO: Run Behavior\ReadHtmlCacheBehavior [ RunTime:0.001011s ]
INFO: [ app_begin ] --END-- [ RunTime:0.001219s ]
ERR: 无法加载控制器:Home

[ 2015-10-04T21:58:30+08:00 ] ::1 /webprj/ecnu_mind/index.php
INFO: [ app_init ] --START--
INFO: Run Behavior\BuildLiteBehavior [ RunTime:0.000027s ]
INFO: [ app_init ] --END-- [ RunTime:0.000427s ]
INFO: [ app_begin ] --START--
INFO: Run Behavior\ReadHtmlCacheBehavior [ RunTime:0.000504s ]
INFO: [ app_begin ] --END-- [ RunTime:0.000630s ]

[ 2015-10-04T21:58:32+08:00 ] ::1 /webprj/ecnu_mind/index.php/Home/Index/logout
INFO: [ app_init ] --START--
INFO: Run Behavior\BuildLiteBehavior [ RunTime:0.000027s ]
INFO: [ app_init ] --END-- [ RunTime:0.000456s ]
INFO: [ app_begin ] --START--
INFO: Run Behavior\ReadHtmlCacheBehavior [ RunTime:0.000571s ]
INFO: [ app_begin ] --END-- [ RunTime:0.000712s ]

[ 2015-10-04T21:58:32+08:00 ] ::1 /webprj/ecnu_mind/index.php/
INFO: [ app_init ] --START--
INFO: Run Behavior\BuildLiteBehavior [ RunTime:0.000027s ]
INFO: [ app_init ] --END-- [ RunTime:0.000444s ]
INFO: [ app_begin ] --START--
INFO: Run Behavior\ReadHtmlCacheBehavior [ RunTime:0.000628s ]
INFO: [ app_begin ] --END-- [ RunTime:0.000771s ]
INFO: [ view_parse ] --START--
INFO: [ template_filter ] --START--
INFO: Run Behavior\ContentReplaceBehavior [ RunTime:0.000148s ]
INFO: [ template_filter ] --END-- [ RunTime:0.000305s ]
INFO: Run Behavior\ParseTemplateBehavior [ RunTime:0.008260s ]
INFO: [ view_parse ] --END-- [ RunTime:0.008424s ]
INFO: [ view_filter ] --START--
INFO: Run Behavior\WriteHtmlCacheBehavior [ RunTime:0.000492s ]
INFO: [ view_filter ] --END-- [ RunTime:0.000619s ]
INFO: [ app_end ] --START--
INFO: Run Behavior\ShowPageTraceBehavior [ RunTime:0.000690s ]
INFO: [ app_end ] --END-- [ RunTime:0.000821s ]

[ 2015-10-04T21:58:33+08:00 ] ::1 /webprj/ecnu_mind/index.php/Home/Index/login
INFO: [ app_init ] --START--
INFO: Run Behavior\BuildLiteBehavior [ RunTime:0.000029s ]
INFO: [ app_init ] --END-- [ RunTime:0.000333s ]
INFO: [ app_begin ] --START--
INFO: Run Behavior\ReadHtmlCacheBehavior [ RunTime:0.000391s ]
INFO: [ app_begin ] --END-- [ RunTime:0.000479s ]
SQL: SHOW COLUMNS FROM `ecnu_mind`.`user_base` [ RunTime:0.0031s ]
SQL: SELECT `password`,`user_id`,`user_access` FROM ecnu_mind.user_base WHERE `username` = 'testECNU' LIMIT 1   [ RunTime:0.0005s ]
SQL: UPDATE ecnu_mind.user_base SET `last_login_date`='2015-10-04' WHERE ( user_id=2 ) [ RunTime:0.0040s ]
SQL: SHOW COLUMNS FROM `ecnu_mind`.`user_custom` [ RunTime:0.0025s ]
SQL: SELECT `student_id`,`complete_steps` FROM ecnu_mind.user_custom WHERE `user_id` = 2 LIMIT 1   [ RunTime:0.0002s ]

[ 2015-10-04T21:58:38+08:00 ] ::1 /webprj/ecnu_mind/index.php/home/home/checkForm?action=combobox&value=%E8%B5%84%E7%8E%AF%E5%AD%A6%E9%99%A2|%E8%B5%84%E7%8E%AFxxx%E7%B3%BB|%E8%B5%84%E7%8E%AFxxx-2%E4%B8%93%E4%B8%9A
INFO: [ app_init ] --START--
INFO: Run Behavior\BuildLiteBehavior [ RunTime:0.000050s ]
INFO: [ app_init ] --END-- [ RunTime:0.000770s ]
INFO: [ app_begin ] --START--
INFO: Run Behavior\ReadHtmlCacheBehavior [ RunTime:0.000974s ]
INFO: [ app_begin ] --END-- [ RunTime:0.001186s ]
ERR: 无法加载控制器:Home

[ 2015-10-04T21:58:48+08:00 ] ::1 /webprj/ecnu_mind/index.php
INFO: [ app_init ] --START--
INFO: Run Behavior\BuildLiteBehavior [ RunTime:0.000027s ]
INFO: [ app_init ] --END-- [ RunTime:0.000446s ]
INFO: [ app_begin ] --START--
INFO: Run Behavior\ReadHtmlCacheBehavior [ RunTime:0.000407s ]
INFO: [ app_begin ] --END-- [ RunTime:0.000508s ]
INFO: [ view_parse ] --START--
INFO: [ template_filter ] --START--
INFO: Run Behavior\ContentReplaceBehavior [ RunTime:0.000103s ]
INFO: [ template_filter ] --END-- [ RunTime:0.000212s ]
INFO: Run Behavior\ParseTemplateBehavior [ RunTime:0.006382s ]
INFO: [ view_parse ] --END-- [ RunTime:0.006516s ]
INFO: [ view_filter ] --START--
INFO: Run Behavior\WriteHtmlCacheBehavior [ RunTime:0.000340s ]
INFO: [ view_filter ] --END-- [ RunTime:0.000435s ]
INFO: [ app_end ] --START--
INFO: Run Behavior\ShowPageTraceBehavior [ RunTime:0.000476s ]
INFO: [ app_end ] --END-- [ RunTime:0.000573s ]

[ 2015-10-04T21:58:49+08:00 ] ::1 /webprj/ecnu_mind/index.php/Home/Index/login
INFO: [ app_init ] --START--
INFO: Run Behavior\BuildLiteBehavior [ RunTime:0.000024s ]
INFO: [ app_init ] --END-- [ RunTime:0.000413s ]
INFO: [ app_begin ] --START--
INFO: Run Behavior\ReadHtmlCacheBehavior [ RunTime:0.000704s ]
INFO: [ app_begin ] --END-- [ RunTime:0.000797s ]
SQL: SHOW COLUMNS FROM `ecnu_mind`.`user_base` [ RunTime:0.0025s ]
SQL: SELECT `password`,`user_id`,`user_access` FROM ecnu_mind.user_base WHERE `username` = 'testECNU' LIMIT 1   [ RunTime:0.0002s ]
SQL: UPDATE ecnu_mind.user_base SET `last_login_date`='2015-10-04' WHERE ( user_id=2 ) [ RunTime:0.0075s ]
SQL: SHOW COLUMNS FROM `ecnu_mind`.`user_custom` [ RunTime:0.0025s ]
SQL: SELECT `student_id`,`complete_steps` FROM ecnu_mind.user_custom WHERE `user_id` = 2 LIMIT 1   [ RunTime:0.0003s ]

[ 2015-10-04T22:00:02+08:00 ] ::1 /webprj/ecnu_mind/index.php/home/home/checkForm?action=combobox&value=%E8%AE%A1%E7%AE%97%E6%9C%BA%E7%A7%91%E5%AD%A6%E4%B8%8E%E8%BD%AF%E4%BB%B6%E5%B7%A5%E7%A8%8B%E5%AD%A6%E9%99%A2|%E8%AE%A1%E7%AE%97%E6%9C%BA%E7%A7%91%E5%AD%A6%E4%B8%8E%E6%8A%80%E6%9C%AF%E7%B3%BB|%E8%AE%A1%E7%AE%97%E6%9C%BA%E7%A7%91%E5%AD%A6%E4%B8%8E%E6%8A%80%E6%9C%AF
INFO: [ app_init ] --START--
INFO: Run Behavior\BuildLiteBehavior [ RunTime:0.000031s ]
INFO: [ app_init ] --END-- [ RunTime:0.000537s ]
INFO: [ app_begin ] --START--
INFO: Run Behavior\ReadHtmlCacheBehavior [ RunTime:0.000814s ]
INFO: [ app_begin ] --END-- [ RunTime:0.000952s ]
ERR: 无法加载控制器:Home

[ 2015-10-04T22:00:03+08:00 ] ::1 /webprj/ecnu_mind/index.php/home/home/checkForm?action=combobox&value=%E8%AE%A1%E7%AE%97%E6%9C%BA%E7%A7%91%E5%AD%A6%E4%B8%8E%E8%BD%AF%E4%BB%B6%E5%B7%A5%E7%A8%8B%E5%AD%A6%E9%99%A2|%E8%AE%A1%E7%AE%97%E6%9C%BA%E7%A7%91%E5%AD%A6%E4%B8%8E%E6%8A%80%E6%9C%AF%E7%B3%BB|%E8%AE%A1%E7%AE%97%E6%9C%BA%E7%A7%91%E5%AD%A6%E4%B8%8E%E6%8A%80%E6%9C%AF
INFO: [ app_init ] --START--
INFO: Run Behavior\BuildLiteBehavior [ RunTime:0.000035s ]
INFO: [ app_init ] --END-- [ RunTime:0.000558s ]
INFO: [ app_begin ] --START--
INFO: Run Behavior\ReadHtmlCacheBehavior [ RunTime:0.000833s ]
INFO: [ app_begin ] --END-- [ RunTime:0.000984s ]
ERR: 无法加载控制器:Home

[ 2015-10-04T22:01:29+08:00 ] ::1 /webprj/ecnu_mind/index.php
INFO: [ app_init ] --START--
INFO: Run Behavior\BuildLiteBehavior [ RunTime:0.000022s ]
INFO: [ app_init ] --END-- [ RunTime:0.000370s ]
INFO: [ app_begin ] --START--
INFO: Run Behavior\ReadHtmlCacheBehavior [ RunTime:0.000454s ]
INFO: [ app_begin ] --END-- [ RunTime:0.000556s ]

[ 2015-10-04T22:01:34+08:00 ] ::1 /webprj/ecnu_mind/index.php/Home/Index/logout
INFO: [ app_init ] --START--
INFO: Run Behavior\BuildLiteBehavior [ RunTime:0.000023s ]
INFO: [ app_init ] --END-- [ RunTime:0.000336s ]
INFO: [ app_begin ] --START--
INFO: Run Behavior\ReadHtmlCacheBehavior [ RunTime:0.000411s ]
INFO: [ app_begin ] --END-- [ RunTime:0.000517s ]

[ 2015-10-04T22:01:34+08:00 ] ::1 /webprj/ecnu_mind/index.php/
INFO: [ app_init ] --START--
INFO: Run Behavior\BuildLiteBehavior [ RunTime:0.000027s ]
INFO: [ app_init ] --END-- [ RunTime:0.000536s ]
INFO: [ app_begin ] --START--
INFO: Run Behavior\ReadHtmlCacheBehavior [ RunTime:0.000452s ]
INFO: [ app_begin ] --END-- [ RunTime:0.000568s ]
INFO: [ view_parse ] --START--
INFO: [ template_filter ] --START--
INFO: Run Behavior\ContentReplaceBehavior [ RunTime:0.000100s ]
INFO: [ template_filter ] --END-- [ RunTime:0.000214s ]
INFO: Run Behavior\ParseTemplateBehavior [ RunTime:0.006757s ]
INFO: [ view_parse ] --END-- [ RunTime:0.006881s ]
INFO: [ view_filter ] --START--
INFO: Run Behavior\WriteHtmlCacheBehavior [ RunTime:0.000339s ]
INFO: [ view_filter ] --END-- [ RunTime:0.000447s ]
INFO: [ app_end ] --START--
INFO: Run Behavior\ShowPageTraceBehavior [ RunTime:0.000464s ]
INFO: [ app_end ] --END-- [ RunTime:0.000564s ]

[ 2015-10-04T22:01:36+08:00 ] ::1 /webprj/ecnu_mind/index.php/Home/Index/login
INFO: [ app_init ] --START--
INFO: Run Behavior\BuildLiteBehavior [ RunTime:0.000028s ]
INFO: [ app_init ] --END-- [ RunTime:0.000421s ]
INFO: [ app_begin ] --START--
INFO: Run Behavior\ReadHtmlCacheBehavior [ RunTime:0.000719s ]
INFO: [ app_begin ] --END-- [ RunTime:0.000885s ]
SQL: SHOW COLUMNS FROM `ecnu_mind`.`user_base` [ RunTime:0.0030s ]
SQL: SELECT `password`,`user_id`,`user_access` FROM ecnu_mind.user_base WHERE `username` = 'testECNU' LIMIT 1   [ RunTime:0.0003s ]
SQL: UPDATE ecnu_mind.user_base SET `last_login_date`='2015-10-04' WHERE ( user_id=2 ) [ RunTime:0.0032s ]
SQL: SHOW COLUMNS FROM `ecnu_mind`.`user_custom` [ RunTime:0.0024s ]
SQL: SELECT `student_id`,`complete_steps` FROM ecnu_mind.user_custom WHERE `user_id` = 2 LIMIT 1   [ RunTime:0.0002s ]

[ 2015-10-04T22:02:02+08:00 ] ::1 /webprj/ecnu_mind/index.php/Home/Index/logout
INFO: [ app_init ] --START--
INFO: Run Behavior\BuildLiteBehavior [ RunTime:0.000030s ]
INFO: [ app_init ] --END-- [ RunTime:0.000467s ]
INFO: [ app_begin ] --START--
INFO: Run Behavior\ReadHtmlCacheBehavior [ RunTime:0.000656s ]
INFO: [ app_begin ] --END-- [ RunTime:0.000795s ]

[ 2015-10-04T22:02:02+08:00 ] ::1 /webprj/ecnu_mind/index.php/
INFO: [ app_init ] --START--
INFO: Run Behavior\BuildLiteBehavior [ RunTime:0.000031s ]
INFO: [ app_init ] --END-- [ RunTime:0.000454s ]
INFO: [ app_begin ] --START--
INFO: Run Behavior\ReadHtmlCacheBehavior [ RunTime:0.000797s ]
INFO: [ app_begin ] --END-- [ RunTime:0.000970s ]
INFO: [ view_parse ] --START--
INFO: [ template_filter ] --START--
INFO: Run Behavior\ContentReplaceBehavior [ RunTime:0.000129s ]
INFO: [ template_filter ] --END-- [ RunTime:0.000263s ]
INFO: Run Behavior\ParseTemplateBehavior [ RunTime:0.006854s ]
INFO: [ view_parse ] --END-- [ RunTime:0.006978s ]
INFO: [ view_filter ] --START--
INFO: Run Behavior\WriteHtmlCacheBehavior [ RunTime:0.000387s ]
INFO: [ view_filter ] --END-- [ RunTime:0.000487s ]
INFO: [ app_end ] --START--
INFO: Run Behavior\ShowPageTraceBehavior [ RunTime:0.000516s ]
INFO: [ app_end ] --END-- [ RunTime:0.000615s ]

[ 2015-10-04T22:02:05+08:00 ] ::1 /webprj/ecnu_mind/index.php/Home/Index/login
INFO: [ app_init ] --START--
INFO: Run Behavior\BuildLiteBehavior [ RunTime:0.000049s ]
INFO: [ app_init ] --END-- [ RunTime:0.000783s ]
INFO: [ app_begin ] --START--
INFO: Run Behavior\ReadHtmlCacheBehavior [ RunTime:0.000685s ]
INFO: [ app_begin ] --END-- [ RunTime:0.000809s ]
SQL: SHOW COLUMNS FROM `ecnu_mind`.`user_base` [ RunTime:0.0023s ]
SQL: SELECT `password`,`user_id`,`user_access` FROM ecnu_mind.user_base WHERE `username` = 'testECNU' LIMIT 1   [ RunTime:0.0002s ]
SQL: UPDATE ecnu_mind.user_base SET `last_login_date`='2015-10-04' WHERE ( user_id=2 ) [ RunTime:0.0121s ]
SQL: SHOW COLUMNS FROM `ecnu_mind`.`user_custom` [ RunTime:0.0024s ]
SQL: SELECT `student_id`,`complete_steps` FROM ecnu_mind.user_custom WHERE `user_id` = 2 LIMIT 1   [ RunTime:0.0002s ]

[ 2015-10-04T22:02:27+08:00 ] ::1 /webprj/ecnu_mind/index.php/home/home/checkForm?action=combobox&value=2|3|4
INFO: [ app_init ] --START--
INFO: Run Behavior\BuildLiteBehavior [ RunTime:0.000040s ]
INFO: [ app_init ] --END-- [ RunTime:0.000679s ]
INFO: [ app_begin ] --START--
INFO: Run Behavior\ReadHtmlCacheBehavior [ RunTime:0.000854s ]
INFO: [ app_begin ] --END-- [ RunTime:0.001016s ]
ERR: 无法加载控制器:Home

[ 2015-10-04T22:06:21+08:00 ] ::1 /webprj/ecnu_mind/index.php
INFO: [ app_init ] --START--
INFO: Run Behavior\BuildLiteBehavior [ RunTime:0.000024s ]
INFO: [ app_init ] --END-- [ RunTime:0.000405s ]
INFO: [ app_begin ] --START--
INFO: Run Behavior\ReadHtmlCacheBehavior [ RunTime:0.000468s ]
INFO: [ app_begin ] --END-- [ RunTime:0.000574s ]

[ 2015-10-04T22:06:23+08:00 ] ::1 /webprj/ecnu_mind/index.php/Home/Index/logout
INFO: [ app_init ] --START--
INFO: Run Behavior\BuildLiteBehavior [ RunTime:0.000023s ]
INFO: [ app_init ] --END-- [ RunTime:0.000386s ]
INFO: [ app_begin ] --START--
INFO: Run Behavior\ReadHtmlCacheBehavior [ RunTime:0.000409s ]
INFO: [ app_begin ] --END-- [ RunTime:0.000514s ]

[ 2015-10-04T22:06:23+08:00 ] ::1 /webprj/ecnu_mind/index.php/
INFO: [ app_init ] --START--
INFO: Run Behavior\BuildLiteBehavior [ RunTime:0.000022s ]
INFO: [ app_init ] --END-- [ RunTime:0.000327s ]
INFO: [ app_begin ] --START--
INFO: Run Behavior\ReadHtmlCacheBehavior [ RunTime:0.000401s ]
INFO: [ app_begin ] --END-- [ RunTime:0.000507s ]
INFO: [ view_parse ] --START--
INFO: [ template_filter ] --START--
INFO: Run Behavior\ContentReplaceBehavior [ RunTime:0.000137s ]
INFO: [ template_filter ] --END-- [ RunTime:0.000338s ]
INFO: Run Behavior\ParseTemplateBehavior [ RunTime:0.007658s ]
INFO: [ view_parse ] --END-- [ RunTime:0.007785s ]
INFO: [ view_filter ] --START--
INFO: Run Behavior\WriteHtmlCacheBehavior [ RunTime:0.000532s ]
INFO: [ view_filter ] --END-- [ RunTime:0.000663s ]
INFO: [ app_end ] --START--
INFO: Run Behavior\ShowPageTraceBehavior [ RunTime:0.000619s ]
INFO: [ app_end ] --END-- [ RunTime:0.000739s ]

[ 2015-10-04T22:06:24+08:00 ] ::1 /webprj/ecnu_mind/index.php/Home/Index/login
INFO: [ app_init ] --START--
INFO: Run Behavior\BuildLiteBehavior [ RunTime:0.000030s ]
INFO: [ app_init ] --END-- [ RunTime:0.000476s ]
INFO: [ app_begin ] --START--
INFO: Run Behavior\ReadHtmlCacheBehavior [ RunTime:0.000503s ]
INFO: [ app_begin ] --END-- [ RunTime:0.000620s ]
SQL: SHOW COLUMNS FROM `ecnu_mind`.`user_base` [ RunTime:0.0031s ]
SQL: SELECT `password`,`user_id`,`user_access` FROM ecnu_mind.user_base WHERE `username` = 'testECNU' LIMIT 1   [ RunTime:0.0004s ]
SQL: UPDATE ecnu_mind.user_base SET `last_login_date`='2015-10-04' WHERE ( user_id=2 ) [ RunTime:0.0049s ]
SQL: SHOW COLUMNS FROM `ecnu_mind`.`user_custom` [ RunTime:0.0025s ]
SQL: SELECT `student_id`,`complete_steps` FROM ecnu_mind.user_custom WHERE `user_id` = 2 LIMIT 1   [ RunTime:0.0002s ]

[ 2015-10-04T22:09:07+08:00 ] ::1 /webprj/ecnu_mind/index.php
INFO: [ app_init ] --START--
INFO: Run Behavior\BuildLiteBehavior [ RunTime:0.000023s ]
INFO: [ app_init ] --END-- [ RunTime:0.000371s ]
INFO: [ app_begin ] --START--
INFO: Run Behavior\ReadHtmlCacheBehavior [ RunTime:0.000691s ]
INFO: [ app_begin ] --END-- [ RunTime:0.000875s ]

[ 2015-10-04T22:09:08+08:00 ] ::1 /webprj/ecnu_mind/index.php/Home/Index/logout
INFO: [ app_init ] --START--
INFO: Run Behavior\BuildLiteBehavior [ RunTime:0.000028s ]
INFO: [ app_init ] --END-- [ RunTime:0.000424s ]
INFO: [ app_begin ] --START--
INFO: Run Behavior\ReadHtmlCacheBehavior [ RunTime:0.000632s ]
INFO: [ app_begin ] --END-- [ RunTime:0.000812s ]

[ 2015-10-04T22:09:08+08:00 ] ::1 /webprj/ecnu_mind/index.php/
INFO: [ app_init ] --START--
INFO: Run Behavior\BuildLiteBehavior [ RunTime:0.000041s ]
INFO: [ app_init ] --END-- [ RunTime:0.000608s ]
INFO: [ app_begin ] --START--
INFO: Run Behavior\ReadHtmlCacheBehavior [ RunTime:0.000563s ]
INFO: [ app_begin ] --END-- [ RunTime:0.000707s ]
INFO: [ view_parse ] --START--
INFO: [ template_filter ] --START--
INFO: Run Behavior\ContentReplaceBehavior [ RunTime:0.000149s ]
INFO: [ template_filter ] --END-- [ RunTime:0.000341s ]
INFO: Run Behavior\ParseTemplateBehavior [ RunTime:0.006239s ]
INFO: [ view_parse ] --END-- [ RunTime:0.006373s ]
INFO: [ view_filter ] --START--
INFO: Run Behavior\WriteHtmlCacheBehavior [ RunTime:0.000361s ]
INFO: [ view_filter ] --END-- [ RunTime:0.000456s ]
INFO: [ app_end ] --START--
INFO: Run Behavior\ShowPageTraceBehavior [ RunTime:0.000482s ]
INFO: [ app_end ] --END-- [ RunTime:0.000583s ]

[ 2015-10-04T22:09:10+08:00 ] ::1 /webprj/ecnu_mind/index.php/Home/Index/login
INFO: [ app_init ] --START--
INFO: Run Behavior\BuildLiteBehavior [ RunTime:0.000021s ]
INFO: [ app_init ] --END-- [ RunTime:0.000331s ]
INFO: [ app_begin ] --START--
INFO: Run Behavior\ReadHtmlCacheBehavior [ RunTime:0.000394s ]
INFO: [ app_begin ] --END-- [ RunTime:0.000483s ]
SQL: SHOW COLUMNS FROM `ecnu_mind`.`user_base` [ RunTime:0.0024s ]
SQL: SELECT `password`,`user_id`,`user_access` FROM ecnu_mind.user_base WHERE `username` = 'testECNU' LIMIT 1   [ RunTime:0.0002s ]
SQL: UPDATE ecnu_mind.user_base SET `last_login_date`='2015-10-04' WHERE ( user_id=2 ) [ RunTime:0.0102s ]
SQL: SHOW COLUMNS FROM `ecnu_mind`.`user_custom` [ RunTime:0.0023s ]
SQL: SELECT `student_id`,`complete_steps` FROM ecnu_mind.user_custom WHERE `user_id` = 2 LIMIT 1   [ RunTime:0.0002s ]

[ 2015-10-04T22:09:53+08:00 ] ::1 /webprj/ecnu_mind/index.php/
INFO: [ app_init ] --START--
INFO: Run Behavior\BuildLiteBehavior [ RunTime:0.000029s ]
INFO: [ app_init ] --END-- [ RunTime:0.000435s ]
INFO: [ app_begin ] --START--
INFO: Run Behavior\ReadHtmlCacheBehavior [ RunTime:0.000588s ]
INFO: [ app_begin ] --END-- [ RunTime:0.000736s ]
INFO: [ view_parse ] --START--
INFO: [ template_filter ] --START--
INFO: Run Behavior\ContentReplaceBehavior [ RunTime:0.000126s ]
INFO: [ template_filter ] --END-- [ RunTime:0.000258s ]
INFO: Run Behavior\ParseTemplateBehavior [ RunTime:0.007093s ]
INFO: [ view_parse ] --END-- [ RunTime:0.007229s ]
INFO: [ view_filter ] --START--
INFO: Run Behavior\WriteHtmlCacheBehavior [ RunTime:0.000431s ]
INFO: [ view_filter ] --END-- [ RunTime:0.000556s ]
INFO: [ app_end ] --START--
INFO: Run Behavior\ShowPageTraceBehavior [ RunTime:0.000653s ]
INFO: [ app_end ] --END-- [ RunTime:0.000785s ]

[ 2015-10-04T22:09:54+08:00 ] ::1 /webprj/ecnu_mind/index.php/Home/Index/login
INFO: [ app_init ] --START--
INFO: Run Behavior\BuildLiteBehavior [ RunTime:0.000025s ]
INFO: [ app_init ] --END-- [ RunTime:0.000429s ]
INFO: [ app_begin ] --START--
INFO: Run Behavior\ReadHtmlCacheBehavior [ RunTime:0.000657s ]
INFO: [ app_begin ] --END-- [ RunTime:0.000762s ]
SQL: SHOW COLUMNS FROM `ecnu_mind`.`user_base` [ RunTime:0.0025s ]
SQL: SELECT `password`,`user_id`,`user_access` FROM ecnu_mind.user_base WHERE `username` = 'testECNU' LIMIT 1   [ RunTime:0.0002s ]
SQL: UPDATE ecnu_mind.user_base SET `last_login_date`='2015-10-04' WHERE ( user_id=2 ) [ RunTime:0.0033s ]
SQL: SHOW COLUMNS FROM `ecnu_mind`.`user_custom` [ RunTime:0.0034s ]
SQL: SELECT `student_id`,`complete_steps` FROM ecnu_mind.user_custom WHERE `user_id` = 2 LIMIT 1   [ RunTime:0.0004s ]

[ 2015-10-04T22:10:12+08:00 ] ::1 /webprj/ecnu_mind/index.php
INFO: [ app_init ] --START--
INFO: Run Behavior\BuildLiteBehavior [ RunTime:0.000054s ]
INFO: [ app_init ] --END-- [ RunTime:0.000765s ]
INFO: [ app_begin ] --START--
INFO: Run Behavior\ReadHtmlCacheBehavior [ RunTime:0.000703s ]
INFO: [ app_begin ] --END-- [ RunTime:0.000885s ]

[ 2015-10-04T22:17:22+08:00 ] ::1 /webprj/ecnu_mind/index.php
INFO: [ app_init ] --START--
INFO: Run Behavior\BuildLiteBehavior [ RunTime:0.000054s ]
INFO: [ app_init ] --END-- [ RunTime:0.000576s ]
INFO: [ app_begin ] --START--
INFO: Run Behavior\ReadHtmlCacheBehavior [ RunTime:0.000605s ]
INFO: [ app_begin ] --END-- [ RunTime:0.000783s ]

[ 2015-10-04T22:17:23+08:00 ] ::1 /webprj/ecnu_mind/index.php/Home/Index/logout
INFO: [ app_init ] --START--
INFO: Run Behavior\BuildLiteBehavior [ RunTime:0.000038s ]
INFO: [ app_init ] --END-- [ RunTime:0.000506s ]
INFO: [ app_begin ] --START--
INFO: Run Behavior\ReadHtmlCacheBehavior [ RunTime:0.000533s ]
INFO: [ app_begin ] --END-- [ RunTime:0.000673s ]

[ 2015-10-04T22:17:23+08:00 ] ::1 /webprj/ecnu_mind/index.php/
INFO: [ app_init ] --START--
INFO: Run Behavior\BuildLiteBehavior [ RunTime:0.000024s ]
INFO: [ app_init ] --END-- [ RunTime:0.000400s ]
INFO: [ app_begin ] --START--
INFO: Run Behavior\ReadHtmlCacheBehavior [ RunTime:0.000398s ]
INFO: [ app_begin ] --END-- [ RunTime:0.000542s ]
INFO: [ view_parse ] --START--
INFO: [ template_filter ] --START--
INFO: Run Behavior\ContentReplaceBehavior [ RunTime:0.000101s ]
INFO: [ template_filter ] --END-- [ RunTime:0.000204s ]
INFO: Run Behavior\ParseTemplateBehavior [ RunTime:0.006133s ]
INFO: [ view_parse ] --END-- [ RunTime:0.006260s ]
INFO: [ view_filter ] --START--
INFO: Run Behavior\WriteHtmlCacheBehavior [ RunTime:0.000330s ]
INFO: [ view_filter ] --END-- [ RunTime:0.000424s ]
INFO: [ app_end ] --START--
INFO: Run Behavior\ShowPageTraceBehavior [ RunTime:0.000489s ]
INFO: [ app_end ] --END-- [ RunTime:0.000588s ]

[ 2015-10-04T22:17:24+08:00 ] ::1 /webprj/ecnu_mind/index.php/Home/Index/login
INFO: [ app_init ] --START--
INFO: Run Behavior\BuildLiteBehavior [ RunTime:0.000034s ]
INFO: [ app_init ] --END-- [ RunTime:0.000437s ]
INFO: [ app_begin ] --START--
INFO: Run Behavior\ReadHtmlCacheBehavior [ RunTime:0.000626s ]
INFO: [ app_begin ] --END-- [ RunTime:0.000756s ]
SQL: SHOW COLUMNS FROM `ecnu_mind`.`user_base` [ RunTime:0.0029s ]
SQL: SELECT `password`,`user_id`,`user_access` FROM ecnu_mind.user_base WHERE `username` = 'testECNU' LIMIT 1   [ RunTime:0.0002s ]
SQL: UPDATE ecnu_mind.user_base SET `last_login_date`='2015-10-04' WHERE ( user_id=2 ) [ RunTime:0.0025s ]
SQL: SHOW COLUMNS FROM `ecnu_mind`.`user_custom` [ RunTime:0.0023s ]
SQL: SELECT `student_id`,`complete_steps` FROM ecnu_mind.user_custom WHERE `user_id` = 2 LIMIT 1   [ RunTime:0.0002s ]

[ 2015-10-04T22:17:50+08:00 ] ::1 /webprj/ecnu_mind/index.php?XDEBUG_SESSION_START=ECLIPSE_DBGP&KEY=14439682705215
INFO: [ app_init ] --START--
INFO: Run Behavior\BuildLiteBehavior [ RunTime:0.000039s ]
INFO: [ app_init ] --END-- [ RunTime:0.000482s ]
INFO: [ app_begin ] --START--
INFO: Run Behavior\ReadHtmlCacheBehavior [ RunTime:0.000463s ]
INFO: [ app_begin ] --END-- [ RunTime:0.000655s ]

[ 2015-10-04T22:17:52+08:00 ] ::1 /webprj/ecnu_mind/index.php/Home/Index/logout
INFO: [ app_init ] --START--
INFO: Run Behavior\BuildLiteBehavior [ RunTime:0.000045s ]
INFO: [ app_init ] --END-- [ RunTime:0.000467s ]
INFO: [ app_begin ] --START--
INFO: Run Behavior\ReadHtmlCacheBehavior [ RunTime:0.000443s ]
INFO: [ app_begin ] --END-- [ RunTime:0.000619s ]

[ 2015-10-04T22:17:52+08:00 ] ::1 /webprj/ecnu_mind/index.php/
INFO: [ app_init ] --START--
INFO: Run Behavior\BuildLiteBehavior [ RunTime:0.000059s ]
INFO: [ app_init ] --END-- [ RunTime:0.000886s ]
INFO: [ app_begin ] --START--
INFO: Run Behavior\ReadHtmlCacheBehavior [ RunTime:0.001123s ]
INFO: [ app_begin ] --END-- [ RunTime:0.001514s ]
INFO: [ view_parse ] --START--
INFO: [ template_filter ] --START--
INFO: Run Behavior\ContentReplaceBehavior [ RunTime:0.000194s ]
INFO: [ template_filter ] --END-- [ RunTime:0.000479s ]
INFO: Run Behavior\ParseTemplateBehavior [ RunTime:0.009485s ]
INFO: [ view_parse ] --END-- [ RunTime:0.009686s ]
INFO: [ view_filter ] --START--
INFO: Run Behavior\WriteHtmlCacheBehavior [ RunTime:0.000399s ]
INFO: [ view_filter ] --END-- [ RunTime:0.000572s ]
INFO: [ app_end ] --START--
INFO: Run Behavior\ShowPageTraceBehavior [ RunTime:0.000584s ]
INFO: [ app_end ] --END-- [ RunTime:0.000769s ]

[ 2015-10-04T22:17:53+08:00 ] ::1 /webprj/ecnu_mind/index.php/Home/Index/login
INFO: [ app_init ] --START--
INFO: Run Behavior\BuildLiteBehavior [ RunTime:0.000067s ]
INFO: [ app_init ] --END-- [ RunTime:0.000783s ]
INFO: [ app_begin ] --START--
INFO: Run Behavior\ReadHtmlCacheBehavior [ RunTime:0.000504s ]
INFO: [ app_begin ] --END-- [ RunTime:0.000680s ]
SQL: SHOW COLUMNS FROM `ecnu_mind`.`user_base` [ RunTime:0.0028s ]
SQL: SELECT `password`,`user_id`,`user_access` FROM ecnu_mind.user_base WHERE `username` = 'testECNU' LIMIT 1   [ RunTime:0.0003s ]
SQL: UPDATE ecnu_mind.user_base SET `last_login_date`='2015-10-04' WHERE ( user_id=2 ) [ RunTime:0.0030s ]
SQL: SHOW COLUMNS FROM `ecnu_mind`.`user_custom` [ RunTime:0.0028s ]
SQL: SELECT `student_id`,`complete_steps` FROM ecnu_mind.user_custom WHERE `user_id` = 2 LIMIT 1   [ RunTime:0.0002s ]

[ 2015-10-04T22:19:26+08:00 ] ::1 /webprj/ecnu_mind/index.php?XDEBUG_SESSION_START=ECLIPSE_DBGP&KEY=14439683657726
INFO: [ app_init ] --START--
INFO: Run Behavior\BuildLiteBehavior [ RunTime:0.000042s ]
INFO: [ app_init ] --END-- [ RunTime:0.000490s ]
INFO: [ app_begin ] --START--
INFO: Run Behavior\ReadHtmlCacheBehavior [ RunTime:0.000511s ]
INFO: [ app_begin ] --END-- [ RunTime:0.000695s ]

[ 2015-10-04T22:19:27+08:00 ] ::1 /webprj/ecnu_mind/index.php/Home/Index/logout
INFO: [ app_init ] --START--
INFO: Run Behavior\BuildLiteBehavior [ RunTime:0.000048s ]
INFO: [ app_init ] --END-- [ RunTime:0.000555s ]
INFO: [ app_begin ] --START--
INFO: Run Behavior\ReadHtmlCacheBehavior [ RunTime:0.000586s ]
INFO: [ app_begin ] --END-- [ RunTime:0.000824s ]

[ 2015-10-04T22:19:27+08:00 ] ::1 /webprj/ecnu_mind/index.php/
INFO: [ app_init ] --START--
INFO: Run Behavior\BuildLiteBehavior [ RunTime:0.000055s ]
INFO: [ app_init ] --END-- [ RunTime:0.000623s ]
INFO: [ app_begin ] --START--
INFO: Run Behavior\ReadHtmlCacheBehavior [ RunTime:0.000582s ]
INFO: [ app_begin ] --END-- [ RunTime:0.000822s ]
INFO: [ view_parse ] --START--
INFO: [ template_filter ] --START--
INFO: Run Behavior\ContentReplaceBehavior [ RunTime:0.000172s ]
INFO: [ template_filter ] --END-- [ RunTime:0.000436s ]
INFO: Run Behavior\ParseTemplateBehavior [ RunTime:0.008037s ]
INFO: [ view_parse ] --END-- [ RunTime:0.008280s ]
INFO: [ view_filter ] --START--
INFO: Run Behavior\WriteHtmlCacheBehavior [ RunTime:0.000512s ]
INFO: [ view_filter ] --END-- [ RunTime:0.000739s ]
INFO: [ app_end ] --START--
INFO: Run Behavior\ShowPageTraceBehavior [ RunTime:0.000742s ]
INFO: [ app_end ] --END-- [ RunTime:0.000983s ]

[ 2015-10-04T22:19:28+08:00 ] ::1 /webprj/ecnu_mind/index.php/Home/Index/login
INFO: [ app_init ] --START--
INFO: Run Behavior\BuildLiteBehavior [ RunTime:0.000046s ]
INFO: [ app_init ] --END-- [ RunTime:0.000474s ]
INFO: [ app_begin ] --START--
INFO: Run Behavior\ReadHtmlCacheBehavior [ RunTime:0.000574s ]
INFO: [ app_begin ] --END-- [ RunTime:0.000727s ]
SQL: SHOW COLUMNS FROM `ecnu_mind`.`user_base` [ RunTime:0.0023s ]
SQL: SELECT `password`,`user_id`,`user_access` FROM ecnu_mind.user_base WHERE `username` = 'testECNU' LIMIT 1   [ RunTime:0.0002s ]
SQL: UPDATE ecnu_mind.user_base SET `last_login_date`='2015-10-04' WHERE ( user_id=2 ) [ RunTime:0.0114s ]
SQL: SHOW COLUMNS FROM `ecnu_mind`.`user_custom` [ RunTime:0.0026s ]
SQL: SELECT `student_id`,`complete_steps` FROM ecnu_mind.user_custom WHERE `user_id` = 2 LIMIT 1   [ RunTime:0.0003s ]

[ 2015-10-04T22:20:04+08:00 ] ::1 /webprj/ecnu_mind/index.php/home/home/checkForm?action=combobox&value=%E8%AE%A1%E7%AE%97%E6%9C%BA%E7%A7%91%E5%AD%A6%E4%B8%8E%E8%BD%AF%E4%BB%B6%E5%B7%A5%E7%A8%8B%E5%AD%A6%E9%99%A2|%E8%AE%A1%E7%AE%97%E6%9C%BA%E7%A7%91%E5%AD%A6%E4%B8%8E%E6%8A%80%E6%9C%AF%E7%B3%BB|%E8%AE%A1%E7%AE%97%E6%9C%BA%E7%A7%91%E5%AD%A6%E4%B8%8E%E6%8A%80%E6%9C%AF
INFO: [ app_init ] --START--
INFO: Run Behavior\BuildLiteBehavior [ RunTime:0.000075s ]
INFO: [ app_init ] --END-- [ RunTime:0.000924s ]
INFO: [ app_begin ] --START--
INFO: Run Behavior\ReadHtmlCacheBehavior [ RunTime:0.000976s ]
INFO: [ app_begin ] --END-- [ RunTime:0.001283s ]
ERR: 无法加载控制器:Home

[ 2015-10-04T22:20:12+08:00 ] ::1 /webprj/ecnu_mind/index.php/home/home/checkForm?action=combobox&value=%E8%AE%A1%E7%AE%97%E6%9C%BA%E7%A7%91%E5%AD%A6%E4%B8%8E%E8%BD%AF%E4%BB%B6%E5%B7%A5%E7%A8%8B%E5%AD%A6%E9%99%A2|%E8%AE%A1%E7%AE%97%E6%9C%BA%E7%A7%91%E5%AD%A6%E4%B8%8E%E6%8A%80%E6%9C%AF%E7%B3%BB|%E8%AE%A1%E7%AE%97%E6%9C%BA%E7%A7%91%E5%AD%A6%E4%B8%8E%E6%8A%80%E6%9C%AF
INFO: [ app_init ] --START--
INFO: Run Behavior\BuildLiteBehavior [ RunTime:0.000064s ]
INFO: [ app_init ] --END-- [ RunTime:0.000739s ]
INFO: [ app_begin ] --START--
INFO: Run Behavior\ReadHtmlCacheBehavior [ RunTime:0.000786s ]
INFO: [ app_begin ] --END-- [ RunTime:0.001044s ]
ERR: 无法加载控制器:Home

[ 2015-10-04T22:20:19+08:00 ] ::1 /webprj/ecnu_mind/index.php/home/home/checkForm?action=combobox&value=%E8%89%BA%E6%9C%AF%E5%AD%A6%E9%99%A2|%E7%BE%8E%E6%9C%AF%E5%AD%A6%E7%B3%BB|%E9%9B%95%E5%A1%91%E4%B8%8E%E5%85%AC%E5%85%B1%E8%89%BA%E6%9C%AF
INFO: [ app_init ] --START--
INFO: Run Behavior\BuildLiteBehavior [ RunTime:0.000089s ]
INFO: [ app_init ] --END-- [ RunTime:0.001023s ]
INFO: [ app_begin ] --START--
INFO: Run Behavior\ReadHtmlCacheBehavior [ RunTime:0.000620s ]
INFO: [ app_begin ] --END-- [ RunTime:0.000824s ]
ERR: 无法加载控制器:Home

[ 2015-10-04T22:20:21+08:00 ] ::1 /webprj/ecnu_mind/index.php/home/home/checkForm?action=combobox&value=%E8%89%BA%E6%9C%AF%E5%AD%A6%E9%99%A2|%E7%BE%8E%E6%9C%AF%E5%AD%A6%E7%B3%BB|%E9%9B%95%E5%A1%91%E4%B8%8E%E5%85%AC%E5%85%B1%E8%89%BA%E6%9C%AF
INFO: [ app_init ] --START--
INFO: Run Behavior\BuildLiteBehavior [ RunTime:0.000037s ]
INFO: [ app_init ] --END-- [ RunTime:0.000426s ]
INFO: [ app_begin ] --START--
INFO: Run Behavior\ReadHtmlCacheBehavior [ RunTime:0.000474s ]
INFO: [ app_begin ] --END-- [ RunTime:0.000630s ]
ERR: 无法加载控制器:Home

[ 2015-10-04T22:33:16+08:00 ] ::1 /webprj/ecnu_mind/index.php
INFO: [ app_init ] --START--
INFO: Run Behavior\BuildLiteBehavior [ RunTime:0.000047s ]
INFO: [ app_init ] --END-- [ RunTime:0.000530s ]
INFO: [ app_begin ] --START--
INFO: Run Behavior\ReadHtmlCacheBehavior [ RunTime:0.000480s ]
INFO: [ app_begin ] --END-- [ RunTime:0.000662s ]
SQL: SHOW COLUMNS FROM `ecnu_mind`.`user_custom` [ RunTime:0.0025s ]
SQL: SELECT `complete_steps` FROM ecnu_mind.user_custom WHERE `user_id` = 2 LIMIT 1   [ RunTime:0.0003s ]

[ 2015-10-04T22:33:18+08:00 ] ::1 /webprj/ecnu_mind/index.php/Home/Index/logout
INFO: [ app_init ] --START--
INFO: Run Behavior\BuildLiteBehavior [ RunTime:0.000040s ]
INFO: [ app_init ] --END-- [ RunTime:0.000443s ]
INFO: [ app_begin ] --START--
INFO: Run Behavior\ReadHtmlCacheBehavior [ RunTime:0.000463s ]
INFO: [ app_begin ] --END-- [ RunTime:0.000637s ]

[ 2015-10-04T22:33:18+08:00 ] ::1 /webprj/ecnu_mind/index.php/
INFO: [ app_init ] --START--
INFO: Run Behavior\BuildLiteBehavior [ RunTime:0.000042s ]
INFO: [ app_init ] --END-- [ RunTime:0.000452s ]
INFO: [ app_begin ] --START--
INFO: Run Behavior\ReadHtmlCacheBehavior [ RunTime:0.000449s ]
INFO: [ app_begin ] --END-- [ RunTime:0.000630s ]
INFO: [ view_parse ] --START--
INFO: [ template_filter ] --START--
INFO: Run Behavior\ContentReplaceBehavior [ RunTime:0.000201s ]
INFO: [ template_filter ] --END-- [ RunTime:0.000602s ]
INFO: Run Behavior\ParseTemplateBehavior [ RunTime:0.008712s ]
INFO: [ view_parse ] --END-- [ RunTime:0.008942s ]
INFO: [ view_filter ] --START--
INFO: Run Behavior\WriteHtmlCacheBehavior [ RunTime:0.000773s ]
INFO: [ view_filter ] --END-- [ RunTime:0.001094s ]
INFO: [ app_end ] --START--
INFO: Run Behavior\ShowPageTraceBehavior [ RunTime:0.001272s ]
INFO: [ app_end ] --END-- [ RunTime:0.001645s ]

[ 2015-10-04T22:33:19+08:00 ] ::1 /webprj/ecnu_mind/index.php/Home/Index/login
INFO: [ app_init ] --START--
INFO: Run Behavior\BuildLiteBehavior [ RunTime:0.000051s ]
INFO: [ app_init ] --END-- [ RunTime:0.000565s ]
INFO: [ app_begin ] --START--
INFO: Run Behavior\ReadHtmlCacheBehavior [ RunTime:0.000744s ]
INFO: [ app_begin ] --END-- [ RunTime:0.000984s ]
SQL: SHOW COLUMNS FROM `ecnu_mind`.`user_base` [ RunTime:0.0020s ]
SQL: SELECT `password`,`user_id`,`user_access` FROM ecnu_mind.user_base WHERE `username` = 'testECNU' LIMIT 1   [ RunTime:0.0003s ]
SQL: UPDATE ecnu_mind.user_base SET `last_login_date`='2015-10-04' WHERE ( user_id=2 ) [ RunTime:0.0047s ]
SQL: SHOW COLUMNS FROM `ecnu_mind`.`user_custom` [ RunTime:0.0030s ]
SQL: SELECT `student_id`,`complete_steps` FROM ecnu_mind.user_custom WHERE `user_id` = 2 LIMIT 1   [ RunTime:0.0003s ]

[ 2015-10-04T22:33:20+08:00 ] ::1 /webprj/ecnu_mind/index.php/Home/Index/logout
INFO: [ app_init ] --START--
INFO: Run Behavior\BuildLiteBehavior [ RunTime:0.000065s ]
INFO: [ app_init ] --END-- [ RunTime:0.000714s ]
INFO: [ app_begin ] --START--
INFO: Run Behavior\ReadHtmlCacheBehavior [ RunTime:0.000641s ]
INFO: [ app_begin ] --END-- [ RunTime:0.000880s ]

[ 2015-10-04T22:33:20+08:00 ] ::1 /webprj/ecnu_mind/index.php/
INFO: [ app_init ] --START--
INFO: Run Behavior\BuildLiteBehavior [ RunTime:0.000051s ]
INFO: [ app_init ] --END-- [ RunTime:0.000521s ]
INFO: [ app_begin ] --START--
INFO: Run Behavior\ReadHtmlCacheBehavior [ RunTime:0.000745s ]
INFO: [ app_begin ] --END-- [ RunTime:0.000966s ]
INFO: [ view_parse ] --START--
INFO: [ template_filter ] --START--
INFO: Run Behavior\ContentReplaceBehavior [ RunTime:0.000128s ]
INFO: [ template_filter ] --END-- [ RunTime:0.000310s ]
INFO: Run Behavior\ParseTemplateBehavior [ RunTime:0.006500s ]
INFO: [ view_parse ] --END-- [ RunTime:0.006707s ]
INFO: [ view_filter ] --START--
INFO: Run Behavior\WriteHtmlCacheBehavior [ RunTime:0.000762s ]
INFO: [ view_filter ] --END-- [ RunTime:0.001019s ]
INFO: [ app_end ] --START--
INFO: Run Behavior\ShowPageTraceBehavior [ RunTime:0.001055s ]
INFO: [ app_end ] --END-- [ RunTime:0.001414s ]

[ 2015-10-04T22:33:29+08:00 ] ::1 /webprj/ecnu_mind/index.php/Home/Index/login
INFO: [ app_init ] --START--
INFO: Run Behavior\BuildLiteBehavior [ RunTime:0.000053s ]
INFO: [ app_init ] --END-- [ RunTime:0.000615s ]
INFO: [ app_begin ] --START--
INFO: Run Behavior\ReadHtmlCacheBehavior [ RunTime:0.000604s ]
INFO: [ app_begin ] --END-- [ RunTime:0.000805s ]
SQL: SHOW COLUMNS FROM `ecnu_mind`.`user_base` [ RunTime:0.0032s ]
SQL: SELECT `password`,`user_id`,`user_access` FROM ecnu_mind.user_base WHERE `username` = 'testECNU' LIMIT 1   [ RunTime:0.0003s ]
SQL: UPDATE ecnu_mind.user_base SET `last_login_date`='2015-10-04' WHERE ( user_id=2 ) [ RunTime:0.0091s ]
SQL: SHOW COLUMNS FROM `ecnu_mind`.`user_custom` [ RunTime:0.0033s ]
SQL: SELECT `student_id`,`complete_steps` FROM ecnu_mind.user_custom WHERE `user_id` = 2 LIMIT 1   [ RunTime:0.0004s ]

[ 2015-10-04T22:33:52+08:00 ] ::1 /webprj/ecnu_mind/index.php/Home/Index/logout
INFO: [ app_init ] --START--
INFO: Run Behavior\BuildLiteBehavior [ RunTime:0.000048s ]
INFO: [ app_init ] --END-- [ RunTime:0.000563s ]
INFO: [ app_begin ] --START--
INFO: Run Behavior\ReadHtmlCacheBehavior [ RunTime:0.000627s ]
INFO: [ app_begin ] --END-- [ RunTime:0.000868s ]

[ 2015-10-04T22:33:52+08:00 ] ::1 /webprj/ecnu_mind/index.php/
INFO: [ app_init ] --START--
INFO: Run Behavior\BuildLiteBehavior [ RunTime:0.000054s ]
INFO: [ app_init ] --END-- [ RunTime:0.000649s ]
INFO: [ app_begin ] --START--
INFO: Run Behavior\ReadHtmlCacheBehavior [ RunTime:0.000589s ]
INFO: [ app_begin ] --END-- [ RunTime:0.000825s ]
INFO: [ view_parse ] --START--
INFO: [ template_filter ] --START--
INFO: Run Behavior\ContentReplaceBehavior [ RunTime:0.000161s ]
INFO: [ template_filter ] --END-- [ RunTime:0.000395s ]
INFO: Run Behavior\ParseTemplateBehavior [ RunTime:0.008260s ]
INFO: [ view_parse ] --END-- [ RunTime:0.008500s ]
INFO: [ view_filter ] --START--
INFO: Run Behavior\WriteHtmlCacheBehavior [ RunTime:0.000480s ]
INFO: [ view_filter ] --END-- [ RunTime:0.000704s ]
INFO: [ app_end ] --START--
INFO: Run Behavior\ShowPageTraceBehavior [ RunTime:0.000694s ]
INFO: [ app_end ] --END-- [ RunTime:0.000930s ]

[ 2015-10-04T22:34:01+08:00 ] ::1 /webprj/ecnu_mind/index.php/
INFO: [ app_init ] --START--
INFO: Run Behavior\BuildLiteBehavior [ RunTime:0.000049s ]
INFO: [ app_init ] --END-- [ RunTime:0.000606s ]
INFO: [ app_begin ] --START--
INFO: Run Behavior\ReadHtmlCacheBehavior [ RunTime:0.000698s ]
INFO: [ app_begin ] --END-- [ RunTime:0.000972s ]
INFO: [ view_parse ] --START--
INFO: [ template_filter ] --START--
INFO: Run Behavior\ContentReplaceBehavior [ RunTime:0.000126s ]
INFO: [ template_filter ] --END-- [ RunTime:0.000312s ]
INFO: Run Behavior\ParseTemplateBehavior [ RunTime:0.007004s ]
INFO: [ view_parse ] --END-- [ RunTime:0.007197s ]
INFO: [ view_filter ] --START--
INFO: Run Behavior\WriteHtmlCacheBehavior [ RunTime:0.000368s ]
INFO: [ view_filter ] --END-- [ RunTime:0.000534s ]
INFO: [ app_end ] --START--
INFO: Run Behavior\ShowPageTraceBehavior [ RunTime:0.000571s ]
INFO: [ app_end ] --END-- [ RunTime:0.000751s ]

[ 2015-10-04T22:34:02+08:00 ] ::1 /webprj/ecnu_mind/index.php/Home/Index/login
INFO: [ app_init ] --START--
INFO: Run Behavior\BuildLiteBehavior [ RunTime:0.000092s ]
INFO: [ app_init ] --END-- [ RunTime:0.000783s ]
INFO: [ app_begin ] --START--
INFO: Run Behavior\ReadHtmlCacheBehavior [ RunTime:0.000468s ]
INFO: [ app_begin ] --END-- [ RunTime:0.000623s ]
SQL: SHOW COLUMNS FROM `ecnu_mind`.`user_base` [ RunTime:0.0027s ]
SQL: SELECT `password`,`user_id`,`user_access` FROM ecnu_mind.user_base WHERE `username` = 'testECNU' LIMIT 1   [ RunTime:0.0002s ]
SQL: UPDATE ecnu_mind.user_base SET `last_login_date`='2015-10-04' WHERE ( user_id=2 ) [ RunTime:0.0026s ]
SQL: SHOW COLUMNS FROM `ecnu_mind`.`user_custom` [ RunTime:0.0029s ]
SQL: SELECT `student_id`,`complete_steps` FROM ecnu_mind.user_custom WHERE `user_id` = 2 LIMIT 1   [ RunTime:0.0004s ]

[ 2015-10-04T22:34:13+08:00 ] ::1 /webprj/ecnu_mind/index.php
INFO: [ app_init ] --START--
INFO: Run Behavior\BuildLiteBehavior [ RunTime:0.000043s ]
INFO: [ app_init ] --END-- [ RunTime:0.000490s ]
INFO: [ app_begin ] --START--
INFO: Run Behavior\ReadHtmlCacheBehavior [ RunTime:0.000446s ]
INFO: [ app_begin ] --END-- [ RunTime:0.000630s ]
SQL: SHOW COLUMNS FROM `ecnu_mind`.`user_custom` [ RunTime:0.0032s ]
SQL: SELECT `complete_steps` FROM ecnu_mind.user_custom WHERE `user_id` = 2 LIMIT 1   [ RunTime:0.0004s ]

[ 2015-10-04T22:34:20+08:00 ] ::1 /webprj/ecnu_mind/index.php
INFO: [ app_init ] --START--
INFO: Run Behavior\BuildLiteBehavior [ RunTime:0.000053s ]
INFO: [ app_init ] --END-- [ RunTime:0.000590s ]
INFO: [ app_begin ] --START--
INFO: Run Behavior\ReadHtmlCacheBehavior [ RunTime:0.000448s ]
INFO: [ app_begin ] --END-- [ RunTime:0.000635s ]
SQL: SHOW COLUMNS FROM `ecnu_mind`.`user_custom` [ RunTime:0.0024s ]
SQL: SELECT `complete_steps` FROM ecnu_mind.user_custom WHERE `user_id` = 2 LIMIT 1   [ RunTime:0.0002s ]

[ 2015-10-04T22:34:31+08:00 ] ::1 /webprj/ecnu_mind/index.php
INFO: [ app_init ] --START--
INFO: Run Behavior\BuildLiteBehavior [ RunTime:0.000034s ]
INFO: [ app_init ] --END-- [ RunTime:0.000562s ]
INFO: [ app_begin ] --START--
INFO: Run Behavior\ReadHtmlCacheBehavior [ RunTime:0.000479s ]
INFO: [ app_begin ] --END-- [ RunTime:0.000603s ]
INFO: [ view_parse ] --START--
INFO: [ template_filter ] --START--
INFO: Run Behavior\ContentReplaceBehavior [ RunTime:0.000103s ]
INFO: [ template_filter ] --END-- [ RunTime:0.000217s ]
INFO: Run Behavior\ParseTemplateBehavior [ RunTime:0.007498s ]
INFO: [ view_parse ] --END-- [ RunTime:0.007611s ]
INFO: [ view_filter ] --START--
INFO: Run Behavior\WriteHtmlCacheBehavior [ RunTime:0.000381s ]
INFO: [ view_filter ] --END-- [ RunTime:0.000483s ]
INFO: [ app_end ] --START--
INFO: Run Behavior\ShowPageTraceBehavior [ RunTime:0.000587s ]
INFO: [ app_end ] --END-- [ RunTime:0.000706s ]

[ 2015-10-04T22:34:32+08:00 ] ::1 /webprj/ecnu_mind/index.php/Home/Index/login
INFO: [ app_init ] --START--
INFO: Run Behavior\BuildLiteBehavior [ RunTime:0.000043s ]
INFO: [ app_init ] --END-- [ RunTime:0.000490s ]
INFO: [ app_begin ] --START--
INFO: Run Behavior\ReadHtmlCacheBehavior [ RunTime:0.000721s ]
INFO: [ app_begin ] --END-- [ RunTime:0.000872s ]
SQL: SHOW COLUMNS FROM `ecnu_mind`.`user_base` [ RunTime:0.0039s ]
SQL: SELECT `password`,`user_id`,`user_access` FROM ecnu_mind.user_base WHERE `username` = 'testECNU' LIMIT 1   [ RunTime:0.0003s ]
SQL: UPDATE ecnu_mind.user_base SET `last_login_date`='2015-10-04' WHERE ( user_id=2 ) [ RunTime:0.0109s ]
SQL: SHOW COLUMNS FROM `ecnu_mind`.`user_custom` [ RunTime:0.0028s ]
SQL: SELECT `student_id`,`complete_steps` FROM ecnu_mind.user_custom WHERE `user_id` = 2 LIMIT 1   [ RunTime:0.0002s ]
>>>>>>> refs/heads/HuiYao

