[ 2015-07-26T11:39:33+08:00 ] ::1 /webprj/ecnu_mind/index.php/LoginSuccess/zding/
INFO: [ app_init ] --START--
INFO: Run Behavior\BuildLiteBehavior [ RunTime:0.000000s ]
INFO: [ app_init ] --END-- [ RunTime:0.001000s ]
ERR: 无法加载模块:LoginSuccess

[ 2015-07-26T11:51:15+08:00 ] ::1 /webprj/ecnu_mind/index.php/LoginSuccess/zding/
INFO: [ app_init ] --START--
INFO: Run Behavior\BuildLiteBehavior [ RunTime:0.000000s ]
INFO: [ app_init ] --END-- [ RunTime:0.002000s ]
ERR: 无法加载模块:LoginSuccess

[ 2015-07-26T11:55:23+08:00 ] ::1 /webprj/ecnu_mind/index.php/LoginSuccess/zding/
INFO: [ app_init ] --START--
INFO: Run Behavior\BuildLiteBehavior [ RunTime:0.000000s ]
INFO: [ app_init ] --END-- [ RunTime:0.001000s ]
ERR: 无法加载模块:LoginSuccess

[ 2015-07-26T12:05:38+08:00 ] ::1 /webprj/ecnu_mind/index.php/LoginSuccess/zding/
INFO: [ app_init ] --START--
INFO: Run Behavior\BuildLiteBehavior [ RunTime:0.000000s ]
INFO: [ app_init ] --END-- [ RunTime:0.001000s ]
ERR: 无法加载模块:LoginSuccess

[ 2015-07-26T12:09:08+08:00 ] ::1 /webprj/ecnu_mind/index.php/img/low.png
INFO: [ app_init ] --START--
INFO: Run Behavior\BuildLiteBehavior [ RunTime:0.000000s ]
INFO: [ app_init ] --END-- [ RunTime:0.001000s ]
ERR: 无法加载模块:Img

[ 2015-07-26T12:09:08+08:00 ] ::1 /webprj/ecnu_mind/index.php/img/YES.png
INFO: [ app_init ] --START--
INFO: Run Behavior\BuildLiteBehavior [ RunTime:0.000000s ]
INFO: [ app_init ] --END-- [ RunTime:0.001000s ]
ERR: 无法加载模块:Img

[ 2015-07-26T12:09:08+08:00 ] ::1 /webprj/ecnu_mind/index.php/img/low.png
INFO: [ app_init ] --START--
INFO: Run Behavior\BuildLiteBehavior [ RunTime:0.000000s ]
INFO: [ app_init ] --END-- [ RunTime:0.001000s ]
ERR: 无法加载模块:Img

[ 2015-07-26T12:09:08+08:00 ] ::1 /webprj/ecnu_mind/index.php/img/YES.png
INFO: [ app_init ] --START--
INFO: Run Behavior\BuildLiteBehavior [ RunTime:0.000000s ]
INFO: [ app_init ] --END-- [ RunTime:0.001001s ]
ERR: 无法加载模块:Img

[ 2015-07-26T12:09:10+08:00 ] ::1 /webprj/ecnu_mind/index.php/PHP/Login.php
INFO: [ app_init ] --START--
INFO: Run Behavior\BuildLiteBehavior [ RunTime:0.000000s ]
INFO: [ app_init ] --END-- [ RunTime:0.002000s ]
ERR: 无法加载模块:PHP

[ 2015-07-26T12:09:10+08:00 ] ::1 /webprj/ecnu_mind/index.php/PHP/Register.php
INFO: [ app_init ] --START--
INFO: Run Behavior\BuildLiteBehavior [ RunTime:0.000000s ]
INFO: [ app_init ] --END-- [ RunTime:0.002000s ]
ERR: 无法加载模块:PHP

[ 2015-07-26T12:10:23+08:00 ] ::1 /webprj/ecnu_mind/index.php/img/low.png
INFO: [ app_init ] --START--
INFO: Run Behavior\BuildLiteBehavior [ RunTime:0.001000s ]
INFO: [ app_init ] --END-- [ RunTime:0.002000s ]
ERR: 无法加载模块:Img

[ 2015-07-26T12:10:23+08:00 ] ::1 /webprj/ecnu_mind/index.php/img/YES.png
INFO: [ app_init ] --START--
INFO: Run Behavior\BuildLiteBehavior [ RunTime:0.001000s ]
INFO: [ app_init ] --END-- [ RunTime:0.001000s ]
ERR: 无法加载模块:Img

[ 2015-07-26T12:10:23+08:00 ] ::1 /webprj/ecnu_mind/index.php/img/low.png
INFO: [ app_init ] --START--
INFO: Run Behavior\BuildLiteBehavior [ RunTime:0.000000s ]
INFO: [ app_init ] --END-- [ RunTime:0.002000s ]
ERR: 无法加载模块:Img

[ 2015-07-26T12:10:23+08:00 ] ::1 /webprj/ecnu_mind/index.php/img/YES.png
INFO: [ app_init ] --START--
INFO: Run Behavior\BuildLiteBehavior [ RunTime:0.001000s ]
INFO: [ app_init ] --END-- [ RunTime:0.001000s ]
ERR: 无法加载模块:Img

[ 2015-07-26T12:10:23+08:00 ] ::1 /webprj/ecnu_mind/index.php/PHP/Login.php
INFO: [ app_init ] --START--
INFO: Run Behavior\BuildLiteBehavior [ RunTime:0.000000s ]
INFO: [ app_init ] --END-- [ RunTime:0.002000s ]
ERR: 无法加载模块:PHP

[ 2015-07-26T12:10:23+08:00 ] ::1 /webprj/ecnu_mind/index.php/PHP/Register.php
INFO: [ app_init ] --START--
INFO: Run Behavior\BuildLiteBehavior [ RunTime:0.000000s ]
INFO: [ app_init ] --END-- [ RunTime:0.002000s ]
ERR: 无法加载模块:PHP

[ 2015-07-26T12:11:09+08:00 ] ::1 /webprj/ecnu_mind/index.php/img/NO.png
INFO: [ app_init ] --START--
INFO: Run Behavior\BuildLiteBehavior [ RunTime:0.000000s ]
INFO: [ app_init ] --END-- [ RunTime:0.001001s ]
ERR: 无法加载模块:Img

[ 2015-07-26T12:11:17+08:00 ] ::1 /webprj/ecnu_mind/index.php/img/NO.png
INFO: [ app_init ] --START--
INFO: Run Behavior\BuildLiteBehavior [ RunTime:0.000000s ]
INFO: [ app_init ] --END-- [ RunTime:0.001000s ]
ERR: 无法加载模块:Img

[ 2015-07-26T12:11:22+08:00 ] ::1 /webprj/ecnu_mind/index.php/img/low.png
INFO: [ app_init ] --START--
INFO: Run Behavior\BuildLiteBehavior [ RunTime:0.000000s ]
INFO: [ app_init ] --END-- [ RunTime:0.002000s ]
ERR: 无法加载模块:Img

[ 2015-07-26T12:11:22+08:00 ] ::1 /webprj/ecnu_mind/index.php/img/YES.png
INFO: [ app_init ] --START--
INFO: Run Behavior\BuildLiteBehavior [ RunTime:0.000000s ]
INFO: [ app_init ] --END-- [ RunTime:0.002000s ]
ERR: 无法加载模块:Img

[ 2015-07-26T12:52:22+08:00 ] ::1 /webprj/ecnu_mind/index.php/LoginSuccess/zding/
INFO: [ app_init ] --START--
INFO: Run Behavior\BuildLiteBehavior [ RunTime:0.001000s ]
INFO: [ app_init ] --END-- [ RunTime:0.001000s ]
ERR: 无法加载模块:LoginSuccess

[ 2015-07-26T12:54:38+08:00 ] ::1 /webprj/ecnu_mind/index.php/%7B:U(%22Index/login%22)%7D
INFO: [ app_init ] --START--
INFO: Run Behavior\BuildLiteBehavior [ RunTime:0.000000s ]
INFO: [ app_init ] --END-- [ RunTime:0.002000s ]
ERR: 无法加载模块:{:U("Index

[ 2015-07-26T12:54:54+08:00 ] ::1 /webprj/ecnu_mind/index.php/%7B:U(%22Home/Index/login%22)%7D
INFO: [ app_init ] --START--
INFO: Run Behavior\BuildLiteBehavior [ RunTime:0.000000s ]
INFO: [ app_init ] --END-- [ RunTime:0.002000s ]
ERR: 无法加载模块:{:U("Home

[ 2015-07-26T12:57:14+08:00 ] ::1 /webprj/ecnu_mind/index.php/%7B:U(%22Index/login%22)%7D
INFO: [ app_init ] --START--
INFO: Run Behavior\BuildLiteBehavior [ RunTime:0.001000s ]
INFO: [ app_init ] --END-- [ RunTime:0.002001s ]
ERR: 无法加载模块:{:U("Index

[ 2015-07-26T13:00:00+08:00 ] ::1 /webprj/ecnu_mind/index.php/__URL__
INFO: [ app_init ] --START--
INFO: Run Behavior\BuildLiteBehavior [ RunTime:0.000000s ]
INFO: [ app_init ] --END-- [ RunTime:0.001000s ]
ERR: 无法加载模块:__URL__

[ 2015-07-26T13:00:38+08:00 ] ::1 /webprj/ecnu_mind/index.php/__URL__/Index/login
INFO: [ app_init ] --START--
INFO: Run Behavior\BuildLiteBehavior [ RunTime:0.000000s ]
INFO: [ app_init ] --END-- [ RunTime:0.001000s ]
ERR: 无法加载模块:__URL__

[ 2015-07-26T13:02:54+08:00 ] ::1 /webprj/ecnu_mind/index.php/LoginSuccess/zding/
INFO: [ app_init ] --START--
INFO: Run Behavior\BuildLiteBehavior [ RunTime:0.000000s ]
INFO: [ app_init ] --END-- [ RunTime:0.001000s ]
ERR: 无法加载模块:LoginSuccess

[ 2015-07-26T13:03:50+08:00 ] ::1 /webprj/ecnu_mind/index.php/LoginSuccess/zding/
INFO: [ app_init ] --START--
INFO: Run Behavior\BuildLiteBehavior [ RunTime:0.000000s ]
INFO: [ app_init ] --END-- [ RunTime:0.001000s ]
ERR: 无法加载模块:LoginSuccess

[ 2015-07-26T13:09:53+08:00 ] ::1 /webprj/ecnu_mind/index.php/Index/login
INFO: [ app_init ] --START--
INFO: Run Behavior\BuildLiteBehavior [ RunTime:0.000000s ]
INFO: [ app_init ] --END-- [ RunTime:0.002001s ]
ERR: 无法加载模块:Index

[ 2015-07-26T13:15:01+08:00 ] ::1 /webprj/ecnu_mind/index.php/LoginSuccess/zding/
INFO: [ app_init ] --START--
INFO: Run Behavior\BuildLiteBehavior [ RunTime:0.000000s ]
INFO: [ app_init ] --END-- [ RunTime:0.001000s ]
ERR: 无法加载模块:LoginSuccess

[ 2015-07-26T14:06:35+08:00 ] ::1 /webprj/ecnu_mind/index.php/LoginSuccess/zding/
INFO: [ app_init ] --START--
INFO: Run Behavior\BuildLiteBehavior [ RunTime:0.000000s ]
INFO: [ app_init ] --END-- [ RunTime:0.001000s ]
ERR: 无法加载模块:LoginSuccess

[ 2015-07-26T14:45:02+08:00 ] ::1 /webprj/ecnu_mind/index.php/img/YES.png
INFO: [ app_init ] --START--
INFO: Run Behavior\BuildLiteBehavior [ RunTime:0.000000s ]
INFO: [ app_init ] --END-- [ RunTime:0.001000s ]
ERR: 无法加载模块:Img

[ 2015-07-26T14:45:05+08:00 ] ::1 /webprj/ecnu_mind/index.php/img/low.png
INFO: [ app_init ] --START--
INFO: Run Behavior\BuildLiteBehavior [ RunTime:0.000000s ]
INFO: [ app_init ] --END-- [ RunTime:0.001000s ]
ERR: 无法加载模块:Img

[ 2015-07-26T14:45:08+08:00 ] ::1 /webprj/ecnu_mind/index.php/img/YES.png
INFO: [ app_init ] --START--
INFO: Run Behavior\BuildLiteBehavior [ RunTime:0.000000s ]
INFO: [ app_init ] --END-- [ RunTime:0.001000s ]
ERR: 无法加载模块:Img

[ 2015-07-26T14:45:20+08:00 ] ::1 /webprj/ecnu_mind/index.php/img/low.png
INFO: [ app_init ] --START--
INFO: Run Behavior\BuildLiteBehavior [ RunTime:0.000000s ]
INFO: [ app_init ] --END-- [ RunTime:0.002000s ]
ERR: 无法加载模块:Img

[ 2015-07-26T14:46:58+08:00 ] ::1 /webprj/ecnu_mind/index.php/img/YES.png
INFO: [ app_init ] --START--
INFO: Run Behavior\BuildLiteBehavior [ RunTime:0.000000s ]
INFO: [ app_init ] --END-- [ RunTime:0.002000s ]
ERR: 无法加载模块:Img

[ 2015-07-26T14:47:00+08:00 ] ::1 /webprj/ecnu_mind/index.php/img/low.png
INFO: [ app_init ] --START--
INFO: Run Behavior\BuildLiteBehavior [ RunTime:0.000000s ]
INFO: [ app_init ] --END-- [ RunTime:0.002001s ]
ERR: 无法加载模块:Img

[ 2015-07-26T14:50:10+08:00 ] ::1 /webprj/ecnu_mind/index.php/img/YES.png
INFO: [ app_init ] --START--
INFO: Run Behavior\BuildLiteBehavior [ RunTime:0.000000s ]
INFO: [ app_init ] --END-- [ RunTime:0.001000s ]
ERR: 无法加载模块:Img

[ 2015-07-26T14:50:13+08:00 ] ::1 /webprj/ecnu_mind/index.php/img/low.png
INFO: [ app_init ] --START--
INFO: Run Behavior\BuildLiteBehavior [ RunTime:0.000000s ]
INFO: [ app_init ] --END-- [ RunTime:0.001000s ]
ERR: 无法加载模块:Img

[ 2015-07-26T14:54:47+08:00 ] ::1 /webprj/ecnu_mind/index.php/img/YES.png
INFO: [ app_init ] --START--
INFO: Run Behavior\BuildLiteBehavior [ RunTime:0.000000s ]
INFO: [ app_init ] --END-- [ RunTime:0.001000s ]
ERR: 无法加载模块:Img

[ 2015-07-26T14:54:48+08:00 ] ::1 /webprj/ecnu_mind/index.php/img/low.png
INFO: [ app_init ] --START--
INFO: Run Behavior\BuildLiteBehavior [ RunTime:0.001000s ]
INFO: [ app_init ] --END-- [ RunTime:0.002000s ]
ERR: 无法加载模块:Img

[ 2015-07-26T14:55:32+08:00 ] ::1 /webprj/ecnu_mind/index.php/img/YES.png
INFO: [ app_init ] --START--
INFO: Run Behavior\BuildLiteBehavior [ RunTime:0.001000s ]
INFO: [ app_init ] --END-- [ RunTime:0.003001s ]
ERR: 无法加载模块:Img

[ 2015-07-26T14:55:34+08:00 ] ::1 /webprj/ecnu_mind/index.php/img/low.png
INFO: [ app_init ] --START--
INFO: Run Behavior\BuildLiteBehavior [ RunTime:0.001000s ]
INFO: [ app_init ] --END-- [ RunTime:0.001000s ]
ERR: 无法加载模块:Img

[ 2015-07-26T14:57:19+08:00 ] ::1 /webprj/ecnu_mind/index.php/img/YES.png
INFO: [ app_init ] --START--
INFO: Run Behavior\BuildLiteBehavior [ RunTime:0.000000s ]
INFO: [ app_init ] --END-- [ RunTime:0.002000s ]
ERR: 无法加载模块:Img

[ 2015-07-26T14:57:21+08:00 ] ::1 /webprj/ecnu_mind/index.php/img/low.png
INFO: [ app_init ] --START--
INFO: Run Behavior\BuildLiteBehavior [ RunTime:0.000000s ]
INFO: [ app_init ] --END-- [ RunTime:0.002000s ]
ERR: 无法加载模块:Img

[ 2015-07-26T14:58:27+08:00 ] ::1 /webprj/ecnu_mind/index.php/img/YES.png
INFO: [ app_init ] --START--
INFO: Run Behavior\BuildLiteBehavior [ RunTime:0.001000s ]
INFO: [ app_init ] --END-- [ RunTime:0.001000s ]
ERR: 无法加载模块:Img

[ 2015-07-26T14:58:29+08:00 ] ::1 /webprj/ecnu_mind/index.php/img/low.png
INFO: [ app_init ] --START--
INFO: Run Behavior\BuildLiteBehavior [ RunTime:0.000000s ]
INFO: [ app_init ] --END-- [ RunTime:0.001000s ]
ERR: 无法加载模块:Img

[ 2015-07-26T15:05:33+08:00 ] ::1 /webprj/ecnu_mind/index.php/LoginSuccess/zding/
INFO: [ app_init ] --START--
INFO: Run Behavior\BuildLiteBehavior [ RunTime:0.000000s ]
INFO: [ app_init ] --END-- [ RunTime:0.001000s ]
ERR: 无法加载模块:LoginSuccess

[ 2015-07-26T15:13:33+08:00 ] ::1 /webprj/ecnu_mind/index.php/LoginSuccess/zding/
INFO: [ app_init ] --START--
INFO: Run Behavior\BuildLiteBehavior [ RunTime:0.000000s ]
INFO: [ app_init ] --END-- [ RunTime:0.002001s ]
ERR: 无法加载模块:LoginSuccess

[ 2015-07-26T15:13:46+08:00 ] ::1 /webprj/ecnu_mind/index.php/img/low.png
INFO: [ app_init ] --START--
INFO: Run Behavior\BuildLiteBehavior [ RunTime:0.000000s ]
INFO: [ app_init ] --END-- [ RunTime:0.002000s ]
ERR: 无法加载模块:Img

[ 2015-07-26T15:13:46+08:00 ] ::1 /webprj/ecnu_mind/index.php/img/YES.png
INFO: [ app_init ] --START--
INFO: Run Behavior\BuildLiteBehavior [ RunTime:0.000000s ]
INFO: [ app_init ] --END-- [ RunTime:0.002000s ]
ERR: 无法加载模块:Img

[ 2015-07-26T15:14:01+08:00 ] ::1 /webprj/ecnu_mind/index.php/img/YES.png
INFO: [ app_init ] --START--
INFO: Run Behavior\BuildLiteBehavior [ RunTime:0.000000s ]
INFO: [ app_init ] --END-- [ RunTime:0.002000s ]
ERR: 无法加载模块:Img

[ 2015-07-26T15:14:05+08:00 ] ::1 /webprj/ecnu_mind/index.php/img/low.png
INFO: [ app_init ] --START--
INFO: Run Behavior\BuildLiteBehavior [ RunTime:0.000000s ]
INFO: [ app_init ] --END-- [ RunTime:0.001000s ]
ERR: 无法加载模块:Img

[ 2015-07-26T15:16:24+08:00 ] ::1 /webprj/ecnu_mind/index.php/img/YES.png
INFO: [ app_init ] --START--
INFO: Run Behavior\BuildLiteBehavior [ RunTime:0.000000s ]
INFO: [ app_init ] --END-- [ RunTime:0.001000s ]
ERR: 无法加载模块:Img

[ 2015-07-26T15:16:26+08:00 ] ::1 /webprj/ecnu_mind/index.php/img/low.png
INFO: [ app_init ] --START--
INFO: Run Behavior\BuildLiteBehavior [ RunTime:0.000000s ]
INFO: [ app_init ] --END-- [ RunTime:0.001000s ]
ERR: 无法加载模块:Img

[ 2015-07-26T15:17:30+08:00 ] ::1 /webprj/ecnu_mind/index.php/img/low.png
INFO: [ app_init ] --START--
INFO: Run Behavior\BuildLiteBehavior [ RunTime:0.000000s ]
INFO: [ app_init ] --END-- [ RunTime:0.001000s ]
ERR: 无法加载模块:Img

[ 2015-07-26T15:17:30+08:00 ] ::1 /webprj/ecnu_mind/index.php/img/YES.png
INFO: [ app_init ] --START--
INFO: Run Behavior\BuildLiteBehavior [ RunTime:0.000000s ]
INFO: [ app_init ] --END-- [ RunTime:0.001000s ]
ERR: 无法加载模块:Img

[ 2015-07-26T15:17:30+08:00 ] ::1 /webprj/ecnu_mind/index.php/img/low.png
INFO: [ app_init ] --START--
INFO: Run Behavior\BuildLiteBehavior [ RunTime:0.000000s ]
INFO: [ app_init ] --END-- [ RunTime:0.002000s ]
ERR: 无法加载模块:Img

[ 2015-07-26T15:17:30+08:00 ] ::1 /webprj/ecnu_mind/index.php/img/YES.png
INFO: [ app_init ] --START--
INFO: Run Behavior\BuildLiteBehavior [ RunTime:0.000000s ]
INFO: [ app_init ] --END-- [ RunTime:0.002000s ]
ERR: 无法加载模块:Img

[ 2015-07-26T15:17:52+08:00 ] ::1 /webprj/ecnu_mind/index.php/img/YES.png
INFO: [ app_init ] --START--
INFO: Run Behavior\BuildLiteBehavior [ RunTime:0.000000s ]
INFO: [ app_init ] --END-- [ RunTime:0.002000s ]
ERR: 无法加载模块:Img

[ 2015-07-26T15:17:52+08:00 ] ::1 /webprj/ecnu_mind/index.php/img/YES.png
INFO: [ app_init ] --START--
INFO: Run Behavior\BuildLiteBehavior [ RunTime:0.001000s ]
INFO: [ app_init ] --END-- [ RunTime:0.001000s ]
ERR: 无法加载模块:Img

[ 2015-07-26T15:17:54+08:00 ] ::1 /webprj/ecnu_mind/index.php/img/low.png
INFO: [ app_init ] --START--
INFO: Run Behavior\BuildLiteBehavior [ RunTime:0.000000s ]
INFO: [ app_init ] --END-- [ RunTime:0.002000s ]
ERR: 无法加载模块:Img

[ 2015-07-26T15:18:58+08:00 ] ::1 /webprj/ecnu_mind/index.php/img/YES.png
INFO: [ app_init ] --START--
INFO: Run Behavior\BuildLiteBehavior [ RunTime:0.000000s ]
INFO: [ app_init ] --END-- [ RunTime:0.002000s ]
ERR: 无法加载模块:Img

[ 2015-07-26T15:18:58+08:00 ] ::1 /webprj/ecnu_mind/index.php/img/YES.png
INFO: [ app_init ] --START--
INFO: Run Behavior\BuildLiteBehavior [ RunTime:0.001000s ]
INFO: [ app_init ] --END-- [ RunTime:0.001000s ]
ERR: 无法加载模块:Img

[ 2015-07-26T15:18:59+08:00 ] ::1 /webprj/ecnu_mind/index.php/img/low.png
INFO: [ app_init ] --START--
INFO: Run Behavior\BuildLiteBehavior [ RunTime:0.000000s ]
INFO: [ app_init ] --END-- [ RunTime:0.002000s ]
ERR: 无法加载模块:Img

[ 2015-07-26T15:26:17+08:00 ] ::1 /webprj/ecnu_mind/index.php/img/YES.png
INFO: [ app_init ] --START--
INFO: Run Behavior\BuildLiteBehavior [ RunTime:0.000000s ]
INFO: [ app_init ] --END-- [ RunTime:0.002000s ]
ERR: 无法加载模块:Img

[ 2015-07-26T15:26:19+08:00 ] ::1 /webprj/ecnu_mind/index.php/img/low.png
INFO: [ app_init ] --START--
INFO: Run Behavior\BuildLiteBehavior [ RunTime:0.000000s ]
INFO: [ app_init ] --END-- [ RunTime:0.001000s ]
ERR: 无法加载模块:Img

[ 2015-07-26T15:26:53+08:00 ] ::1 /webprj/ecnu_mind/index.php/img/YES.png
INFO: [ app_init ] --START--
INFO: Run Behavior\BuildLiteBehavior [ RunTime:0.000000s ]
INFO: [ app_init ] --END-- [ RunTime:0.001000s ]
ERR: 无法加载模块:Img

[ 2015-07-26T15:26:54+08:00 ] ::1 /webprj/ecnu_mind/index.php/img/low.png
INFO: [ app_init ] --START--
INFO: Run Behavior\BuildLiteBehavior [ RunTime:0.000000s ]
INFO: [ app_init ] --END-- [ RunTime:0.002000s ]
ERR: 无法加载模块:Img

[ 2015-07-26T15:28:09+08:00 ] ::1 /webprj/ecnu_mind/index.php/img/YES.png
INFO: [ app_init ] --START--
INFO: Run Behavior\BuildLiteBehavior [ RunTime:0.000000s ]
INFO: [ app_init ] --END-- [ RunTime:0.002000s ]
ERR: 无法加载模块:Img

[ 2015-07-26T15:28:10+08:00 ] ::1 /webprj/ecnu_mind/index.php/img/low.png
INFO: [ app_init ] --START--
INFO: Run Behavior\BuildLiteBehavior [ RunTime:0.000000s ]
INFO: [ app_init ] --END-- [ RunTime:0.002000s ]
ERR: 无法加载模块:Img

[ 2015-07-26T15:30:24+08:00 ] ::1 /webprj/ecnu_mind/index.php/img/YES.png
INFO: [ app_init ] --START--
INFO: Run Behavior\BuildLiteBehavior [ RunTime:0.000000s ]
INFO: [ app_init ] --END-- [ RunTime:0.001000s ]
ERR: 无法加载模块:Img

[ 2015-07-26T15:30:24+08:00 ] ::1 /webprj/ecnu_mind/index.php/img/low.png
INFO: [ app_init ] --START--
INFO: Run Behavior\BuildLiteBehavior [ RunTime:0.000000s ]
INFO: [ app_init ] --END-- [ RunTime:0.001000s ]
ERR: 无法加载模块:Img

[ 2015-07-26T15:30:24+08:00 ] ::1 /webprj/ecnu_mind/index.php/img/low.png
INFO: [ app_init ] --START--
INFO: Run Behavior\BuildLiteBehavior [ RunTime:0.000000s ]
INFO: [ app_init ] --END-- [ RunTime:0.002000s ]
ERR: 无法加载模块:Img

[ 2015-07-26T15:30:24+08:00 ] ::1 /webprj/ecnu_mind/index.php/img/YES.png
INFO: [ app_init ] --START--
INFO: Run Behavior\BuildLiteBehavior [ RunTime:0.000000s ]
INFO: [ app_init ] --END-- [ RunTime:0.002000s ]
ERR: 无法加载模块:Img

[ 2015-07-26T15:31:35+08:00 ] ::1 /webprj/ecnu_mind/index.php/img/low.png
INFO: [ app_init ] --START--
INFO: Run Behavior\BuildLiteBehavior [ RunTime:0.000000s ]
INFO: [ app_init ] --END-- [ RunTime:0.001000s ]
ERR: 无法加载模块:Img

[ 2015-07-26T15:31:35+08:00 ] ::1 /webprj/ecnu_mind/index.php/img/YES.png
INFO: [ app_init ] --START--
INFO: Run Behavior\BuildLiteBehavior [ RunTime:0.000000s ]
INFO: [ app_init ] --END-- [ RunTime:0.001000s ]
ERR: 无法加载模块:Img

[ 2015-07-26T15:31:36+08:00 ] ::1 /webprj/ecnu_mind/index.php/img/YES.png
INFO: [ app_init ] --START--
INFO: Run Behavior\BuildLiteBehavior [ RunTime:0.000000s ]
INFO: [ app_init ] --END-- [ RunTime:0.001000s ]
ERR: 无法加载模块:Img

[ 2015-07-26T15:31:36+08:00 ] ::1 /webprj/ecnu_mind/index.php/img/low.png
INFO: [ app_init ] --START--
INFO: Run Behavior\BuildLiteBehavior [ RunTime:0.000000s ]
INFO: [ app_init ] --END-- [ RunTime:0.002000s ]
ERR: 无法加载模块:Img

[ 2015-07-26T15:33:45+08:00 ] ::1 /webprj/ecnu_mind/index.php/img/YES.png
INFO: [ app_init ] --START--
INFO: Run Behavior\BuildLiteBehavior [ RunTime:0.001000s ]
INFO: [ app_init ] --END-- [ RunTime:0.001000s ]
ERR: 无法加载模块:Img

[ 2015-07-26T15:33:45+08:00 ] ::1 /webprj/ecnu_mind/index.php/img/YES.png
INFO: [ app_init ] --START--
INFO: Run Behavior\BuildLiteBehavior [ RunTime:0.000000s ]
INFO: [ app_init ] --END-- [ RunTime:0.001000s ]
ERR: 无法加载模块:Img

[ 2015-07-26T15:33:47+08:00 ] ::1 /webprj/ecnu_mind/index.php/img/low.png
INFO: [ app_init ] --START--
INFO: Run Behavior\BuildLiteBehavior [ RunTime:0.000000s ]
INFO: [ app_init ] --END-- [ RunTime:0.002000s ]
ERR: 无法加载模块:Img

[ 2015-07-26T15:58:19+08:00 ] ::1 /webprj/ecnu_mind/index.php/LoginSuccess/zding/
INFO: [ app_init ] --START--
INFO: Run Behavior\BuildLiteBehavior [ RunTime:0.000000s ]
INFO: [ app_init ] --END-- [ RunTime:0.002000s ]
ERR: 无法加载模块:LoginSuccess

